<?xml version="1.0"?>
<suiteResults>
  <FitNesseVersion>v20161106</FitNesseVersion>
  <rootPath>EduAndroidAuto.TestSuite.5AppCenter</rootPath>
  <pageHistoryReference>
    <name>EduAndroidAuto.TestSuite.5AppCenter.5-11JiaBoFJ</name>
    <date>2018-11-14T14:32:52+08:00</date>
    <pageHistoryLink>EduAndroidAuto.TestSuite.5AppCenter.5-11JiaBoFJ?pageHistory&amp;resultDate=20181114143252</pageHistoryLink>
    <counts>
      <right>5</right>
      <wrong>0</wrong>
      <ignores>0</ignores>
      <exceptions>0</exceptions>
    </counts>
    <runTimeInMillis>90262</runTimeInMillis>
  </pageHistoryReference>
  <pageHistoryReference>
    <name>EduAndroidAuto.TestSuite.5AppCenter.5-12YuZhiTongTch</name>
    <date>2018-11-14T14:34:22+08:00</date>
    <pageHistoryLink>EduAndroidAuto.TestSuite.5AppCenter.5-12YuZhiTongTch?pageHistory&amp;resultDate=20181114143422</pageHistoryLink>
    <counts>
      <right>5</right>
      <wrong>0</wrong>
      <ignores>0</ignores>
      <exceptions>0</exceptions>
    </counts>
    <runTimeInMillis>97530</runTimeInMillis>
  </pageHistoryReference>
  <pageHistoryReference>
    <name>EduAndroidAuto.TestSuite.5AppCenter.5-13XueTongSXTch</name>
    <date>2018-11-14T14:36:00+08:00</date>
    <pageHistoryLink>EduAndroidAuto.TestSuite.5AppCenter.5-13XueTongSXTch?pageHistory&amp;resultDate=20181114143600</pageHistoryLink>
    <counts>
      <right>1</right>
      <wrong>3</wrong>
      <ignores>0</ignores>
      <exceptions>2</exceptions>
    </counts>
    <runTimeInMillis>1808373</runTimeInMillis>
  </pageHistoryReference>
  <pageHistoryReference>
    <name>EduAndroidAuto.TestSuite.5AppCenter.5-14HuDongZWSXTch</name>
    <date>2018-11-14T15:06:08+08:00</date>
    <pageHistoryLink>EduAndroidAuto.TestSuite.5AppCenter.5-14HuDongZWSXTch?pageHistory&amp;resultDate=20181114150608</pageHistoryLink>
    <counts>
      <right>1</right>
      <wrong>3</wrong>
      <ignores>0</ignores>
      <exceptions>3</exceptions>
    </counts>
    <runTimeInMillis>6126</runTimeInMillis>
  </pageHistoryReference>
  <pageHistoryReference>
    <name>EduAndroidAuto.TestSuite.5AppCenter.5-15MiaoBiZW</name>
    <date>2018-11-14T15:06:14+08:00</date>
    <pageHistoryLink>EduAndroidAuto.TestSuite.5AppCenter.5-15MiaoBiZW?pageHistory&amp;resultDate=20181114150614</pageHistoryLink>
    <counts>
      <right>2</right>
      <wrong>16</wrong>
      <ignores>0</ignores>
      <exceptions>3</exceptions>
    </counts>
    <runTimeInMillis>6130</runTimeInMillis>
  </pageHistoryReference>
  <pageHistoryReference>
    <name>EduAndroidAuto.TestSuite.5AppCenter.5-17XueTongSX</name>
    <date>2018-11-14T15:06:21+08:00</date>
    <pageHistoryLink>EduAndroidAuto.TestSuite.5AppCenter.5-17XueTongSX?pageHistory&amp;resultDate=20181114150621</pageHistoryLink>
    <counts>
      <right>3</right>
      <wrong>24</wrong>
      <ignores>0</ignores>
      <exceptions>3</exceptions>
    </counts>
    <runTimeInMillis>6125</runTimeInMillis>
  </pageHistoryReference>
  <pageHistoryReference>
    <name>EduAndroidAuto.TestSuite.5AppCenter.5-18HuDongZW</name>
    <date>2018-11-14T15:06:27+08:00</date>
    <pageHistoryLink>EduAndroidAuto.TestSuite.5AppCenter.5-18HuDongZW?pageHistory&amp;resultDate=20181114150627</pageHistoryLink>
    <counts>
      <right>3</right>
      <wrong>26</wrong>
      <ignores>0</ignores>
      <exceptions>3</exceptions>
    </counts>
    <runTimeInMillis>3112</runTimeInMillis>
  </pageHistoryReference>
  <executionLog>
    <testSystem>slim:fitnesse.slim.SlimService</testSystem>
    <command>"D:\Program Files\Java\jdk1.8.0_65\bin\java" -cp D:\Automation\AndEduAndroid\lib\fitnesse-standalone.jar;D:/Automation/AndEduAndroid/lib/java-client-1.2.1.jar;D:/Automation/AndEduAndroid/lib/junit-4.10.jar;D:/Automation/AndEduAndroid/lib/selenium-java-2.44.0.jar;D:/Automation/AndEduAndroid/lib/selenium-server-standalone-2.44.0.jar;D:/Automation/AndEduAndroid/lib/AutomationDriver.jar fitnesse.slim.SlimService 1</command>
    <exitCode>1</exitCode>
    <stdOut>=============================================================================================
======================================== Test Start =========================================
[Start App]
[Setup] Environment Init.
[Params] BrowserName = 
[Params] PlatformName = Android
[Params] DeviceName = 793QBDRJ2283V
[Params] UDID = 793QBDRJ2283V
[Params] PlatformVer = 7.0
[Params] Package = com.cmcc.andedu_phone
[Params] Activity = com.cmcc.andedu_phone.activity.guide.SplashActivity
[Params] Automation = uiautomator2
[Params] Appium URL = http://127.0.0.1:4723/wd/hub
[Params] Test Suite: 
[Params] Test Case: 
[Setup] Start Appium.
[Setup] Set ImplicitlyWait = 5s.
[Setup] Set Screen Shot Range.
[Start Point](0, 0)
[Size](1440, 2472)
[Screenshot Range] Screenshot Range Element = android:id/content
[Screenshot Range] Screenshot Start At (0,0)
[Screenshot Range] Screenshot Width = 1440
[Screenshot Range] Screenshot Height = 2472
[Click On Radio] --&gt; Ӧ��
[Assert Element Exists] By Label --&gt; Ӧ��
[Assert Element Exists] By Label &lt;-- FOUND!
[Assert Enable] AssertUIObjectEnabledByLabel --&gt; Ӧ��
[Wait 2 Seconds]
[Open App In App Center With Bottom] &gt;&gt;&gt; �Ӳ��ּ��Ķ�
[swipeToFindTextViewAndClickOn(): Function In]
[Assert Element Exists] By Label --&gt; �Ӳ��ּ��Ķ�
An element could not be located on the page using the given search parameters. (WARNING: The server did not provide any stacktrace information)
Command duration or timeout: 3.00 seconds
For documentation on this error, please visit: http://seleniumhq.org/exceptions/no_such_element.html
Build info: version: '2.44.0', revision: '76d78cf', time: '2014-10-23 20:03:00'
System info: host: 'LAPTOP-J4LST1G3', ip: '10.2.84.94', os.name: 'Windows 10', os.arch: 'amd64', os.version: '10.0', java.version: '1.8.0_65'
Driver info: io.appium.java_client.AppiumDriver
Capabilities [{appPackage=com.cmcc.andedu_phone, statBarHeight=88, noReset=true, viewportRect={top=88, left=0, width=1440, height=2472}, deviceName=793QBDRJ2283V, platform=LINUX, deviceUDID=793QBDRJ2283V, desired={appPackage=com.cmcc.andedu_phone, appActivity=com.cmcc.andedu_phone.activity.guide.SplashActivity, recreateChromeDriverSessions=True, noReset=true, platformVersion=7.0, automationName=uiautomator2, browserName=, unicodeKeyboard=true, platformName=Android, udid=793QBDRJ2283V, deviceName=793QBDRJ2283V, resetKeyboard=true}, platformVersion=7.0, webStorageEnabled=false, automationName=uiautomator2, takesScreenshot=true, browserName=, javascriptEnabled=true, unicodeKeyboard=true, platformName=Android, udid=793QBDRJ2283V, deviceManufacturer=Meizu, deviceApiLevel=24, resetKeyboard=true, deviceScreenSize=1440x2560, networkConnectionEnabled=true, recreateChromeDriverSessions=True, warnings={}, databaseEnabled=false, appActivity=com.cmcc.andedu_phone.activity.guide.SplashActivity, pixelRatio=4, locationContextEnabled=false, deviceScreenDensity=640, deviceModel=PRO 7 Plus}]
Session ID: d0b63832-e1f2-4355-9c49-470479b62038
[swipeToFindTextViewAndClickOn(): execute in while]
[Swipe to UP]
[Assert Element Exists] By Label --&gt; �����Ƽ�
An element could not be located on the page using the given search parameters. (WARNING: The server did not provide any stacktrace information)
Command duration or timeout: 2.25 seconds
For documentation on this error, please visit: http://seleniumhq.org/exceptions/no_such_element.html
Build info: version: '2.44.0', revision: '76d78cf', time: '2014-10-23 20:03:00'
System info: host: 'LAPTOP-J4LST1G3', ip: '10.2.84.94', os.name: 'Windows 10', os.arch: 'amd64', os.version: '10.0', java.version: '1.8.0_65'
Driver info: io.appium.java_client.AppiumDriver
Capabilities [{appPackage=com.cmcc.andedu_phone, statBarHeight=88, noReset=true, viewportRect={top=88, left=0, width=1440, height=2472}, deviceName=793QBDRJ2283V, platform=LINUX, deviceUDID=793QBDRJ2283V, desired={appPackage=com.cmcc.andedu_phone, appActivity=com.cmcc.andedu_phone.activity.guide.SplashActivity, recreateChromeDriverSessions=True, noReset=true, platformVersion=7.0, automationName=uiautomator2, browserName=, unicodeKeyboard=true, platformName=Android, udid=793QBDRJ2283V, deviceName=793QBDRJ2283V, resetKeyboard=true}, platformVersion=7.0, webStorageEnabled=false, automationName=uiautomator2, takesScreenshot=true, browserName=, javascriptEnabled=true, unicodeKeyboard=true, platformName=Android, udid=793QBDRJ2283V, deviceManufacturer=Meizu, deviceApiLevel=24, resetKeyboard=true, deviceScreenSize=1440x2560, networkConnectionEnabled=true, recreateChromeDriverSessions=True, warnings={}, databaseEnabled=false, appActivity=com.cmcc.andedu_phone.activity.guide.SplashActivity, pixelRatio=4, locationContextEnabled=false, deviceScreenDensity=640, deviceModel=PRO 7 Plus}]
Session ID: d0b63832-e1f2-4355-9c49-470479b62038
[swipeToFindTextViewAndClickOn(): Swipe once]
[Assert Element Exists] By Label --&gt; �Ӳ��ּ��Ķ�
An element could not be located on the page using the given search parameters. (WARNING: The server did not provide any stacktrace information)
Command duration or timeout: 2.32 seconds
For documentation on this error, please visit: http://seleniumhq.org/exceptions/no_such_element.html
Build info: version: '2.44.0', revision: '76d78cf', time: '2014-10-23 20:03:00'
System info: host: 'LAPTOP-J4LST1G3', ip: '10.2.84.94', os.name: 'Windows 10', os.arch: 'amd64', os.version: '10.0', java.version: '1.8.0_65'
Driver info: io.appium.java_client.AppiumDriver
Capabilities [{appPackage=com.cmcc.andedu_phone, statBarHeight=88, noReset=true, viewportRect={top=88, left=0, width=1440, height=2472}, deviceName=793QBDRJ2283V, platform=LINUX, deviceUDID=793QBDRJ2283V, desired={appPackage=com.cmcc.andedu_phone, appActivity=com.cmcc.andedu_phone.activity.guide.SplashActivity, recreateChromeDriverSessions=True, noReset=true, platformVersion=7.0, automationName=uiautomator2, browserName=, unicodeKeyboard=true, platformName=Android, udid=793QBDRJ2283V, deviceName=793QBDRJ2283V, resetKeyboard=true}, platformVersion=7.0, webStorageEnabled=false, automationName=uiautomator2, takesScreenshot=true, browserName=, javascriptEnabled=true, unicodeKeyboard=true, platformName=Android, udid=793QBDRJ2283V, deviceManufacturer=Meizu, deviceApiLevel=24, resetKeyboard=true, deviceScreenSize=1440x2560, networkConnectionEnabled=true, recreateChromeDriverSessions=True, warnings={}, databaseEnabled=false, appActivity=com.cmcc.andedu_phone.activity.guide.SplashActivity, pixelRatio=4, locationContextEnabled=false, deviceScreenDensity=640, deviceModel=PRO 7 Plus}]
Session ID: d0b63832-e1f2-4355-9c49-470479b62038
[swipeToFindTextViewAndClickOn(): execute in while]
[Swipe to UP]
[Assert Element Exists] By Label --&gt; �����Ƽ�
An element could not be located on the page using the given search parameters. (WARNING: The server did not provide any stacktrace information)
Command duration or timeout: 2.42 seconds
For documentation on this error, please visit: http://seleniumhq.org/exceptions/no_such_element.html
Build info: version: '2.44.0', revision: '76d78cf', time: '2014-10-23 20:03:00'
System info: host: 'LAPTOP-J4LST1G3', ip: '10.2.84.94', os.name: 'Windows 10', os.arch: 'amd64', os.version: '10.0', java.version: '1.8.0_65'
Driver info: io.appium.java_client.AppiumDriver
Capabilities [{appPackage=com.cmcc.andedu_phone, statBarHeight=88, noReset=true, viewportRect={top=88, left=0, width=1440, height=2472}, deviceName=793QBDRJ2283V, platform=LINUX, deviceUDID=793QBDRJ2283V, desired={appPackage=com.cmcc.andedu_phone, appActivity=com.cmcc.andedu_phone.activity.guide.SplashActivity, recreateChromeDriverSessions=True, noReset=true, platformVersion=7.0, automationName=uiautomator2, browserName=, unicodeKeyboard=true, platformName=Android, udid=793QBDRJ2283V, deviceName=793QBDRJ2283V, resetKeyboard=true}, platformVersion=7.0, webStorageEnabled=false, automationName=uiautomator2, takesScreenshot=true, browserName=, javascriptEnabled=true, unicodeKeyboard=true, platformName=Android, udid=793QBDRJ2283V, deviceManufacturer=Meizu, deviceApiLevel=24, resetKeyboard=true, deviceScreenSize=1440x2560, networkConnectionEnabled=true, recreateChromeDriverSessions=True, warnings={}, databaseEnabled=false, appActivity=com.cmcc.andedu_phone.activity.guide.SplashActivity, pixelRatio=4, locationContextEnabled=false, deviceScreenDensity=640, deviceModel=PRO 7 Plus}]
Session ID: d0b63832-e1f2-4355-9c49-470479b62038
[swipeToFindTextViewAndClickOn(): Swipe once]
[Assert Element Exists] By Label --&gt; �Ӳ��ּ��Ķ�
An element could not be located on the page using the given search parameters. (WARNING: The server did not provide any stacktrace information)
Command duration or timeout: 2.03 seconds
For documentation on this error, please visit: http://seleniumhq.org/exceptions/no_such_element.html
Build info: version: '2.44.0', revision: '76d78cf', time: '2014-10-23 20:03:00'
System info: host: 'LAPTOP-J4LST1G3', ip: '10.2.84.94', os.name: 'Windows 10', os.arch: 'amd64', os.version: '10.0', java.version: '1.8.0_65'
Driver info: io.appium.java_client.AppiumDriver
Capabilities [{appPackage=com.cmcc.andedu_phone, statBarHeight=88, noReset=true, viewportRect={top=88, left=0, width=1440, height=2472}, deviceName=793QBDRJ2283V, platform=LINUX, deviceUDID=793QBDRJ2283V, desired={appPackage=com.cmcc.andedu_phone, appActivity=com.cmcc.andedu_phone.activity.guide.SplashActivity, recreateChromeDriverSessions=True, noReset=true, platformVersion=7.0, automationName=uiautomator2, browserName=, unicodeKeyboard=true, platformName=Android, udid=793QBDRJ2283V, deviceName=793QBDRJ2283V, resetKeyboard=true}, platformVersion=7.0, webStorageEnabled=false, automationName=uiautomator2, takesScreenshot=true, browserName=, javascriptEnabled=true, unicodeKeyboard=true, platformName=Android, udid=793QBDRJ2283V, deviceManufacturer=Meizu, deviceApiLevel=24, resetKeyboard=true, deviceScreenSize=1440x2560, networkConnectionEnabled=true, recreateChromeDriverSessions=True, warnings={}, databaseEnabled=false, appActivity=com.cmcc.andedu_phone.activity.guide.SplashActivity, pixelRatio=4, locationContextEnabled=false, deviceScreenDensity=640, deviceModel=PRO 7 Plus}]
Session ID: d0b63832-e1f2-4355-9c49-470479b62038
[swipeToFindTextViewAndClickOn(): execute in while]
[Swipe to UP]
[Assert Element Exists] By Label --&gt; �����Ƽ�
An element could not be located on the page using the given search parameters. (WARNING: The server did not provide any stacktrace information)
Command duration or timeout: 2.39 seconds
For documentation on this error, please visit: http://seleniumhq.org/exceptions/no_such_element.html
Build info: version: '2.44.0', revision: '76d78cf', time: '2014-10-23 20:03:00'
System info: host: 'LAPTOP-J4LST1G3', ip: '10.2.84.94', os.name: 'Windows 10', os.arch: 'amd64', os.version: '10.0', java.version: '1.8.0_65'
Driver info: io.appium.java_client.AppiumDriver
Capabilities [{appPackage=com.cmcc.andedu_phone, statBarHeight=88, noReset=true, viewportRect={top=88, left=0, width=1440, height=2472}, deviceName=793QBDRJ2283V, platform=LINUX, deviceUDID=793QBDRJ2283V, desired={appPackage=com.cmcc.andedu_phone, appActivity=com.cmcc.andedu_phone.activity.guide.SplashActivity, recreateChromeDriverSessions=True, noReset=true, platformVersion=7.0, automationName=uiautomator2, browserName=, unicodeKeyboard=true, platformName=Android, udid=793QBDRJ2283V, deviceName=793QBDRJ2283V, resetKeyboard=true}, platformVersion=7.0, webStorageEnabled=false, automationName=uiautomator2, takesScreenshot=true, browserName=, javascriptEnabled=true, unicodeKeyboard=true, platformName=Android, udid=793QBDRJ2283V, deviceManufacturer=Meizu, deviceApiLevel=24, resetKeyboard=true, deviceScreenSize=1440x2560, networkConnectionEnabled=true, recreateChromeDriverSessions=True, warnings={}, databaseEnabled=false, appActivity=com.cmcc.andedu_phone.activity.guide.SplashActivity, pixelRatio=4, locationContextEnabled=false, deviceScreenDensity=640, deviceModel=PRO 7 Plus}]
Session ID: d0b63832-e1f2-4355-9c49-470479b62038
[swipeToFindTextViewAndClickOn(): Swipe once]
[Assert Element Exists] By Label --&gt; �Ӳ��ּ��Ķ�
An element could not be located on the page using the given search parameters. (WARNING: The server did not provide any stacktrace information)
Command duration or timeout: 2.29 seconds
For documentation on this error, please visit: http://seleniumhq.org/exceptions/no_such_element.html
Build info: version: '2.44.0', revision: '76d78cf', time: '2014-10-23 20:03:00'
System info: host: 'LAPTOP-J4LST1G3', ip: '10.2.84.94', os.name: 'Windows 10', os.arch: 'amd64', os.version: '10.0', java.version: '1.8.0_65'
Driver info: io.appium.java_client.AppiumDriver
Capabilities [{appPackage=com.cmcc.andedu_phone, statBarHeight=88, noReset=true, viewportRect={top=88, left=0, width=1440, height=2472}, deviceName=793QBDRJ2283V, platform=LINUX, deviceUDID=793QBDRJ2283V, desired={appPackage=com.cmcc.andedu_phone, appActivity=com.cmcc.andedu_phone.activity.guide.SplashActivity, recreateChromeDriverSessions=True, noReset=true, platformVersion=7.0, automationName=uiautomator2, browserName=, unicodeKeyboard=true, platformName=Android, udid=793QBDRJ2283V, deviceName=793QBDRJ2283V, resetKeyboard=true}, platformVersion=7.0, webStorageEnabled=false, automationName=uiautomator2, takesScreenshot=true, browserName=, javascriptEnabled=true, unicodeKeyboard=true, platformName=Android, udid=793QBDRJ2283V, deviceManufacturer=Meizu, deviceApiLevel=24, resetKeyboard=true, deviceScreenSize=1440x2560, networkConnectionEnabled=true, recreateChromeDriverSessions=True, warnings={}, databaseEnabled=false, appActivity=com.cmcc.andedu_phone.activity.guide.SplashActivity, pixelRatio=4, locationContextEnabled=false, deviceScreenDensity=640, deviceModel=PRO 7 Plus}]
Session ID: d0b63832-e1f2-4355-9c49-470479b62038
[swipeToFindTextViewAndClickOn(): execute in while]
[Swipe to UP]
[Assert Element Exists] By Label --&gt; �����Ƽ�
An element could not be located on the page using the given search parameters. (WARNING: The server did not provide any stacktrace information)
Command duration or timeout: 2.47 seconds
For documentation on this error, please visit: http://seleniumhq.org/exceptions/no_such_element.html
Build info: version: '2.44.0', revision: '76d78cf', time: '2014-10-23 20:03:00'
System info: host: 'LAPTOP-J4LST1G3', ip: '10.2.84.94', os.name: 'Windows 10', os.arch: 'amd64', os.version: '10.0', java.version: '1.8.0_65'
Driver info: io.appium.java_client.AppiumDriver
Capabilities [{appPackage=com.cmcc.andedu_phone, statBarHeight=88, noReset=true, viewportRect={top=88, left=0, width=1440, height=2472}, deviceName=793QBDRJ2283V, platform=LINUX, deviceUDID=793QBDRJ2283V, desired={appPackage=com.cmcc.andedu_phone, appActivity=com.cmcc.andedu_phone.activity.guide.SplashActivity, recreateChromeDriverSessions=True, noReset=true, platformVersion=7.0, automationName=uiautomator2, browserName=, unicodeKeyboard=true, platformName=Android, udid=793QBDRJ2283V, deviceName=793QBDRJ2283V, resetKeyboard=true}, platformVersion=7.0, webStorageEnabled=false, automationName=uiautomator2, takesScreenshot=true, browserName=, javascriptEnabled=true, unicodeKeyboard=true, platformName=Android, udid=793QBDRJ2283V, deviceManufacturer=Meizu, deviceApiLevel=24, resetKeyboard=true, deviceScreenSize=1440x2560, networkConnectionEnabled=true, recreateChromeDriverSessions=True, warnings={}, databaseEnabled=false, appActivity=com.cmcc.andedu_phone.activity.guide.SplashActivity, pixelRatio=4, locationContextEnabled=false, deviceScreenDensity=640, deviceModel=PRO 7 Plus}]
Session ID: d0b63832-e1f2-4355-9c49-470479b62038
[swipeToFindTextViewAndClickOn(): Swipe once]
[Assert Element Exists] By Label --&gt; �Ӳ��ּ��Ķ�
[Assert Element Exists] By Label &lt;-- FOUND!
[swipeToFindTextViewAndClickOn(): End while]
[Assert Element Exists] By Label --&gt; �Ӳ��ּ��Ķ�
[Assert Element Exists] By Label &lt;-- FOUND!
[Wait 3 Seconds]
[Click On Textview] --&gt; ����Ӧ��
[Assert Element Exists] By Label --&gt; ����Ӧ��
[Assert Element Exists] By Label &lt;-- FOUND!
[Wait 10 Seconds]
[Switch To Webview]
[Set Webview --&gt; WEBVIEW_com.cmcc.andedu_phone ]
[Wait 10 Seconds]
[Get Text Of] --&gt; (//span[@class='am-navbar-label'])[1]
[Assert Element Exists] By XPATH --&gt; (//span[@class='am-navbar-label'])[1]
[Assert Element Exists] By XPATH &lt;-- FOUND!
[Close App]
========================================= Test End ==========================================
=============================================================================================
=============================================================================================
======================================== Test Start =========================================
[Start App]
[Setup] Environment Init.
[Params] BrowserName = 
[Params] PlatformName = Android
[Params] DeviceName = 793QBDRJ2283V
[Params] UDID = 793QBDRJ2283V
[Params] PlatformVer = 7.0
[Params] Package = com.cmcc.andedu_phone
[Params] Activity = com.cmcc.andedu_phone.activity.guide.SplashActivity
[Params] Automation = uiautomator2
[Params] Appium URL = http://127.0.0.1:4723/wd/hub
[Params] Test Suite: 
[Params] Test Case: 
[Setup] Start Appium.
[Setup] Set ImplicitlyWait = 5s.
[Setup] Set Screen Shot Range.
[Start Point](0, 0)
[Size](1440, 2560)
[Screenshot Range] Screenshot Range Element = android:id/content
[Screenshot Range] Screenshot Start At (0,0)
[Screenshot Range] Screenshot Width = 1440
[Screenshot Range] Screenshot Height = 2560
[Click On Radio] --&gt; Ӧ��
[Assert Element Exists] By Label --&gt; Ӧ��
[Assert Element Exists] By Label &lt;-- FOUND!
[Assert Enable] AssertUIObjectEnabledByLabel --&gt; Ӧ��
[Wait 2 Seconds]
[Open App In App Center With Bottom] &gt;&gt;&gt; ����ͨ��ʦ��
[swipeToFindTextViewAndClickOn(): Function In]
[Assert Element Exists] By Label --&gt; ����ͨ��ʦ��
An element could not be located on the page using the given search parameters. (WARNING: The server did not provide any stacktrace information)
Command duration or timeout: 2.22 seconds
For documentation on this error, please visit: http://seleniumhq.org/exceptions/no_such_element.html
Build info: version: '2.44.0', revision: '76d78cf', time: '2014-10-23 20:03:00'
System info: host: 'LAPTOP-J4LST1G3', ip: '10.2.84.94', os.name: 'Windows 10', os.arch: 'amd64', os.version: '10.0', java.version: '1.8.0_65'
Driver info: io.appium.java_client.AppiumDriver
Capabilities [{appPackage=com.cmcc.andedu_phone, statBarHeight=88, noReset=true, viewportRect={top=88, left=0, width=1440, height=2472}, deviceName=793QBDRJ2283V, platform=LINUX, deviceUDID=793QBDRJ2283V, desired={appPackage=com.cmcc.andedu_phone, appActivity=com.cmcc.andedu_phone.activity.guide.SplashActivity, recreateChromeDriverSessions=True, noReset=true, platformVersion=7.0, automationName=uiautomator2, browserName=, unicodeKeyboard=true, platformName=Android, udid=793QBDRJ2283V, deviceName=793QBDRJ2283V, resetKeyboard=true}, platformVersion=7.0, webStorageEnabled=false, automationName=uiautomator2, takesScreenshot=true, browserName=, javascriptEnabled=true, unicodeKeyboard=true, platformName=Android, udid=793QBDRJ2283V, deviceManufacturer=Meizu, deviceApiLevel=24, resetKeyboard=true, deviceScreenSize=1440x2560, networkConnectionEnabled=true, recreateChromeDriverSessions=True, warnings={}, databaseEnabled=false, appActivity=com.cmcc.andedu_phone.activity.guide.SplashActivity, pixelRatio=4, locationContextEnabled=false, deviceScreenDensity=640, deviceModel=PRO 7 Plus}]
Session ID: 9402bca4-0b41-494a-8139-5d9dff675465
[swipeToFindTextViewAndClickOn(): execute in while]
[Swipe to UP]
[Assert Element Exists] By Label --&gt; �����Ƽ�
An element could not be located on the page using the given search parameters. (WARNING: The server did not provide any stacktrace information)
Command duration or timeout: 2.18 seconds
For documentation on this error, please visit: http://seleniumhq.org/exceptions/no_such_element.html
Build info: version: '2.44.0', revision: '76d78cf', time: '2014-10-23 20:03:00'
System info: host: 'LAPTOP-J4LST1G3', ip: '10.2.84.94', os.name: 'Windows 10', os.arch: 'amd64', os.version: '10.0', java.version: '1.8.0_65'
Driver info: io.appium.java_client.AppiumDriver
Capabilities [{appPackage=com.cmcc.andedu_phone, statBarHeight=88, noReset=true, viewportRect={top=88, left=0, width=1440, height=2472}, deviceName=793QBDRJ2283V, platform=LINUX, deviceUDID=793QBDRJ2283V, desired={appPackage=com.cmcc.andedu_phone, appActivity=com.cmcc.andedu_phone.activity.guide.SplashActivity, recreateChromeDriverSessions=True, noReset=true, platformVersion=7.0, automationName=uiautomator2, browserName=, unicodeKeyboard=true, platformName=Android, udid=793QBDRJ2283V, deviceName=793QBDRJ2283V, resetKeyboard=true}, platformVersion=7.0, webStorageEnabled=false, automationName=uiautomator2, takesScreenshot=true, browserName=, javascriptEnabled=true, unicodeKeyboard=true, platformName=Android, udid=793QBDRJ2283V, deviceManufacturer=Meizu, deviceApiLevel=24, resetKeyboard=true, deviceScreenSize=1440x2560, networkConnectionEnabled=true, recreateChromeDriverSessions=True, warnings={}, databaseEnabled=false, appActivity=com.cmcc.andedu_phone.activity.guide.SplashActivity, pixelRatio=4, locationContextEnabled=false, deviceScreenDensity=640, deviceModel=PRO 7 Plus}]
Session ID: 9402bca4-0b41-494a-8139-5d9dff675465
[swipeToFindTextViewAndClickOn(): Swipe once]
[Assert Element Exists] By Label --&gt; ����ͨ��ʦ��
An element could not be located on the page using the given search parameters. (WARNING: The server did not provide any stacktrace information)
Command duration or timeout: 2.09 seconds
For documentation on this error, please visit: http://seleniumhq.org/exceptions/no_such_element.html
Build info: version: '2.44.0', revision: '76d78cf', time: '2014-10-23 20:03:00'
System info: host: 'LAPTOP-J4LST1G3', ip: '10.2.84.94', os.name: 'Windows 10', os.arch: 'amd64', os.version: '10.0', java.version: '1.8.0_65'
Driver info: io.appium.java_client.AppiumDriver
Capabilities [{appPackage=com.cmcc.andedu_phone, statBarHeight=88, noReset=true, viewportRect={top=88, left=0, width=1440, height=2472}, deviceName=793QBDRJ2283V, platform=LINUX, deviceUDID=793QBDRJ2283V, desired={appPackage=com.cmcc.andedu_phone, appActivity=com.cmcc.andedu_phone.activity.guide.SplashActivity, recreateChromeDriverSessions=True, noReset=true, platformVersion=7.0, automationName=uiautomator2, browserName=, unicodeKeyboard=true, platformName=Android, udid=793QBDRJ2283V, deviceName=793QBDRJ2283V, resetKeyboard=true}, platformVersion=7.0, webStorageEnabled=false, automationName=uiautomator2, takesScreenshot=true, browserName=, javascriptEnabled=true, unicodeKeyboard=true, platformName=Android, udid=793QBDRJ2283V, deviceManufacturer=Meizu, deviceApiLevel=24, resetKeyboard=true, deviceScreenSize=1440x2560, networkConnectionEnabled=true, recreateChromeDriverSessions=True, warnings={}, databaseEnabled=false, appActivity=com.cmcc.andedu_phone.activity.guide.SplashActivity, pixelRatio=4, locationContextEnabled=false, deviceScreenDensity=640, deviceModel=PRO 7 Plus}]
Session ID: 9402bca4-0b41-494a-8139-5d9dff675465
[swipeToFindTextViewAndClickOn(): execute in while]
[Swipe to UP]
[Assert Element Exists] By Label --&gt; �����Ƽ�
An element could not be located on the page using the given search parameters. (WARNING: The server did not provide any stacktrace information)
Command duration or timeout: 2.40 seconds
For documentation on this error, please visit: http://seleniumhq.org/exceptions/no_such_element.html
Build info: version: '2.44.0', revision: '76d78cf', time: '2014-10-23 20:03:00'
System info: host: 'LAPTOP-J4LST1G3', ip: '10.2.84.94', os.name: 'Windows 10', os.arch: 'amd64', os.version: '10.0', java.version: '1.8.0_65'
Driver info: io.appium.java_client.AppiumDriver
Capabilities [{appPackage=com.cmcc.andedu_phone, statBarHeight=88, noReset=true, viewportRect={top=88, left=0, width=1440, height=2472}, deviceName=793QBDRJ2283V, platform=LINUX, deviceUDID=793QBDRJ2283V, desired={appPackage=com.cmcc.andedu_phone, appActivity=com.cmcc.andedu_phone.activity.guide.SplashActivity, recreateChromeDriverSessions=True, noReset=true, platformVersion=7.0, automationName=uiautomator2, browserName=, unicodeKeyboard=true, platformName=Android, udid=793QBDRJ2283V, deviceName=793QBDRJ2283V, resetKeyboard=true}, platformVersion=7.0, webStorageEnabled=false, automationName=uiautomator2, takesScreenshot=true, browserName=, javascriptEnabled=true, unicodeKeyboard=true, platformName=Android, udid=793QBDRJ2283V, deviceManufacturer=Meizu, deviceApiLevel=24, resetKeyboard=true, deviceScreenSize=1440x2560, networkConnectionEnabled=true, recreateChromeDriverSessions=True, warnings={}, databaseEnabled=false, appActivity=com.cmcc.andedu_phone.activity.guide.SplashActivity, pixelRatio=4, locationContextEnabled=false, deviceScreenDensity=640, deviceModel=PRO 7 Plus}]
Session ID: 9402bca4-0b41-494a-8139-5d9dff675465
[swipeToFindTextViewAndClickOn(): Swipe once]
[Assert Element Exists] By Label --&gt; ����ͨ��ʦ��
An element could not be located on the page using the given search parameters. (WARNING: The server did not provide any stacktrace information)
Command duration or timeout: 3.02 seconds
For documentation on this error, please visit: http://seleniumhq.org/exceptions/no_such_element.html
Build info: version: '2.44.0', revision: '76d78cf', time: '2014-10-23 20:03:00'
System info: host: 'LAPTOP-J4LST1G3', ip: '10.2.84.94', os.name: 'Windows 10', os.arch: 'amd64', os.version: '10.0', java.version: '1.8.0_65'
Driver info: io.appium.java_client.AppiumDriver
Capabilities [{appPackage=com.cmcc.andedu_phone, statBarHeight=88, noReset=true, viewportRect={top=88, left=0, width=1440, height=2472}, deviceName=793QBDRJ2283V, platform=LINUX, deviceUDID=793QBDRJ2283V, desired={appPackage=com.cmcc.andedu_phone, appActivity=com.cmcc.andedu_phone.activity.guide.SplashActivity, recreateChromeDriverSessions=True, noReset=true, platformVersion=7.0, automationName=uiautomator2, browserName=, unicodeKeyboard=true, platformName=Android, udid=793QBDRJ2283V, deviceName=793QBDRJ2283V, resetKeyboard=true}, platformVersion=7.0, webStorageEnabled=false, automationName=uiautomator2, takesScreenshot=true, browserName=, javascriptEnabled=true, unicodeKeyboard=true, platformName=Android, udid=793QBDRJ2283V, deviceManufacturer=Meizu, deviceApiLevel=24, resetKeyboard=true, deviceScreenSize=1440x2560, networkConnectionEnabled=true, recreateChromeDriverSessions=True, warnings={}, databaseEnabled=false, appActivity=com.cmcc.andedu_phone.activity.guide.SplashActivity, pixelRatio=4, locationContextEnabled=false, deviceScreenDensity=640, deviceModel=PRO 7 Plus}]
Session ID: 9402bca4-0b41-494a-8139-5d9dff675465
[swipeToFindTextViewAndClickOn(): execute in while]
[Swipe to UP]
[Assert Element Exists] By Label --&gt; �����Ƽ�
An element could not be located on the page using the given search parameters. (WARNING: The server did not provide any stacktrace information)
Command duration or timeout: 2.51 seconds
For documentation on this error, please visit: http://seleniumhq.org/exceptions/no_such_element.html
Build info: version: '2.44.0', revision: '76d78cf', time: '2014-10-23 20:03:00'
System info: host: 'LAPTOP-J4LST1G3', ip: '10.2.84.94', os.name: 'Windows 10', os.arch: 'amd64', os.version: '10.0', java.version: '1.8.0_65'
Driver info: io.appium.java_client.AppiumDriver
Capabilities [{appPackage=com.cmcc.andedu_phone, statBarHeight=88, noReset=true, viewportRect={top=88, left=0, width=1440, height=2472}, deviceName=793QBDRJ2283V, platform=LINUX, deviceUDID=793QBDRJ2283V, desired={appPackage=com.cmcc.andedu_phone, appActivity=com.cmcc.andedu_phone.activity.guide.SplashActivity, recreateChromeDriverSessions=True, noReset=true, platformVersion=7.0, automationName=uiautomator2, browserName=, unicodeKeyboard=true, platformName=Android, udid=793QBDRJ2283V, deviceName=793QBDRJ2283V, resetKeyboard=true}, platformVersion=7.0, webStorageEnabled=false, automationName=uiautomator2, takesScreenshot=true, browserName=, javascriptEnabled=true, unicodeKeyboard=true, platformName=Android, udid=793QBDRJ2283V, deviceManufacturer=Meizu, deviceApiLevel=24, resetKeyboard=true, deviceScreenSize=1440x2560, networkConnectionEnabled=true, recreateChromeDriverSessions=True, warnings={}, databaseEnabled=false, appActivity=com.cmcc.andedu_phone.activity.guide.SplashActivity, pixelRatio=4, locationContextEnabled=false, deviceScreenDensity=640, deviceModel=PRO 7 Plus}]
Session ID: 9402bca4-0b41-494a-8139-5d9dff675465
[swipeToFindTextViewAndClickOn(): Swipe once]
[Assert Element Exists] By Label --&gt; ����ͨ��ʦ��
An element could not be located on the page using the given search parameters. (WARNING: The server did not provide any stacktrace information)
Command duration or timeout: 2.04 seconds
For documentation on this error, please visit: http://seleniumhq.org/exceptions/no_such_element.html
Build info: version: '2.44.0', revision: '76d78cf', time: '2014-10-23 20:03:00'
System info: host: 'LAPTOP-J4LST1G3', ip: '10.2.84.94', os.name: 'Windows 10', os.arch: 'amd64', os.version: '10.0', java.version: '1.8.0_65'
Driver info: io.appium.java_client.AppiumDriver
Capabilities [{appPackage=com.cmcc.andedu_phone, statBarHeight=88, noReset=true, viewportRect={top=88, left=0, width=1440, height=2472}, deviceName=793QBDRJ2283V, platform=LINUX, deviceUDID=793QBDRJ2283V, desired={appPackage=com.cmcc.andedu_phone, appActivity=com.cmcc.andedu_phone.activity.guide.SplashActivity, recreateChromeDriverSessions=True, noReset=true, platformVersion=7.0, automationName=uiautomator2, browserName=, unicodeKeyboard=true, platformName=Android, udid=793QBDRJ2283V, deviceName=793QBDRJ2283V, resetKeyboard=true}, platformVersion=7.0, webStorageEnabled=false, automationName=uiautomator2, takesScreenshot=true, browserName=, javascriptEnabled=true, unicodeKeyboard=true, platformName=Android, udid=793QBDRJ2283V, deviceManufacturer=Meizu, deviceApiLevel=24, resetKeyboard=true, deviceScreenSize=1440x2560, networkConnectionEnabled=true, recreateChromeDriverSessions=True, warnings={}, databaseEnabled=false, appActivity=com.cmcc.andedu_phone.activity.guide.SplashActivity, pixelRatio=4, locationContextEnabled=false, deviceScreenDensity=640, deviceModel=PRO 7 Plus}]
Session ID: 9402bca4-0b41-494a-8139-5d9dff675465
[swipeToFindTextViewAndClickOn(): execute in while]
[Swipe to UP]
[Assert Element Exists] By Label --&gt; �����Ƽ�
An element could not be located on the page using the given search parameters. (WARNING: The server did not provide any stacktrace information)
Command duration or timeout: 2.06 seconds
For documentation on this error, please visit: http://seleniumhq.org/exceptions/no_such_element.html
Build info: version: '2.44.0', revision: '76d78cf', time: '2014-10-23 20:03:00'
System info: host: 'LAPTOP-J4LST1G3', ip: '10.2.84.94', os.name: 'Windows 10', os.arch: 'amd64', os.version: '10.0', java.version: '1.8.0_65'
Driver info: io.appium.java_client.AppiumDriver
Capabilities [{appPackage=com.cmcc.andedu_phone, statBarHeight=88, noReset=true, viewportRect={top=88, left=0, width=1440, height=2472}, deviceName=793QBDRJ2283V, platform=LINUX, deviceUDID=793QBDRJ2283V, desired={appPackage=com.cmcc.andedu_phone, appActivity=com.cmcc.andedu_phone.activity.guide.SplashActivity, recreateChromeDriverSessions=True, noReset=true, platformVersion=7.0, automationName=uiautomator2, browserName=, unicodeKeyboard=true, platformName=Android, udid=793QBDRJ2283V, deviceName=793QBDRJ2283V, resetKeyboard=true}, platformVersion=7.0, webStorageEnabled=false, automationName=uiautomator2, takesScreenshot=true, browserName=, javascriptEnabled=true, unicodeKeyboard=true, platformName=Android, udid=793QBDRJ2283V, deviceManufacturer=Meizu, deviceApiLevel=24, resetKeyboard=true, deviceScreenSize=1440x2560, networkConnectionEnabled=true, recreateChromeDriverSessions=True, warnings={}, databaseEnabled=false, appActivity=com.cmcc.andedu_phone.activity.guide.SplashActivity, pixelRatio=4, locationContextEnabled=false, deviceScreenDensity=640, deviceModel=PRO 7 Plus}]
Session ID: 9402bca4-0b41-494a-8139-5d9dff675465
[swipeToFindTextViewAndClickOn(): Swipe once]
[Assert Element Exists] By Label --&gt; ����ͨ��ʦ��
An element could not be located on the page using the given search parameters. (WARNING: The server did not provide any stacktrace information)
Command duration or timeout: 2.07 seconds
For documentation on this error, please visit: http://seleniumhq.org/exceptions/no_such_element.html
Build info: version: '2.44.0', revision: '76d78cf', time: '2014-10-23 20:03:00'
System info: host: 'LAPTOP-J4LST1G3', ip: '10.2.84.94', os.name: 'Windows 10', os.arch: 'amd64', os.version: '10.0', java.version: '1.8.0_65'
Driver info: io.appium.java_client.AppiumDriver
Capabilities [{appPackage=com.cmcc.andedu_phone, statBarHeight=88, noReset=true, viewportRect={top=88, left=0, width=1440, height=2472}, deviceName=793QBDRJ2283V, platform=LINUX, deviceUDID=793QBDRJ2283V, desired={appPackage=com.cmcc.andedu_phone, appActivity=com.cmcc.andedu_phone.activity.guide.SplashActivity, recreateChromeDriverSessions=True, noReset=true, platformVersion=7.0, automationName=uiautomator2, browserName=, unicodeKeyboard=true, platformName=Android, udid=793QBDRJ2283V, deviceName=793QBDRJ2283V, resetKeyboard=true}, platformVersion=7.0, webStorageEnabled=false, automationName=uiautomator2, takesScreenshot=true, browserName=, javascriptEnabled=true, unicodeKeyboard=true, platformName=Android, udid=793QBDRJ2283V, deviceManufacturer=Meizu, deviceApiLevel=24, resetKeyboard=true, deviceScreenSize=1440x2560, networkConnectionEnabled=true, recreateChromeDriverSessions=True, warnings={}, databaseEnabled=false, appActivity=com.cmcc.andedu_phone.activity.guide.SplashActivity, pixelRatio=4, locationContextEnabled=false, deviceScreenDensity=640, deviceModel=PRO 7 Plus}]
Session ID: 9402bca4-0b41-494a-8139-5d9dff675465
[swipeToFindTextViewAndClickOn(): execute in while]
[Swipe to UP]
[Assert Element Exists] By Label --&gt; �����Ƽ�
An element could not be located on the page using the given search parameters. (WARNING: The server did not provide any stacktrace information)
Command duration or timeout: 2.57 seconds
For documentation on this error, please visit: http://seleniumhq.org/exceptions/no_such_element.html
Build info: version: '2.44.0', revision: '76d78cf', time: '2014-10-23 20:03:00'
System info: host: 'LAPTOP-J4LST1G3', ip: '10.2.84.94', os.name: 'Windows 10', os.arch: 'amd64', os.version: '10.0', java.version: '1.8.0_65'
Driver info: io.appium.java_client.AppiumDriver
Capabilities [{appPackage=com.cmcc.andedu_phone, statBarHeight=88, noReset=true, viewportRect={top=88, left=0, width=1440, height=2472}, deviceName=793QBDRJ2283V, platform=LINUX, deviceUDID=793QBDRJ2283V, desired={appPackage=com.cmcc.andedu_phone, appActivity=com.cmcc.andedu_phone.activity.guide.SplashActivity, recreateChromeDriverSessions=True, noReset=true, platformVersion=7.0, automationName=uiautomator2, browserName=, unicodeKeyboard=true, platformName=Android, udid=793QBDRJ2283V, deviceName=793QBDRJ2283V, resetKeyboard=true}, platformVersion=7.0, webStorageEnabled=false, automationName=uiautomator2, takesScreenshot=true, browserName=, javascriptEnabled=true, unicodeKeyboard=true, platformName=Android, udid=793QBDRJ2283V, deviceManufacturer=Meizu, deviceApiLevel=24, resetKeyboard=true, deviceScreenSize=1440x2560, networkConnectionEnabled=true, recreateChromeDriverSessions=True, warnings={}, databaseEnabled=false, appActivity=com.cmcc.andedu_phone.activity.guide.SplashActivity, pixelRatio=4, locationContextEnabled=false, deviceScreenDensity=640, deviceModel=PRO 7 Plus}]
Session ID: 9402bca4-0b41-494a-8139-5d9dff675465
[swipeToFindTextViewAndClickOn(): Swipe once]
[Assert Element Exists] By Label --&gt; ����ͨ��ʦ��
[Assert Element Exists] By Label &lt;-- FOUND!
[swipeToFindTextViewAndClickOn(): End while]
[Assert Element Exists] By Label --&gt; ����ͨ��ʦ��
[Assert Element Exists] By Label &lt;-- FOUND!
[Wait 3 Seconds]
[Click On Textview] --&gt; ����Ӧ��
[Assert Element Exists] By Label --&gt; ����Ӧ��
[Assert Element Exists] By Label &lt;-- FOUND!
[Wait 10 Seconds]
[Switch To Webview]
[Set Webview --&gt; WEBVIEW_com.cmcc.andedu_phone ]
[Wait 10 Seconds]
[Get Text Of] --&gt; //button[@class='set-work']
[Assert Element Exists] By XPATH --&gt; //button[@class='set-work']
[Assert Element Exists] By XPATH &lt;-- FOUND!
[Close App]
========================================= Test End ==========================================
=============================================================================================
=============================================================================================
======================================== Test Start =========================================
[Start App]
[Setup] Environment Init.
[Params] BrowserName = 
[Params] PlatformName = Android
[Params] DeviceName = 793QBDRJ2283V
[Params] UDID = 793QBDRJ2283V
[Params] PlatformVer = 7.0
[Params] Package = com.cmcc.andedu_phone
[Params] Activity = com.cmcc.andedu_phone.activity.guide.SplashActivity
[Params] Automation = uiautomator2
[Params] Appium URL = http://127.0.0.1:4723/wd/hub
[Params] Test Suite: 
[Params] Test Case: 
[Setup] Start Appium.
[Setup] Set ImplicitlyWait = 5s.
[Setup] Set Screen Shot Range.
[Screenshot Range] Exception: Error communicating with the remote browser. It may have died.
Build info: version: '2.44.0', revision: '76d78cf', time: '2014-10-23 20:03:00'
System info: host: 'LAPTOP-J4LST1G3', ip: '10.2.84.94', os.name: 'Windows 10', os.arch: 'amd64', os.version: '10.0', java.version: '1.8.0_65'
Driver info: driver.version: AppDriver
[Screenshot Range] Set default range to full screen.
[Click On Radio] --&gt; Ӧ��
[Assert Element Exists] By Label --&gt; Ӧ��
[Assert Element Exists] By ID --&gt; Ӧ��
getCurrentDateStamp��[2018-11-14]
getCurrentDateTimeWithoutFormat��[20181114150606]
Error communicating with the remote browser. It may have died.
Build info: version: '2.44.0', revision: '76d78cf', time: '2014-10-23 20:03:00'
System info: host: 'LAPTOP-J4LST1G3', ip: '10.2.84.94', os.name: 'Windows 10', os.arch: 'amd64', os.version: '10.0', java.version: '1.8.0_65'
Driver info: driver.version: AppDriver
[Wait Seconds] Step was skipped!
[Open App In App Center With Bottom] Step was skipped!
[Wait Seconds] Step was skipped!
[Click On Textview] Step was skipped!
[Wait Seconds] Step was skipped!
[Switch To Webview] Step was skipped!
[Wait Seconds] Step was skipped!
[Get Text Of] Step was skipped!
[Close App]
========================================= Test End ==========================================
=============================================================================================
=============================================================================================
======================================== Test Start =========================================
[Start App]
[Setup] Environment Init.
[Params] BrowserName = 
[Params] PlatformName = Android
[Params] DeviceName = 793QBDRJ2283V
[Params] UDID = 793QBDRJ2283V
[Params] PlatformVer = 7.0
[Params] Package = com.cmcc.andedu_phone
[Params] Activity = com.cmcc.andedu_phone.activity.guide.SplashActivity
[Params] Automation = uiautomator2
[Params] Appium URL = http://127.0.0.1:4723/wd/hub
[Params] Test Suite: 
[Params] Test Case: 
[Setup] Start Appium.
[Click On Radio] --&gt; Ӧ��
[Assert Element Exists] By Label --&gt; Ӧ��
[Assert Element Exists] By ID --&gt; Ӧ��
getCurrentDateStamp��[2018-11-14]
getCurrentDateTimeWithoutFormat��[20181114150612]
Error communicating with the remote browser. It may have died.
Build info: version: '2.44.0', revision: '76d78cf', time: '2014-10-23 20:03:00'
System info: host: 'LAPTOP-J4LST1G3', ip: '10.2.84.94', os.name: 'Windows 10', os.arch: 'amd64', os.version: '10.0', java.version: '1.8.0_65'
Driver info: driver.version: AppDriver
[Wait Seconds] Step was skipped!
[Open App In App Center With Bottom] Step was skipped!
[Wait Seconds] Step was skipped!
[Click On Textview] Step was skipped!
[Wait Seconds] Step was skipped!
[Switch To Webview] Step was skipped!
[Wait Seconds] Step was skipped!
[Get Text Of] Step was skipped!
[Close App]
========================================= Test End ==========================================
=============================================================================================
=============================================================================================
======================================== Test Start =========================================
[Start App]
[Setup] Environment Init.
[Params] BrowserName = 
[Params] PlatformName = Android
[Params] DeviceName = 793QBDRJ2283V
[Params] UDID = 793QBDRJ2283V
[Params] PlatformVer = 7.0
[Params] Package = com.cmcc.andedu_phone
[Params] Activity = com.cmcc.andedu_phone.activity.guide.SplashActivity
[Params] Automation = uiautomator2
[Params] Appium URL = http://127.0.0.1:4723/wd/hub
[Params] Test Suite: 
[Params] Test Case: 
[Setup] Start Appium.
[Click On Radio] --&gt; Ӧ��
[Assert Element Exists] By Label --&gt; Ӧ��
[Assert Element Exists] By ID --&gt; Ӧ��
getCurrentDateStamp��[2018-11-14]
getCurrentDateTimeWithoutFormat��[20181114150618]
Error communicating with the remote browser. It may have died.
Build info: version: '2.44.0', revision: '76d78cf', time: '2014-10-23 20:03:00'
System info: host: 'LAPTOP-J4LST1G3', ip: '10.2.84.94', os.name: 'Windows 10', os.arch: 'amd64', os.version: '10.0', java.version: '1.8.0_65'
Driver info: driver.version: AppDriver
[Wait Seconds] Step was skipped!
[Open App In App Center With Bottom] Step was skipped!
[Wait Seconds] Step was skipped!
[Click On Textview] Step was skipped!
[Wait Seconds] Step was skipped!
[Switch To Webview] Step was skipped!
[Wait Seconds] Step was skipped!
[Click On] Step was skipped!
[Wait Seconds] Step was skipped!
[Click On] Step was skipped!
[Wait Seconds] Step was skipped!
[Click On] Step was skipped!
[Wait Seconds] Step was skipped!
[Click On] Step was skipped!
[Wait Seconds] Step was skipped!
[Click On] Step was skipped!
[Wait Seconds] Step was skipped!
[Wait For Element Present] Step was skipped!
[Wait Seconds] Step was skipped!
[Switch To Native] Step was skipped!
[Wait Seconds] Step was skipped!
[Click On Imageview] Step was skipped!
[Wait Seconds] Step was skipped!
[Click On Imageview] Step was skipped!
[Wait Seconds] Step was skipped!
[Click On Imageview] Step was skipped!
[Wait Seconds] Step was skipped!
[Switch To Webview] Step was skipped!
[Wait Seconds] Step was skipped!
[Click On] Step was skipped!
[Wait Seconds] Step was skipped!
[Click On] Step was skipped!
[Wait Seconds] Step was skipped!
[Click On] Step was skipped!
[Wait Seconds] Step was skipped!
[Wait For Element Enabled] Step was skipped!
[Close App]
========================================= Test End ==========================================
=============================================================================================
=============================================================================================
======================================== Test Start =========================================
[Start App]
[Setup] Environment Init.
[Params] BrowserName = 
[Params] PlatformName = Android
[Params] DeviceName = 793QBDRJ2283V
[Params] UDID = 793QBDRJ2283V
[Params] PlatformVer = 7.0
[Params] Package = com.cmcc.andedu_phone
[Params] Activity = com.cmcc.andedu_phone.activity.guide.SplashActivity
[Params] Automation = uiautomator2
[Params] Appium URL = http://127.0.0.1:4723/wd/hub
[Params] Test Suite: 
[Params] Test Case: 
[Setup] Start Appium.
[Click On Radio] --&gt; Ӧ��
[Assert Element Exists] By Label --&gt; Ӧ��
[Assert Element Exists] By ID --&gt; Ӧ��
getCurrentDateStamp��[2018-11-14]
getCurrentDateTimeWithoutFormat��[20181114150625]
Error communicating with the remote browser. It may have died.
Build info: version: '2.44.0', revision: '76d78cf', time: '2014-10-23 20:03:00'
System info: host: 'LAPTOP-J4LST1G3', ip: '10.2.84.94', os.name: 'Windows 10', os.arch: 'amd64', os.version: '10.0', java.version: '1.8.0_65'
Driver info: driver.version: AppDriver
[Wait Seconds] Step was skipped!
[Open App In App Center With Bottom] Step was skipped!
[Wait Seconds] Step was skipped!
[Click On Textview] Step was skipped!
[Wait Seconds] Step was skipped!
[Switch To Webview] Step was skipped!
[Wait Seconds] Step was skipped!
[Switch To Native] Step was skipped!
[Wait Seconds] Step was skipped!
[Click On Textview] Step was skipped!
[Wait Seconds] Step was skipped!
[Click On Textview] Step was skipped!
[Wait Seconds] Step was skipped!
[Click On Textview] Step was skipped!
[Wait Seconds] Step was skipped!
[Switch To Webview] Step was skipped!
[Wait Seconds] Step was skipped!
[Wait For Element Enabled] Step was skipped!
[Wait Seconds] Step was skipped!
[Click On] Step was skipped!
[Wait Seconds] Step was skipped!
[Wait For Element Enabled] Step was skipped!
[Wait Seconds] Step was skipped!
[Click On] Step was skipped!
[Wait Seconds] Step was skipped!
[Click On] Step was skipped!
[Wait Seconds] Step was skipped!
[Wait For Element Present] Step was skipped!
[Wait Seconds] Step was skipped!
[Switch To Native] Step was skipped!
[Wait Seconds] Step was skipped!
[Click On Imageview] Step was skipped!
[Wait Seconds] Step was skipped!
[Click On Imageview] Step was skipped!
[Wait Seconds] Step was skipped!
[Click On Imageview] Step was skipped!
[Wait Seconds] Step was skipped!
[Switch To Webview] Step was skipped!
[Wait For Element Enabled] Step was skipped!
[Click On] Step was skipped!
[Wait Seconds] Step was skipped!
[Wait For Element Enabled] Step was skipped!
[Click On] Step was skipped!
[Wait Seconds] Step was skipped!
[Wait For Element Enabled] Step was skipped!
[Click On] Step was skipped!
[Wait Seconds] Step was skipped!
[Click On] Step was skipped!
[Wait Seconds] Step was skipped!
[Wait For Element Enabled] Step was skipped!
[Close App]
========================================= Test End ==========================================
=============================================================================================
=============================================================================================
======================================== Test Start =========================================
[Start App]
[Setup] Environment Init.
[Params] BrowserName = 
[Params] PlatformName = Android
[Params] DeviceName = 793QBDRJ2283V
[Params] UDID = 793QBDRJ2283V
[Params] PlatformVer = 7.0
[Params] Package = com.cmcc.andedu_phone
[Params] Activity = com.cmcc.andedu_phone.activity.guide.SplashActivity
[Params] Automation = uiautomator2
[Params] Appium URL = http://127.0.0.1:4723/wd/hub
[Params] Test Suite: 
[Params] Test Case: 
[Setup] Start Appium.
[Click On Radio] --&gt; Ӧ��
[Assert Element Exists] By Label --&gt; Ӧ��
[Assert Element Exists] By ID --&gt; Ӧ��
getCurrentDateStamp��[2018-11-14]
getCurrentDateTimeWithoutFormat��[20181114150630]
A session is either terminated or not started (WARNING: The server did not provide any stacktrace information)
Command duration or timeout: 10 milliseconds
Build info: version: '2.44.0', revision: '76d78cf', time: '2014-10-23 20:03:00'
System info: host: 'LAPTOP-J4LST1G3', ip: '10.2.84.94', os.name: 'Windows 10', os.arch: 'amd64', os.version: '10.0', java.version: '1.8.0_65'
Driver info: io.appium.java_client.AppiumDriver
Capabilities [{appPackage=com.cmcc.andedu_phone, statBarHeight=88, noReset=true, viewportRect={top=88, left=0, width=1440, height=2472}, deviceName=793QBDRJ2283V, platform=LINUX, deviceUDID=793QBDRJ2283V, desired={appPackage=com.cmcc.andedu_phone, appActivity=com.cmcc.andedu_phone.activity.guide.SplashActivity, recreateChromeDriverSessions=True, noReset=true, platformVersion=7.0, automationName=uiautomator2, browserName=, unicodeKeyboard=true, platformName=Android, udid=793QBDRJ2283V, deviceName=793QBDRJ2283V, resetKeyboard=true}, platformVersion=7.0, webStorageEnabled=false, automationName=uiautomator2, takesScreenshot=true, browserName=, javascriptEnabled=true, unicodeKeyboard=true, platformName=Android, udid=793QBDRJ2283V, deviceManufacturer=Meizu, deviceApiLevel=24, resetKeyboard=true, deviceScreenSize=1440x2560, networkConnectionEnabled=true, recreateChromeDriverSessions=True, warnings={}, databaseEnabled=false, appActivity=com.cmcc.andedu_phone.activity.guide.SplashActivity, pixelRatio=4, locationContextEnabled=false, deviceScreenDensity=640, deviceModel=PRO 7 Plus}]
Session ID: 1afb0985-c758-4dfa-96ac-e15b888c5edb
[Wait Seconds] Step was skipped!
[Open App In App Center With Bottom] Step was skipped!
[Wait Seconds] Step was skipped!
[Click On Textview] Step was skipped!
[Wait Seconds] Step was skipped!
[Switch To Webview] Step was skipped!
[Wait Seconds] Step was skipped!
[Switch To Native] Step was skipped!
[Wait Seconds] Step was skipped!
[Click On Textview] Step was skipped!
[Wait Seconds] Step was skipped!
[Click On Textview] Step was skipped!
[Wait Seconds] Step was skipped!
[Click On Textview] Step was skipped!
[Wait Seconds] Step was skipped!
[Switch To Webview] Step was skipped!
[Wait For Element Enabled] Step was skipped!
[Click On] Step was skipped!
[Wait Seconds] Step was skipped!
[Wait For Element Enabled] Step was skipped!
[Click On] Step was skipped!
[Wait Seconds] Step was skipped!
[Wait For Element Enabled] Step was skipped!
[Click On] Step was skipped!
[Wait Seconds] Step was skipped!
[Click On] Step was skipped!
[Wait Seconds] Step was skipped!
[Wait For Element Present] Step was skipped!
[Wait Seconds] Step was skipped!
[Switch To Native] Step was skipped!
[Wait Seconds] Step was skipped!
[Click On Imageview] Step was skipped!
[Wait Seconds] Step was skipped!
[Click On Imageview] Step was skipped!
[Wait Seconds] Step was skipped!
[Click On Imageview] Step was skipped!
[Wait Seconds] Step was skipped!
[Switch To Webview] Step was skipped!
[Wait For Element Enabled] Step was skipped!
[Click On] Step was skipped!
[Wait Seconds] Step was skipped!
[Wait For Element Enabled] Step was skipped!
[Click On] Step was skipped!
[Wait Seconds] Step was skipped!
[Wait For Element Enabled] Step was skipped!
[Click On] Step was skipped!
[Wait Seconds] Step was skipped!
[Click On] Step was skipped!
[Wait Seconds] Step was skipped!
[Wait For Element Enabled] Step was skipped!
[Close App]
========================================= Test End ==========================================
=============================================================================================
=============================================================================================
======================================== Test Start =========================================
[Start App]
[Setup] Environment Init.
[Params] BrowserName = 
[Params] PlatformName = Android
[Params] DeviceName = 793QBDRJ2283V
[Params] UDID = 793QBDRJ2283V
[Params] PlatformVer = 7.0
[Params] Package = com.cmcc.andedu_phone
[Params] Activity = com.cmcc.andedu_phone.activity.guide.SplashActivity
[Params] Automation = uiautomator2
[Params] Appium URL = http://127.0.0.1:4723/wd/hub
[Params] Test Suite: 
[Params] Test Case: 
[Setup] Start Appium.
[Setup] Set ImplicitlyWait = 5s.
[Setup] Set Screen Shot Range.
[Start Point](0, 0)
[Size](1440, 2472)
[Screenshot Range] Screenshot Range Element = android:id/content
[Screenshot Range] Screenshot Start At (0,0)
[Screenshot Range] Screenshot Width = 1440
[Screenshot Range] Screenshot Height = 2472
[Click On Radio] --&gt; Ӧ��
[Assert Element Exists] By Label --&gt; Ӧ��
[Assert Element Exists] By Label &lt;-- FOUND!
[Assert Enable] AssertUIObjectEnabledByLabel --&gt; Ӧ��
[Wait 2 Seconds]
</stdOut>
    <stdErr>ʮһ�� 14, 2018 2:38:27 ���� org.apache.http.impl.execchain.RetryExec execute
��Ϣ: I/O exception (org.apache.http.NoHttpResponseException) caught when processing request to {}-&gt;http://127.0.0.1:4723: The target server failed to respond

ʮһ�� 14, 2018 2:38:27 ���� org.apache.http.impl.execchain.RetryExec execute
��Ϣ: Retrying request to {}-&gt;http://127.0.0.1:4723

ʮһ�� 14, 2018 2:48:27 ���� org.apache.http.impl.execchain.RetryExec execute
��Ϣ: I/O exception (org.apache.http.NoHttpResponseException) caught when processing request to {}-&gt;http://127.0.0.1:4723: The target server failed to respond

ʮһ�� 14, 2018 2:48:27 ���� org.apache.http.impl.execchain.RetryExec execute
��Ϣ: Retrying request to {}-&gt;http://127.0.0.1:4723

ʮһ�� 14, 2018 2:58:27 ���� org.apache.http.impl.execchain.RetryExec execute
��Ϣ: I/O exception (org.apache.http.NoHttpResponseException) caught when processing request to {}-&gt;http://127.0.0.1:4723: The target server failed to respond

ʮһ�� 14, 2018 2:58:27 ���� org.apache.http.impl.execchain.RetryExec execute
��Ϣ: Retrying request to {}-&gt;http://127.0.0.1:4723

org.openqa.selenium.remote.UnreachableBrowserException: Error communicating with the remote browser. It may have died.
Build info: version: '2.44.0', revision: '76d78cf', time: '2014-10-23 20:03:00'
System info: host: 'LAPTOP-J4LST1G3', ip: '10.2.84.94', os.name: 'Windows 10', os.arch: 'amd64', os.version: '10.0', java.version: '1.8.0_65'
Driver info: driver.version: AppDriver
	at org.openqa.selenium.remote.RemoteWebDriver.execute(RemoteWebDriver.java:593)
	at io.appium.java_client.AppiumDriver.execute(AppiumDriver.java:81)
	at org.openqa.selenium.remote.RemoteWebElement.execute(RemoteWebElement.java:268)
	at org.openqa.selenium.remote.RemoteWebElement.getLocation(RemoteWebElement.java:332)
	at com.qt.AppDriver.Library.ScreenLibrary.setScreenshotRange(ScreenLibrary.java:234)
	at com.qt.AppDriver.Core.AppiumHelper.setUp(AppiumHelper.java:60)
	at com.qt.AppDriver.AppDriver.startApp(AppDriver.java:128)
	at sun.reflect.NativeMethodAccessorImpl.invoke0(Native Method)
	at sun.reflect.NativeMethodAccessorImpl.invoke(NativeMethodAccessorImpl.java:62)
	at sun.reflect.DelegatingMethodAccessorImpl.invoke(DelegatingMethodAccessorImpl.java:43)
	at java.lang.reflect.Method.invoke(Method.java:497)
	at fitnesse.slim.fixtureInteraction.DefaultInteraction.methodInvoke(DefaultInteraction.java:147)
	at fitnesse.slim.fixtureInteraction.DefaultInteraction.callMethod(DefaultInteraction.java:132)
	at fitnesse.slim.fixtureInteraction.DefaultInteraction.invokeMethod(DefaultInteraction.java:114)
	at fitnesse.slim.fixtureInteraction.DefaultInteraction.findAndInvoke(DefaultInteraction.java:92)
	at fitnesse.slim.MethodExecutor.findAndInvoke(MethodExecutor.java:18)
	at fitnesse.slim.FixtureMethodExecutor.execute(FixtureMethodExecutor.java:18)
	at fitnesse.slim.StatementExecutor.getMethodExecutionResult(StatementExecutor.java:130)
	at fitnesse.slim.StatementExecutor.call(StatementExecutor.java:103)
	at fitnesse.slim.instructions.CallInstruction.executeInternal(CallInstruction.java:35)
	at fitnesse.slim.instructions.Instruction.execute(Instruction.java:29)
	at fitnesse.slim.ListExecutor$Executive.executeStatement(ListExecutor.java:49)
	at fitnesse.slim.ListExecutor$Executive.executeStatements(ListExecutor.java:43)
	at fitnesse.slim.ListExecutor.execute(ListExecutor.java:85)
	at fitnesse.slim.SlimServer.executeInstructions(SlimServer.java:82)
	at fitnesse.slim.SlimServer.processOneSetOfInstructions(SlimServer.java:75)
	at fitnesse.slim.SlimServer.tryProcessInstructions(SlimServer.java:62)
	at fitnesse.slim.SlimServer.serve(SlimServer.java:47)
	at fitnesse.slim.SlimService.handle(SlimService.java:168)
	at fitnesse.slim.SlimService.acceptOne(SlimService.java:176)
	at fitnesse.slim.SlimService.accept(SlimService.java:138)
	at fitnesse.slim.SlimService.startWithFactory(SlimService.java:91)
	at fitnesse.slim.SlimService.main(SlimService.java:56)
Caused by: java.net.SocketException: Connection reset
	at java.net.SocketInputStream.read(SocketInputStream.java:209)
	at java.net.SocketInputStream.read(SocketInputStream.java:141)
	at org.apache.http.impl.io.SessionInputBufferImpl.streamRead(SessionInputBufferImpl.java:136)
	at org.apache.http.impl.io.SessionInputBufferImpl.fillBuffer(SessionInputBufferImpl.java:152)
	at org.apache.http.impl.io.SessionInputBufferImpl.readLine(SessionInputBufferImpl.java:270)
	at org.apache.http.impl.conn.DefaultHttpResponseParser.parseHead(DefaultHttpResponseParser.java:140)
	at org.apache.http.impl.conn.DefaultHttpResponseParser.parseHead(DefaultHttpResponseParser.java:57)
	at org.apache.http.impl.io.AbstractMessageParser.parse(AbstractMessageParser.java:260)
	at org.apache.http.impl.DefaultBHttpClientConnection.receiveResponseHeader(DefaultBHttpClientConnection.java:161)
	at org.apache.http.impl.conn.CPoolProxy.receiveResponseHeader(CPoolProxy.java:153)
	at org.apache.http.protocol.HttpRequestExecutor.doReceiveResponse(HttpRequestExecutor.java:271)
	at org.apache.http.protocol.HttpRequestExecutor.execute(HttpRequestExecutor.java:123)
	at org.apache.http.impl.execchain.MainClientExec.execute(MainClientExec.java:254)
	at org.apache.http.impl.execchain.ProtocolExec.execute(ProtocolExec.java:195)
	at org.apache.http.impl.execchain.RetryExec.execute(RetryExec.java:86)
	at org.apache.http.impl.execchain.RedirectExec.execute(RedirectExec.java:108)
	at org.apache.http.impl.client.InternalHttpClient.doExecute(InternalHttpClient.java:184)
	at org.apache.http.impl.client.CloseableHttpClient.execute(CloseableHttpClient.java:72)
	at org.apache.http.impl.client.CloseableHttpClient.execute(CloseableHttpClient.java:57)
	at org.openqa.selenium.remote.HttpCommandExecutor.fallBackExecute(HttpCommandExecutor.java:215)
	at org.openqa.selenium.remote.HttpCommandExecutor.execute(HttpCommandExecutor.java:184)
	at org.openqa.selenium.remote.RemoteWebDriver.execute(RemoteWebDriver.java:572)
	... 32 more
org.openqa.selenium.remote.UnreachableBrowserException: Error communicating with the remote browser. It may have died.
Build info: version: '2.44.0', revision: '76d78cf', time: '2014-10-23 20:03:00'
System info: host: 'LAPTOP-J4LST1G3', ip: '10.2.84.94', os.name: 'Windows 10', os.arch: 'amd64', os.version: '10.0', java.version: '1.8.0_65'
Driver info: driver.version: AppDriver
	at org.openqa.selenium.remote.RemoteWebDriver.execute(RemoteWebDriver.java:593)
	at io.appium.java_client.AppiumDriver.execute(AppiumDriver.java:81)
	at org.openqa.selenium.remote.RemoteWebDriver.findElement(RemoteWebDriver.java:352)
	at org.openqa.selenium.remote.RemoteWebDriver.findElementByXPath(RemoteWebDriver.java:449)
	at com.qt.AppDriver.GUI.UIObject.assertUIObjectExistsByLabel(UIObject.java:78)
	at com.qt.AppDriver.Library.NavigationLibrary.clickOnRadioButton(NavigationLibrary.java:210)
	at com.qt.AppDriver.AppDriver.clickOnRadio(AppDriver.java:367)
	at sun.reflect.NativeMethodAccessorImpl.invoke0(Native Method)
	at sun.reflect.NativeMethodAccessorImpl.invoke(NativeMethodAccessorImpl.java:62)
	at sun.reflect.DelegatingMethodAccessorImpl.invoke(DelegatingMethodAccessorImpl.java:43)
	at java.lang.reflect.Method.invoke(Method.java:497)
	at fitnesse.slim.fixtureInteraction.DefaultInteraction.methodInvoke(DefaultInteraction.java:147)
	at fitnesse.slim.fixtureInteraction.DefaultInteraction.callMethod(DefaultInteraction.java:132)
	at fitnesse.slim.fixtureInteraction.DefaultInteraction.invokeMethod(DefaultInteraction.java:114)
	at fitnesse.slim.fixtureInteraction.DefaultInteraction.findAndInvoke(DefaultInteraction.java:92)
	at fitnesse.slim.MethodExecutor.findAndInvoke(MethodExecutor.java:18)
	at fitnesse.slim.FixtureMethodExecutor.execute(FixtureMethodExecutor.java:18)
	at fitnesse.slim.StatementExecutor.getMethodExecutionResult(StatementExecutor.java:130)
	at fitnesse.slim.StatementExecutor.call(StatementExecutor.java:103)
	at fitnesse.slim.instructions.CallInstruction.executeInternal(CallInstruction.java:35)
	at fitnesse.slim.instructions.Instruction.execute(Instruction.java:29)
	at fitnesse.slim.ListExecutor$Executive.executeStatement(ListExecutor.java:49)
	at fitnesse.slim.ListExecutor$Executive.executeStatements(ListExecutor.java:43)
	at fitnesse.slim.ListExecutor.execute(ListExecutor.java:85)
	at fitnesse.slim.SlimServer.executeInstructions(SlimServer.java:82)
	at fitnesse.slim.SlimServer.processOneSetOfInstructions(SlimServer.java:75)
	at fitnesse.slim.SlimServer.tryProcessInstructions(SlimServer.java:62)
	at fitnesse.slim.SlimServer.serve(SlimServer.java:47)
	at fitnesse.slim.SlimService.handle(SlimService.java:168)
	at fitnesse.slim.SlimService.acceptOne(SlimService.java:176)
	at fitnesse.slim.SlimService.accept(SlimService.java:138)
	at fitnesse.slim.SlimService.startWithFactory(SlimService.java:91)
	at fitnesse.slim.SlimService.main(SlimService.java:56)
Caused by: org.apache.http.conn.HttpHostConnectException: Connect to 127.0.0.1:4723 [/127.0.0.1] failed: Connection refused: connect
	at org.apache.http.impl.conn.HttpClientConnectionOperator.connect(HttpClientConnectionOperator.java:140)
	at org.apache.http.impl.conn.PoolingHttpClientConnectionManager.connect(PoolingHttpClientConnectionManager.java:318)
	at org.apache.http.impl.execchain.MainClientExec.establishRoute(MainClientExec.java:363)
	at org.apache.http.impl.execchain.MainClientExec.execute(MainClientExec.java:219)
	at org.apache.http.impl.execchain.ProtocolExec.execute(ProtocolExec.java:195)
	at org.apache.http.impl.execchain.RetryExec.execute(RetryExec.java:86)
	at org.apache.http.impl.execchain.RedirectExec.execute(RedirectExec.java:108)
	at org.apache.http.impl.client.InternalHttpClient.doExecute(InternalHttpClient.java:184)
	at org.apache.http.impl.client.CloseableHttpClient.execute(CloseableHttpClient.java:72)
	at org.apache.http.impl.client.CloseableHttpClient.execute(CloseableHttpClient.java:57)
	at org.openqa.selenium.remote.HttpCommandExecutor.fallBackExecute(HttpCommandExecutor.java:215)
	at org.openqa.selenium.remote.HttpCommandExecutor.execute(HttpCommandExecutor.java:184)
	at org.openqa.selenium.remote.RemoteWebDriver.execute(RemoteWebDriver.java:572)
	... 32 more
Caused by: java.net.ConnectException: Connection refused: connect
	at java.net.DualStackPlainSocketImpl.waitForConnect(Native Method)
	at java.net.DualStackPlainSocketImpl.socketConnect(DualStackPlainSocketImpl.java:85)
	at java.net.AbstractPlainSocketImpl.doConnect(AbstractPlainSocketImpl.java:350)
	at java.net.AbstractPlainSocketImpl.connectToAddress(AbstractPlainSocketImpl.java:206)
	at java.net.AbstractPlainSocketImpl.connect(AbstractPlainSocketImpl.java:188)
	at java.net.PlainSocketImpl.connect(PlainSocketImpl.java:172)
	at java.net.SocksSocketImpl.connect(SocksSocketImpl.java:392)
	at java.net.Socket.connect(Socket.java:589)
	at org.apache.http.conn.socket.PlainConnectionSocketFactory.connectSocket(PlainConnectionSocketFactory.java:72)
	at org.apache.http.impl.conn.HttpClientConnectionOperator.connect(HttpClientConnectionOperator.java:123)
	... 44 more
org.openqa.selenium.remote.UnreachableBrowserException: Error communicating with the remote browser. It may have died.
Build info: version: '2.44.0', revision: '76d78cf', time: '2014-10-23 20:03:00'
System info: host: 'LAPTOP-J4LST1G3', ip: '10.2.84.94', os.name: 'Windows 10', os.arch: 'amd64', os.version: '10.0', java.version: '1.8.0_65'
Driver info: driver.version: AppDriver
	at org.openqa.selenium.remote.RemoteWebDriver.execute(RemoteWebDriver.java:593)
	at io.appium.java_client.AppiumDriver.execute(AppiumDriver.java:81)
	at org.openqa.selenium.remote.RemoteWebDriver.findElement(RemoteWebDriver.java:352)
	at org.openqa.selenium.remote.RemoteWebDriver.findElementById(RemoteWebDriver.java:393)
	at com.qt.AppDriver.GUI.UIObject.assertUIObjectExistsByID(UIObject.java:58)
	at com.qt.AppDriver.Library.NavigationLibrary.clickOnRadioButton(NavigationLibrary.java:219)
	at com.qt.AppDriver.AppDriver.clickOnRadio(AppDriver.java:367)
	at sun.reflect.NativeMethodAccessorImpl.invoke0(Native Method)
	at sun.reflect.NativeMethodAccessorImpl.invoke(NativeMethodAccessorImpl.java:62)
	at sun.reflect.DelegatingMethodAccessorImpl.invoke(DelegatingMethodAccessorImpl.java:43)
	at java.lang.reflect.Method.invoke(Method.java:497)
	at fitnesse.slim.fixtureInteraction.DefaultInteraction.methodInvoke(DefaultInteraction.java:147)
	at fitnesse.slim.fixtureInteraction.DefaultInteraction.callMethod(DefaultInteraction.java:132)
	at fitnesse.slim.fixtureInteraction.DefaultInteraction.invokeMethod(DefaultInteraction.java:114)
	at fitnesse.slim.fixtureInteraction.DefaultInteraction.findAndInvoke(DefaultInteraction.java:92)
	at fitnesse.slim.MethodExecutor.findAndInvoke(MethodExecutor.java:18)
	at fitnesse.slim.FixtureMethodExecutor.execute(FixtureMethodExecutor.java:18)
	at fitnesse.slim.StatementExecutor.getMethodExecutionResult(StatementExecutor.java:130)
	at fitnesse.slim.StatementExecutor.call(StatementExecutor.java:103)
	at fitnesse.slim.instructions.CallInstruction.executeInternal(CallInstruction.java:35)
	at fitnesse.slim.instructions.Instruction.execute(Instruction.java:29)
	at fitnesse.slim.ListExecutor$Executive.executeStatement(ListExecutor.java:49)
	at fitnesse.slim.ListExecutor$Executive.executeStatements(ListExecutor.java:43)
	at fitnesse.slim.ListExecutor.execute(ListExecutor.java:85)
	at fitnesse.slim.SlimServer.executeInstructions(SlimServer.java:82)
	at fitnesse.slim.SlimServer.processOneSetOfInstructions(SlimServer.java:75)
	at fitnesse.slim.SlimServer.tryProcessInstructions(SlimServer.java:62)
	at fitnesse.slim.SlimServer.serve(SlimServer.java:47)
	at fitnesse.slim.SlimService.handle(SlimService.java:168)
	at fitnesse.slim.SlimService.acceptOne(SlimService.java:176)
	at fitnesse.slim.SlimService.accept(SlimService.java:138)
	at fitnesse.slim.SlimService.startWithFactory(SlimService.java:91)
	at fitnesse.slim.SlimService.main(SlimService.java:56)
Caused by: org.apache.http.conn.HttpHostConnectException: Connect to 127.0.0.1:4723 [/127.0.0.1] failed: Connection refused: connect
	at org.apache.http.impl.conn.HttpClientConnectionOperator.connect(HttpClientConnectionOperator.java:140)
	at org.apache.http.impl.conn.PoolingHttpClientConnectionManager.connect(PoolingHttpClientConnectionManager.java:318)
	at org.apache.http.impl.execchain.MainClientExec.establishRoute(MainClientExec.java:363)
	at org.apache.http.impl.execchain.MainClientExec.execute(MainClientExec.java:219)
	at org.apache.http.impl.execchain.ProtocolExec.execute(ProtocolExec.java:195)
	at org.apache.http.impl.execchain.RetryExec.execute(RetryExec.java:86)
	at org.apache.http.impl.execchain.RedirectExec.execute(RedirectExec.java:108)
	at org.apache.http.impl.client.InternalHttpClient.doExecute(InternalHttpClient.java:184)
	at org.apache.http.impl.client.CloseableHttpClient.execute(CloseableHttpClient.java:72)
	at org.apache.http.impl.client.CloseableHttpClient.execute(CloseableHttpClient.java:57)
	at org.openqa.selenium.remote.HttpCommandExecutor.fallBackExecute(HttpCommandExecutor.java:215)
	at org.openqa.selenium.remote.HttpCommandExecutor.execute(HttpCommandExecutor.java:184)
	at org.openqa.selenium.remote.RemoteWebDriver.execute(RemoteWebDriver.java:572)
	... 32 more
Caused by: java.net.ConnectException: Connection refused: connect
	at java.net.DualStackPlainSocketImpl.waitForConnect(Native Method)
	at java.net.DualStackPlainSocketImpl.socketConnect(DualStackPlainSocketImpl.java:85)
	at java.net.AbstractPlainSocketImpl.doConnect(AbstractPlainSocketImpl.java:350)
	at java.net.AbstractPlainSocketImpl.connectToAddress(AbstractPlainSocketImpl.java:206)
	at java.net.AbstractPlainSocketImpl.connect(AbstractPlainSocketImpl.java:188)
	at java.net.PlainSocketImpl.connect(PlainSocketImpl.java:172)
	at java.net.SocksSocketImpl.connect(SocksSocketImpl.java:392)
	at java.net.Socket.connect(Socket.java:589)
	at org.apache.http.conn.socket.PlainConnectionSocketFactory.connectSocket(PlainConnectionSocketFactory.java:72)
	at org.apache.http.impl.conn.HttpClientConnectionOperator.connect(HttpClientConnectionOperator.java:123)
	... 44 more
org.openqa.selenium.remote.UnreachableBrowserException: Error communicating with the remote browser. It may have died.
Build info: version: '2.44.0', revision: '76d78cf', time: '2014-10-23 20:03:00'
System info: host: 'LAPTOP-J4LST1G3', ip: '10.2.84.94', os.name: 'Windows 10', os.arch: 'amd64', os.version: '10.0', java.version: '1.8.0_65'
Driver info: driver.version: AppDriver
	at org.openqa.selenium.remote.RemoteWebDriver.execute(RemoteWebDriver.java:593)
	at io.appium.java_client.AppiumDriver.execute(AppiumDriver.java:81)
	at org.openqa.selenium.remote.RemoteWebDriver.findElement(RemoteWebDriver.java:352)
	at org.openqa.selenium.remote.RemoteWebDriver.findElementByXPath(RemoteWebDriver.java:449)
	at com.qt.AppDriver.GUI.UIObject.assertUIObjectExistsByLabel(UIObject.java:78)
	at com.qt.AppDriver.Library.NavigationLibrary.clickOnRadioButton(NavigationLibrary.java:210)
	at com.qt.AppDriver.AppDriver.clickOnRadio(AppDriver.java:367)
	at sun.reflect.NativeMethodAccessorImpl.invoke0(Native Method)
	at sun.reflect.NativeMethodAccessorImpl.invoke(NativeMethodAccessorImpl.java:62)
	at sun.reflect.DelegatingMethodAccessorImpl.invoke(DelegatingMethodAccessorImpl.java:43)
	at java.lang.reflect.Method.invoke(Method.java:497)
	at fitnesse.slim.fixtureInteraction.DefaultInteraction.methodInvoke(DefaultInteraction.java:147)
	at fitnesse.slim.fixtureInteraction.DefaultInteraction.callMethod(DefaultInteraction.java:132)
	at fitnesse.slim.fixtureInteraction.DefaultInteraction.invokeMethod(DefaultInteraction.java:114)
	at fitnesse.slim.fixtureInteraction.DefaultInteraction.findAndInvoke(DefaultInteraction.java:92)
	at fitnesse.slim.MethodExecutor.findAndInvoke(MethodExecutor.java:18)
	at fitnesse.slim.FixtureMethodExecutor.execute(FixtureMethodExecutor.java:18)
	at fitnesse.slim.StatementExecutor.getMethodExecutionResult(StatementExecutor.java:130)
	at fitnesse.slim.StatementExecutor.call(StatementExecutor.java:103)
	at fitnesse.slim.instructions.CallInstruction.executeInternal(CallInstruction.java:35)
	at fitnesse.slim.instructions.Instruction.execute(Instruction.java:29)
	at fitnesse.slim.ListExecutor$Executive.executeStatement(ListExecutor.java:49)
	at fitnesse.slim.ListExecutor$Executive.executeStatements(ListExecutor.java:43)
	at fitnesse.slim.ListExecutor.execute(ListExecutor.java:85)
	at fitnesse.slim.SlimServer.executeInstructions(SlimServer.java:82)
	at fitnesse.slim.SlimServer.processOneSetOfInstructions(SlimServer.java:75)
	at fitnesse.slim.SlimServer.tryProcessInstructions(SlimServer.java:62)
	at fitnesse.slim.SlimServer.serve(SlimServer.java:47)
	at fitnesse.slim.SlimService.handle(SlimService.java:168)
	at fitnesse.slim.SlimService.acceptOne(SlimService.java:176)
	at fitnesse.slim.SlimService.accept(SlimService.java:138)
	at fitnesse.slim.SlimService.startWithFactory(SlimService.java:91)
	at fitnesse.slim.SlimService.main(SlimService.java:56)
Caused by: org.apache.http.conn.HttpHostConnectException: Connect to 127.0.0.1:4723 [/127.0.0.1] failed: Connection refused: connect
	at org.apache.http.impl.conn.HttpClientConnectionOperator.connect(HttpClientConnectionOperator.java:140)
	at org.apache.http.impl.conn.PoolingHttpClientConnectionManager.connect(PoolingHttpClientConnectionManager.java:318)
	at org.apache.http.impl.execchain.MainClientExec.establishRoute(MainClientExec.java:363)
	at org.apache.http.impl.execchain.MainClientExec.execute(MainClientExec.java:219)
	at org.apache.http.impl.execchain.ProtocolExec.execute(ProtocolExec.java:195)
	at org.apache.http.impl.execchain.RetryExec.execute(RetryExec.java:86)
	at org.apache.http.impl.execchain.RedirectExec.execute(RedirectExec.java:108)
	at org.apache.http.impl.client.InternalHttpClient.doExecute(InternalHttpClient.java:184)
	at org.apache.http.impl.client.CloseableHttpClient.execute(CloseableHttpClient.java:72)
	at org.apache.http.impl.client.CloseableHttpClient.execute(CloseableHttpClient.java:57)
	at org.openqa.selenium.remote.HttpCommandExecutor.fallBackExecute(HttpCommandExecutor.java:215)
	at org.openqa.selenium.remote.HttpCommandExecutor.execute(HttpCommandExecutor.java:184)
	at org.openqa.selenium.remote.RemoteWebDriver.execute(RemoteWebDriver.java:572)
	... 32 more
Caused by: java.net.ConnectException: Connection refused: connect
	at java.net.DualStackPlainSocketImpl.waitForConnect(Native Method)
	at java.net.DualStackPlainSocketImpl.socketConnect(DualStackPlainSocketImpl.java:85)
	at java.net.AbstractPlainSocketImpl.doConnect(AbstractPlainSocketImpl.java:350)
	at java.net.AbstractPlainSocketImpl.connectToAddress(AbstractPlainSocketImpl.java:206)
	at java.net.AbstractPlainSocketImpl.connect(AbstractPlainSocketImpl.java:188)
	at java.net.PlainSocketImpl.connect(PlainSocketImpl.java:172)
	at java.net.SocksSocketImpl.connect(SocksSocketImpl.java:392)
	at java.net.Socket.connect(Socket.java:589)
	at org.apache.http.conn.socket.PlainConnectionSocketFactory.connectSocket(PlainConnectionSocketFactory.java:72)
	at org.apache.http.impl.conn.HttpClientConnectionOperator.connect(HttpClientConnectionOperator.java:123)
	... 44 more
org.openqa.selenium.remote.UnreachableBrowserException: Error communicating with the remote browser. It may have died.
Build info: version: '2.44.0', revision: '76d78cf', time: '2014-10-23 20:03:00'
System info: host: 'LAPTOP-J4LST1G3', ip: '10.2.84.94', os.name: 'Windows 10', os.arch: 'amd64', os.version: '10.0', java.version: '1.8.0_65'
Driver info: driver.version: AppDriver
	at org.openqa.selenium.remote.RemoteWebDriver.execute(RemoteWebDriver.java:593)
	at io.appium.java_client.AppiumDriver.execute(AppiumDriver.java:81)
	at org.openqa.selenium.remote.RemoteWebDriver.findElement(RemoteWebDriver.java:352)
	at org.openqa.selenium.remote.RemoteWebDriver.findElementById(RemoteWebDriver.java:393)
	at com.qt.AppDriver.GUI.UIObject.assertUIObjectExistsByID(UIObject.java:58)
	at com.qt.AppDriver.Library.NavigationLibrary.clickOnRadioButton(NavigationLibrary.java:219)
	at com.qt.AppDriver.AppDriver.clickOnRadio(AppDriver.java:367)
	at sun.reflect.NativeMethodAccessorImpl.invoke0(Native Method)
	at sun.reflect.NativeMethodAccessorImpl.invoke(NativeMethodAccessorImpl.java:62)
	at sun.reflect.DelegatingMethodAccessorImpl.invoke(DelegatingMethodAccessorImpl.java:43)
	at java.lang.reflect.Method.invoke(Method.java:497)
	at fitnesse.slim.fixtureInteraction.DefaultInteraction.methodInvoke(DefaultInteraction.java:147)
	at fitnesse.slim.fixtureInteraction.DefaultInteraction.callMethod(DefaultInteraction.java:132)
	at fitnesse.slim.fixtureInteraction.DefaultInteraction.invokeMethod(DefaultInteraction.java:114)
	at fitnesse.slim.fixtureInteraction.DefaultInteraction.findAndInvoke(DefaultInteraction.java:92)
	at fitnesse.slim.MethodExecutor.findAndInvoke(MethodExecutor.java:18)
	at fitnesse.slim.FixtureMethodExecutor.execute(FixtureMethodExecutor.java:18)
	at fitnesse.slim.StatementExecutor.getMethodExecutionResult(StatementExecutor.java:130)
	at fitnesse.slim.StatementExecutor.call(StatementExecutor.java:103)
	at fitnesse.slim.instructions.CallInstruction.executeInternal(CallInstruction.java:35)
	at fitnesse.slim.instructions.Instruction.execute(Instruction.java:29)
	at fitnesse.slim.ListExecutor$Executive.executeStatement(ListExecutor.java:49)
	at fitnesse.slim.ListExecutor$Executive.executeStatements(ListExecutor.java:43)
	at fitnesse.slim.ListExecutor.execute(ListExecutor.java:85)
	at fitnesse.slim.SlimServer.executeInstructions(SlimServer.java:82)
	at fitnesse.slim.SlimServer.processOneSetOfInstructions(SlimServer.java:75)
	at fitnesse.slim.SlimServer.tryProcessInstructions(SlimServer.java:62)
	at fitnesse.slim.SlimServer.serve(SlimServer.java:47)
	at fitnesse.slim.SlimService.handle(SlimService.java:168)
	at fitnesse.slim.SlimService.acceptOne(SlimService.java:176)
	at fitnesse.slim.SlimService.accept(SlimService.java:138)
	at fitnesse.slim.SlimService.startWithFactory(SlimService.java:91)
	at fitnesse.slim.SlimService.main(SlimService.java:56)
Caused by: org.apache.http.conn.HttpHostConnectException: Connect to 127.0.0.1:4723 [/127.0.0.1] failed: Connection refused: connect
	at org.apache.http.impl.conn.HttpClientConnectionOperator.connect(HttpClientConnectionOperator.java:140)
	at org.apache.http.impl.conn.PoolingHttpClientConnectionManager.connect(PoolingHttpClientConnectionManager.java:318)
	at org.apache.http.impl.execchain.MainClientExec.establishRoute(MainClientExec.java:363)
	at org.apache.http.impl.execchain.MainClientExec.execute(MainClientExec.java:219)
	at org.apache.http.impl.execchain.ProtocolExec.execute(ProtocolExec.java:195)
	at org.apache.http.impl.execchain.RetryExec.execute(RetryExec.java:86)
	at org.apache.http.impl.execchain.RedirectExec.execute(RedirectExec.java:108)
	at org.apache.http.impl.client.InternalHttpClient.doExecute(InternalHttpClient.java:184)
	at org.apache.http.impl.client.CloseableHttpClient.execute(CloseableHttpClient.java:72)
	at org.apache.http.impl.client.CloseableHttpClient.execute(CloseableHttpClient.java:57)
	at org.openqa.selenium.remote.HttpCommandExecutor.fallBackExecute(HttpCommandExecutor.java:215)
	at org.openqa.selenium.remote.HttpCommandExecutor.execute(HttpCommandExecutor.java:184)
	at org.openqa.selenium.remote.RemoteWebDriver.execute(RemoteWebDriver.java:572)
	... 32 more
Caused by: java.net.ConnectException: Connection refused: connect
	at java.net.DualStackPlainSocketImpl.waitForConnect(Native Method)
	at java.net.DualStackPlainSocketImpl.socketConnect(DualStackPlainSocketImpl.java:85)
	at java.net.AbstractPlainSocketImpl.doConnect(AbstractPlainSocketImpl.java:350)
	at java.net.AbstractPlainSocketImpl.connectToAddress(AbstractPlainSocketImpl.java:206)
	at java.net.AbstractPlainSocketImpl.connect(AbstractPlainSocketImpl.java:188)
	at java.net.PlainSocketImpl.connect(PlainSocketImpl.java:172)
	at java.net.SocksSocketImpl.connect(SocksSocketImpl.java:392)
	at java.net.Socket.connect(Socket.java:589)
	at org.apache.http.conn.socket.PlainConnectionSocketFactory.connectSocket(PlainConnectionSocketFactory.java:72)
	at org.apache.http.impl.conn.HttpClientConnectionOperator.connect(HttpClientConnectionOperator.java:123)
	... 44 more
org.openqa.selenium.remote.UnreachableBrowserException: Error communicating with the remote browser. It may have died.
Build info: version: '2.44.0', revision: '76d78cf', time: '2014-10-23 20:03:00'
System info: host: 'LAPTOP-J4LST1G3', ip: '10.2.84.94', os.name: 'Windows 10', os.arch: 'amd64', os.version: '10.0', java.version: '1.8.0_65'
Driver info: driver.version: AppDriver
	at org.openqa.selenium.remote.RemoteWebDriver.execute(RemoteWebDriver.java:593)
	at io.appium.java_client.AppiumDriver.execute(AppiumDriver.java:81)
	at org.openqa.selenium.remote.RemoteWebDriver.findElement(RemoteWebDriver.java:352)
	at org.openqa.selenium.remote.RemoteWebDriver.findElementByXPath(RemoteWebDriver.java:449)
	at com.qt.AppDriver.GUI.UIObject.assertUIObjectExistsByLabel(UIObject.java:78)
	at com.qt.AppDriver.Library.NavigationLibrary.clickOnRadioButton(NavigationLibrary.java:210)
	at com.qt.AppDriver.AppDriver.clickOnRadio(AppDriver.java:367)
	at sun.reflect.NativeMethodAccessorImpl.invoke0(Native Method)
	at sun.reflect.NativeMethodAccessorImpl.invoke(NativeMethodAccessorImpl.java:62)
	at sun.reflect.DelegatingMethodAccessorImpl.invoke(DelegatingMethodAccessorImpl.java:43)
	at java.lang.reflect.Method.invoke(Method.java:497)
	at fitnesse.slim.fixtureInteraction.DefaultInteraction.methodInvoke(DefaultInteraction.java:147)
	at fitnesse.slim.fixtureInteraction.DefaultInteraction.callMethod(DefaultInteraction.java:132)
	at fitnesse.slim.fixtureInteraction.DefaultInteraction.invokeMethod(DefaultInteraction.java:114)
	at fitnesse.slim.fixtureInteraction.DefaultInteraction.findAndInvoke(DefaultInteraction.java:92)
	at fitnesse.slim.MethodExecutor.findAndInvoke(MethodExecutor.java:18)
	at fitnesse.slim.FixtureMethodExecutor.execute(FixtureMethodExecutor.java:18)
	at fitnesse.slim.StatementExecutor.getMethodExecutionResult(StatementExecutor.java:130)
	at fitnesse.slim.StatementExecutor.call(StatementExecutor.java:103)
	at fitnesse.slim.instructions.CallInstruction.executeInternal(CallInstruction.java:35)
	at fitnesse.slim.instructions.Instruction.execute(Instruction.java:29)
	at fitnesse.slim.ListExecutor$Executive.executeStatement(ListExecutor.java:49)
	at fitnesse.slim.ListExecutor$Executive.executeStatements(ListExecutor.java:43)
	at fitnesse.slim.ListExecutor.execute(ListExecutor.java:85)
	at fitnesse.slim.SlimServer.executeInstructions(SlimServer.java:82)
	at fitnesse.slim.SlimServer.processOneSetOfInstructions(SlimServer.java:75)
	at fitnesse.slim.SlimServer.tryProcessInstructions(SlimServer.java:62)
	at fitnesse.slim.SlimServer.serve(SlimServer.java:47)
	at fitnesse.slim.SlimService.handle(SlimService.java:168)
	at fitnesse.slim.SlimService.acceptOne(SlimService.java:176)
	at fitnesse.slim.SlimService.accept(SlimService.java:138)
	at fitnesse.slim.SlimService.startWithFactory(SlimService.java:91)
	at fitnesse.slim.SlimService.main(SlimService.java:56)
Caused by: org.apache.http.conn.HttpHostConnectException: Connect to 127.0.0.1:4723 [/127.0.0.1] failed: Connection refused: connect
	at org.apache.http.impl.conn.HttpClientConnectionOperator.connect(HttpClientConnectionOperator.java:140)
	at org.apache.http.impl.conn.PoolingHttpClientConnectionManager.connect(PoolingHttpClientConnectionManager.java:318)
	at org.apache.http.impl.execchain.MainClientExec.establishRoute(MainClientExec.java:363)
	at org.apache.http.impl.execchain.MainClientExec.execute(MainClientExec.java:219)
	at org.apache.http.impl.execchain.ProtocolExec.execute(ProtocolExec.java:195)
	at org.apache.http.impl.execchain.RetryExec.execute(RetryExec.java:86)
	at org.apache.http.impl.execchain.RedirectExec.execute(RedirectExec.java:108)
	at org.apache.http.impl.client.InternalHttpClient.doExecute(InternalHttpClient.java:184)
	at org.apache.http.impl.client.CloseableHttpClient.execute(CloseableHttpClient.java:72)
	at org.apache.http.impl.client.CloseableHttpClient.execute(CloseableHttpClient.java:57)
	at org.openqa.selenium.remote.HttpCommandExecutor.fallBackExecute(HttpCommandExecutor.java:215)
	at org.openqa.selenium.remote.HttpCommandExecutor.execute(HttpCommandExecutor.java:184)
	at org.openqa.selenium.remote.RemoteWebDriver.execute(RemoteWebDriver.java:572)
	... 32 more
Caused by: java.net.ConnectException: Connection refused: connect
	at java.net.DualStackPlainSocketImpl.waitForConnect(Native Method)
	at java.net.DualStackPlainSocketImpl.socketConnect(DualStackPlainSocketImpl.java:85)
	at java.net.AbstractPlainSocketImpl.doConnect(AbstractPlainSocketImpl.java:350)
	at java.net.AbstractPlainSocketImpl.connectToAddress(AbstractPlainSocketImpl.java:206)
	at java.net.AbstractPlainSocketImpl.connect(AbstractPlainSocketImpl.java:188)
	at java.net.PlainSocketImpl.connect(PlainSocketImpl.java:172)
	at java.net.SocksSocketImpl.connect(SocksSocketImpl.java:392)
	at java.net.Socket.connect(Socket.java:589)
	at org.apache.http.conn.socket.PlainConnectionSocketFactory.connectSocket(PlainConnectionSocketFactory.java:72)
	at org.apache.http.impl.conn.HttpClientConnectionOperator.connect(HttpClientConnectionOperator.java:123)
	... 44 more
org.openqa.selenium.remote.UnreachableBrowserException: Error communicating with the remote browser. It may have died.
Build info: version: '2.44.0', revision: '76d78cf', time: '2014-10-23 20:03:00'
System info: host: 'LAPTOP-J4LST1G3', ip: '10.2.84.94', os.name: 'Windows 10', os.arch: 'amd64', os.version: '10.0', java.version: '1.8.0_65'
Driver info: driver.version: AppDriver
	at org.openqa.selenium.remote.RemoteWebDriver.execute(RemoteWebDriver.java:593)
	at io.appium.java_client.AppiumDriver.execute(AppiumDriver.java:81)
	at org.openqa.selenium.remote.RemoteWebDriver.findElement(RemoteWebDriver.java:352)
	at org.openqa.selenium.remote.RemoteWebDriver.findElementById(RemoteWebDriver.java:393)
	at com.qt.AppDriver.GUI.UIObject.assertUIObjectExistsByID(UIObject.java:58)
	at com.qt.AppDriver.Library.NavigationLibrary.clickOnRadioButton(NavigationLibrary.java:219)
	at com.qt.AppDriver.AppDriver.clickOnRadio(AppDriver.java:367)
	at sun.reflect.NativeMethodAccessorImpl.invoke0(Native Method)
	at sun.reflect.NativeMethodAccessorImpl.invoke(NativeMethodAccessorImpl.java:62)
	at sun.reflect.DelegatingMethodAccessorImpl.invoke(DelegatingMethodAccessorImpl.java:43)
	at java.lang.reflect.Method.invoke(Method.java:497)
	at fitnesse.slim.fixtureInteraction.DefaultInteraction.methodInvoke(DefaultInteraction.java:147)
	at fitnesse.slim.fixtureInteraction.DefaultInteraction.callMethod(DefaultInteraction.java:132)
	at fitnesse.slim.fixtureInteraction.DefaultInteraction.invokeMethod(DefaultInteraction.java:114)
	at fitnesse.slim.fixtureInteraction.DefaultInteraction.findAndInvoke(DefaultInteraction.java:92)
	at fitnesse.slim.MethodExecutor.findAndInvoke(MethodExecutor.java:18)
	at fitnesse.slim.FixtureMethodExecutor.execute(FixtureMethodExecutor.java:18)
	at fitnesse.slim.StatementExecutor.getMethodExecutionResult(StatementExecutor.java:130)
	at fitnesse.slim.StatementExecutor.call(StatementExecutor.java:103)
	at fitnesse.slim.instructions.CallInstruction.executeInternal(CallInstruction.java:35)
	at fitnesse.slim.instructions.Instruction.execute(Instruction.java:29)
	at fitnesse.slim.ListExecutor$Executive.executeStatement(ListExecutor.java:49)
	at fitnesse.slim.ListExecutor$Executive.executeStatements(ListExecutor.java:43)
	at fitnesse.slim.ListExecutor.execute(ListExecutor.java:85)
	at fitnesse.slim.SlimServer.executeInstructions(SlimServer.java:82)
	at fitnesse.slim.SlimServer.processOneSetOfInstructions(SlimServer.java:75)
	at fitnesse.slim.SlimServer.tryProcessInstructions(SlimServer.java:62)
	at fitnesse.slim.SlimServer.serve(SlimServer.java:47)
	at fitnesse.slim.SlimService.handle(SlimService.java:168)
	at fitnesse.slim.SlimService.acceptOne(SlimService.java:176)
	at fitnesse.slim.SlimService.accept(SlimService.java:138)
	at fitnesse.slim.SlimService.startWithFactory(SlimService.java:91)
	at fitnesse.slim.SlimService.main(SlimService.java:56)
Caused by: org.apache.http.conn.HttpHostConnectException: Connect to 127.0.0.1:4723 [/127.0.0.1] failed: Connection refused: connect
	at org.apache.http.impl.conn.HttpClientConnectionOperator.connect(HttpClientConnectionOperator.java:140)
	at org.apache.http.impl.conn.PoolingHttpClientConnectionManager.connect(PoolingHttpClientConnectionManager.java:318)
	at org.apache.http.impl.execchain.MainClientExec.establishRoute(MainClientExec.java:363)
	at org.apache.http.impl.execchain.MainClientExec.execute(MainClientExec.java:219)
	at org.apache.http.impl.execchain.ProtocolExec.execute(ProtocolExec.java:195)
	at org.apache.http.impl.execchain.RetryExec.execute(RetryExec.java:86)
	at org.apache.http.impl.execchain.RedirectExec.execute(RedirectExec.java:108)
	at org.apache.http.impl.client.InternalHttpClient.doExecute(InternalHttpClient.java:184)
	at org.apache.http.impl.client.CloseableHttpClient.execute(CloseableHttpClient.java:72)
	at org.apache.http.impl.client.CloseableHttpClient.execute(CloseableHttpClient.java:57)
	at org.openqa.selenium.remote.HttpCommandExecutor.fallBackExecute(HttpCommandExecutor.java:215)
	at org.openqa.selenium.remote.HttpCommandExecutor.execute(HttpCommandExecutor.java:184)
	at org.openqa.selenium.remote.RemoteWebDriver.execute(RemoteWebDriver.java:572)
	... 32 more
Caused by: java.net.ConnectException: Connection refused: connect
	at java.net.DualStackPlainSocketImpl.waitForConnect(Native Method)
	at java.net.DualStackPlainSocketImpl.socketConnect(DualStackPlainSocketImpl.java:85)
	at java.net.AbstractPlainSocketImpl.doConnect(AbstractPlainSocketImpl.java:350)
	at java.net.AbstractPlainSocketImpl.connectToAddress(AbstractPlainSocketImpl.java:206)
	at java.net.AbstractPlainSocketImpl.connect(AbstractPlainSocketImpl.java:188)
	at java.net.PlainSocketImpl.connect(PlainSocketImpl.java:172)
	at java.net.SocksSocketImpl.connect(SocksSocketImpl.java:392)
	at java.net.Socket.connect(Socket.java:589)
	at org.apache.http.conn.socket.PlainConnectionSocketFactory.connectSocket(PlainConnectionSocketFactory.java:72)
	at org.apache.http.impl.conn.HttpClientConnectionOperator.connect(HttpClientConnectionOperator.java:123)
	... 44 more
org.openqa.selenium.remote.UnreachableBrowserException: Error communicating with the remote browser. It may have died.
Build info: version: '2.44.0', revision: '76d78cf', time: '2014-10-23 20:03:00'
System info: host: 'LAPTOP-J4LST1G3', ip: '10.2.84.94', os.name: 'Windows 10', os.arch: 'amd64', os.version: '10.0', java.version: '1.8.0_65'
Driver info: driver.version: AppDriver
	at org.openqa.selenium.remote.RemoteWebDriver.execute(RemoteWebDriver.java:593)
	at io.appium.java_client.AppiumDriver.execute(AppiumDriver.java:81)
	at org.openqa.selenium.remote.RemoteWebDriver.findElement(RemoteWebDriver.java:352)
	at org.openqa.selenium.remote.RemoteWebDriver.findElementByXPath(RemoteWebDriver.java:449)
	at com.qt.AppDriver.GUI.UIObject.assertUIObjectExistsByLabel(UIObject.java:78)
	at com.qt.AppDriver.Library.NavigationLibrary.clickOnRadioButton(NavigationLibrary.java:210)
	at com.qt.AppDriver.AppDriver.clickOnRadio(AppDriver.java:367)
	at sun.reflect.NativeMethodAccessorImpl.invoke0(Native Method)
	at sun.reflect.NativeMethodAccessorImpl.invoke(NativeMethodAccessorImpl.java:62)
	at sun.reflect.DelegatingMethodAccessorImpl.invoke(DelegatingMethodAccessorImpl.java:43)
	at java.lang.reflect.Method.invoke(Method.java:497)
	at fitnesse.slim.fixtureInteraction.DefaultInteraction.methodInvoke(DefaultInteraction.java:147)
	at fitnesse.slim.fixtureInteraction.DefaultInteraction.callMethod(DefaultInteraction.java:132)
	at fitnesse.slim.fixtureInteraction.DefaultInteraction.invokeMethod(DefaultInteraction.java:114)
	at fitnesse.slim.fixtureInteraction.DefaultInteraction.findAndInvoke(DefaultInteraction.java:92)
	at fitnesse.slim.MethodExecutor.findAndInvoke(MethodExecutor.java:18)
	at fitnesse.slim.FixtureMethodExecutor.execute(FixtureMethodExecutor.java:18)
	at fitnesse.slim.StatementExecutor.getMethodExecutionResult(StatementExecutor.java:130)
	at fitnesse.slim.StatementExecutor.call(StatementExecutor.java:103)
	at fitnesse.slim.instructions.CallInstruction.executeInternal(CallInstruction.java:35)
	at fitnesse.slim.instructions.Instruction.execute(Instruction.java:29)
	at fitnesse.slim.ListExecutor$Executive.executeStatement(ListExecutor.java:49)
	at fitnesse.slim.ListExecutor$Executive.executeStatements(ListExecutor.java:43)
	at fitnesse.slim.ListExecutor.execute(ListExecutor.java:85)
	at fitnesse.slim.SlimServer.executeInstructions(SlimServer.java:82)
	at fitnesse.slim.SlimServer.processOneSetOfInstructions(SlimServer.java:75)
	at fitnesse.slim.SlimServer.tryProcessInstructions(SlimServer.java:62)
	at fitnesse.slim.SlimServer.serve(SlimServer.java:47)
	at fitnesse.slim.SlimService.handle(SlimService.java:168)
	at fitnesse.slim.SlimService.acceptOne(SlimService.java:176)
	at fitnesse.slim.SlimService.accept(SlimService.java:138)
	at fitnesse.slim.SlimService.startWithFactory(SlimService.java:91)
	at fitnesse.slim.SlimService.main(SlimService.java:56)
Caused by: org.apache.http.conn.HttpHostConnectException: Connect to 127.0.0.1:4723 [/127.0.0.1] failed: Connection refused: connect
	at org.apache.http.impl.conn.HttpClientConnectionOperator.connect(HttpClientConnectionOperator.java:140)
	at org.apache.http.impl.conn.PoolingHttpClientConnectionManager.connect(PoolingHttpClientConnectionManager.java:318)
	at org.apache.http.impl.execchain.MainClientExec.establishRoute(MainClientExec.java:363)
	at org.apache.http.impl.execchain.MainClientExec.execute(MainClientExec.java:219)
	at org.apache.http.impl.execchain.ProtocolExec.execute(ProtocolExec.java:195)
	at org.apache.http.impl.execchain.RetryExec.execute(RetryExec.java:86)
	at org.apache.http.impl.execchain.RedirectExec.execute(RedirectExec.java:108)
	at org.apache.http.impl.client.InternalHttpClient.doExecute(InternalHttpClient.java:184)
	at org.apache.http.impl.client.CloseableHttpClient.execute(CloseableHttpClient.java:72)
	at org.apache.http.impl.client.CloseableHttpClient.execute(CloseableHttpClient.java:57)
	at org.openqa.selenium.remote.HttpCommandExecutor.fallBackExecute(HttpCommandExecutor.java:215)
	at org.openqa.selenium.remote.HttpCommandExecutor.execute(HttpCommandExecutor.java:184)
	at org.openqa.selenium.remote.RemoteWebDriver.execute(RemoteWebDriver.java:572)
	... 32 more
Caused by: java.net.ConnectException: Connection refused: connect
	at java.net.DualStackPlainSocketImpl.waitForConnect(Native Method)
	at java.net.DualStackPlainSocketImpl.socketConnect(DualStackPlainSocketImpl.java:85)
	at java.net.AbstractPlainSocketImpl.doConnect(AbstractPlainSocketImpl.java:350)
	at java.net.AbstractPlainSocketImpl.connectToAddress(AbstractPlainSocketImpl.java:206)
	at java.net.AbstractPlainSocketImpl.connect(AbstractPlainSocketImpl.java:188)
	at java.net.PlainSocketImpl.connect(PlainSocketImpl.java:172)
	at java.net.SocksSocketImpl.connect(SocksSocketImpl.java:392)
	at java.net.Socket.connect(Socket.java:589)
	at org.apache.http.conn.socket.PlainConnectionSocketFactory.connectSocket(PlainConnectionSocketFactory.java:72)
	at org.apache.http.impl.conn.HttpClientConnectionOperator.connect(HttpClientConnectionOperator.java:123)
	... 44 more
org.openqa.selenium.remote.UnreachableBrowserException: Error communicating with the remote browser. It may have died.
Build info: version: '2.44.0', revision: '76d78cf', time: '2014-10-23 20:03:00'
System info: host: 'LAPTOP-J4LST1G3', ip: '10.2.84.94', os.name: 'Windows 10', os.arch: 'amd64', os.version: '10.0', java.version: '1.8.0_65'
Driver info: driver.version: AppDriver
	at org.openqa.selenium.remote.RemoteWebDriver.execute(RemoteWebDriver.java:593)
	at io.appium.java_client.AppiumDriver.execute(AppiumDriver.java:81)
	at org.openqa.selenium.remote.RemoteWebDriver.findElement(RemoteWebDriver.java:352)
	at org.openqa.selenium.remote.RemoteWebDriver.findElementById(RemoteWebDriver.java:393)
	at com.qt.AppDriver.GUI.UIObject.assertUIObjectExistsByID(UIObject.java:58)
	at com.qt.AppDriver.Library.NavigationLibrary.clickOnRadioButton(NavigationLibrary.java:219)
	at com.qt.AppDriver.AppDriver.clickOnRadio(AppDriver.java:367)
	at sun.reflect.NativeMethodAccessorImpl.invoke0(Native Method)
	at sun.reflect.NativeMethodAccessorImpl.invoke(NativeMethodAccessorImpl.java:62)
	at sun.reflect.DelegatingMethodAccessorImpl.invoke(DelegatingMethodAccessorImpl.java:43)
	at java.lang.reflect.Method.invoke(Method.java:497)
	at fitnesse.slim.fixtureInteraction.DefaultInteraction.methodInvoke(DefaultInteraction.java:147)
	at fitnesse.slim.fixtureInteraction.DefaultInteraction.callMethod(DefaultInteraction.java:132)
	at fitnesse.slim.fixtureInteraction.DefaultInteraction.invokeMethod(DefaultInteraction.java:114)
	at fitnesse.slim.fixtureInteraction.DefaultInteraction.findAndInvoke(DefaultInteraction.java:92)
	at fitnesse.slim.MethodExecutor.findAndInvoke(MethodExecutor.java:18)
	at fitnesse.slim.FixtureMethodExecutor.execute(FixtureMethodExecutor.java:18)
	at fitnesse.slim.StatementExecutor.getMethodExecutionResult(StatementExecutor.java:130)
	at fitnesse.slim.StatementExecutor.call(StatementExecutor.java:103)
	at fitnesse.slim.instructions.CallInstruction.executeInternal(CallInstruction.java:35)
	at fitnesse.slim.instructions.Instruction.execute(Instruction.java:29)
	at fitnesse.slim.ListExecutor$Executive.executeStatement(ListExecutor.java:49)
	at fitnesse.slim.ListExecutor$Executive.executeStatements(ListExecutor.java:43)
	at fitnesse.slim.ListExecutor.execute(ListExecutor.java:85)
	at fitnesse.slim.SlimServer.executeInstructions(SlimServer.java:82)
	at fitnesse.slim.SlimServer.processOneSetOfInstructions(SlimServer.java:75)
	at fitnesse.slim.SlimServer.tryProcessInstructions(SlimServer.java:62)
	at fitnesse.slim.SlimServer.serve(SlimServer.java:47)
	at fitnesse.slim.SlimService.handle(SlimService.java:168)
	at fitnesse.slim.SlimService.acceptOne(SlimService.java:176)
	at fitnesse.slim.SlimService.accept(SlimService.java:138)
	at fitnesse.slim.SlimService.startWithFactory(SlimService.java:91)
	at fitnesse.slim.SlimService.main(SlimService.java:56)
Caused by: org.apache.http.conn.HttpHostConnectException: Connect to 127.0.0.1:4723 [/127.0.0.1] failed: Connection refused: connect
	at org.apache.http.impl.conn.HttpClientConnectionOperator.connect(HttpClientConnectionOperator.java:140)
	at org.apache.http.impl.conn.PoolingHttpClientConnectionManager.connect(PoolingHttpClientConnectionManager.java:318)
	at org.apache.http.impl.execchain.MainClientExec.establishRoute(MainClientExec.java:363)
	at org.apache.http.impl.execchain.MainClientExec.execute(MainClientExec.java:219)
	at org.apache.http.impl.execchain.ProtocolExec.execute(ProtocolExec.java:195)
	at org.apache.http.impl.execchain.RetryExec.execute(RetryExec.java:86)
	at org.apache.http.impl.execchain.RedirectExec.execute(RedirectExec.java:108)
	at org.apache.http.impl.client.InternalHttpClient.doExecute(InternalHttpClient.java:184)
	at org.apache.http.impl.client.CloseableHttpClient.execute(CloseableHttpClient.java:72)
	at org.apache.http.impl.client.CloseableHttpClient.execute(CloseableHttpClient.java:57)
	at org.openqa.selenium.remote.HttpCommandExecutor.fallBackExecute(HttpCommandExecutor.java:215)
	at org.openqa.selenium.remote.HttpCommandExecutor.execute(HttpCommandExecutor.java:184)
	at org.openqa.selenium.remote.RemoteWebDriver.execute(RemoteWebDriver.java:572)
	... 32 more
Caused by: java.net.ConnectException: Connection refused: connect
	at java.net.DualStackPlainSocketImpl.waitForConnect(Native Method)
	at java.net.DualStackPlainSocketImpl.socketConnect(DualStackPlainSocketImpl.java:85)
	at java.net.AbstractPlainSocketImpl.doConnect(AbstractPlainSocketImpl.java:350)
	at java.net.AbstractPlainSocketImpl.connectToAddress(AbstractPlainSocketImpl.java:206)
	at java.net.AbstractPlainSocketImpl.connect(AbstractPlainSocketImpl.java:188)
	at java.net.PlainSocketImpl.connect(PlainSocketImpl.java:172)
	at java.net.SocksSocketImpl.connect(SocksSocketImpl.java:392)
	at java.net.Socket.connect(Socket.java:589)
	at org.apache.http.conn.socket.PlainConnectionSocketFactory.connectSocket(PlainConnectionSocketFactory.java:72)
	at org.apache.http.impl.conn.HttpClientConnectionOperator.connect(HttpClientConnectionOperator.java:123)
	... 44 more
org.openqa.selenium.remote.SessionNotFoundException: A session is either terminated or not started (WARNING: The server did not provide any stacktrace information)
Command duration or timeout: 6 milliseconds
Build info: version: '2.44.0', revision: '76d78cf', time: '2014-10-23 20:03:00'
System info: host: 'LAPTOP-J4LST1G3', ip: '10.2.84.94', os.name: 'Windows 10', os.arch: 'amd64', os.version: '10.0', java.version: '1.8.0_65'
Driver info: io.appium.java_client.AppiumDriver
Capabilities [{appPackage=com.cmcc.andedu_phone, statBarHeight=88, noReset=true, viewportRect={top=88, left=0, width=1440, height=2472}, deviceName=793QBDRJ2283V, platform=LINUX, deviceUDID=793QBDRJ2283V, desired={appPackage=com.cmcc.andedu_phone, appActivity=com.cmcc.andedu_phone.activity.guide.SplashActivity, recreateChromeDriverSessions=True, noReset=true, platformVersion=7.0, automationName=uiautomator2, browserName=, unicodeKeyboard=true, platformName=Android, udid=793QBDRJ2283V, deviceName=793QBDRJ2283V, resetKeyboard=true}, platformVersion=7.0, webStorageEnabled=false, automationName=uiautomator2, takesScreenshot=true, browserName=, javascriptEnabled=true, unicodeKeyboard=true, platformName=Android, udid=793QBDRJ2283V, deviceManufacturer=Meizu, deviceApiLevel=24, resetKeyboard=true, deviceScreenSize=1440x2560, networkConnectionEnabled=true, recreateChromeDriverSessions=True, warnings={}, databaseEnabled=false, appActivity=com.cmcc.andedu_phone.activity.guide.SplashActivity, pixelRatio=4, locationContextEnabled=false, deviceScreenDensity=640, deviceModel=PRO 7 Plus}]
Session ID: 1afb0985-c758-4dfa-96ac-e15b888c5edb
	at sun.reflect.NativeConstructorAccessorImpl.newInstance0(Native Method)
	at sun.reflect.NativeConstructorAccessorImpl.newInstance(NativeConstructorAccessorImpl.java:62)
	at sun.reflect.DelegatingConstructorAccessorImpl.newInstance(DelegatingConstructorAccessorImpl.java:45)
	at java.lang.reflect.Constructor.newInstance(Constructor.java:422)
	at org.openqa.selenium.remote.ErrorHandler.createThrowable(ErrorHandler.java:204)
	at org.openqa.selenium.remote.ErrorHandler.throwIfResponseFailed(ErrorHandler.java:162)
	at org.openqa.selenium.remote.RemoteWebDriver.execute(RemoteWebDriver.java:599)
	at io.appium.java_client.AppiumDriver.execute(AppiumDriver.java:81)
	at org.openqa.selenium.remote.RemoteWebDriver.findElement(RemoteWebDriver.java:352)
	at org.openqa.selenium.remote.RemoteWebDriver.findElementByXPath(RemoteWebDriver.java:449)
	at com.qt.AppDriver.GUI.UIObject.assertUIObjectExistsByLabel(UIObject.java:78)
	at com.qt.AppDriver.Library.NavigationLibrary.clickOnRadioButton(NavigationLibrary.java:210)
	at com.qt.AppDriver.AppDriver.clickOnRadio(AppDriver.java:367)
	at sun.reflect.NativeMethodAccessorImpl.invoke0(Native Method)
	at sun.reflect.NativeMethodAccessorImpl.invoke(NativeMethodAccessorImpl.java:62)
	at sun.reflect.DelegatingMethodAccessorImpl.invoke(DelegatingMethodAccessorImpl.java:43)
	at java.lang.reflect.Method.invoke(Method.java:497)
	at fitnesse.slim.fixtureInteraction.DefaultInteraction.methodInvoke(DefaultInteraction.java:147)
	at fitnesse.slim.fixtureInteraction.DefaultInteraction.callMethod(DefaultInteraction.java:132)
	at fitnesse.slim.fixtureInteraction.DefaultInteraction.invokeMethod(DefaultInteraction.java:114)
	at fitnesse.slim.fixtureInteraction.DefaultInteraction.findAndInvoke(DefaultInteraction.java:92)
	at fitnesse.slim.MethodExecutor.findAndInvoke(MethodExecutor.java:18)
	at fitnesse.slim.FixtureMethodExecutor.execute(FixtureMethodExecutor.java:18)
	at fitnesse.slim.StatementExecutor.getMethodExecutionResult(StatementExecutor.java:130)
	at fitnesse.slim.StatementExecutor.call(StatementExecutor.java:103)
	at fitnesse.slim.instructions.CallInstruction.executeInternal(CallInstruction.java:35)
	at fitnesse.slim.instructions.Instruction.execute(Instruction.java:29)
	at fitnesse.slim.ListExecutor$Executive.executeStatement(ListExecutor.java:49)
	at fitnesse.slim.ListExecutor$Executive.executeStatements(ListExecutor.java:43)
	at fitnesse.slim.ListExecutor.execute(ListExecutor.java:85)
	at fitnesse.slim.SlimServer.executeInstructions(SlimServer.java:82)
	at fitnesse.slim.SlimServer.processOneSetOfInstructions(SlimServer.java:75)
	at fitnesse.slim.SlimServer.tryProcessInstructions(SlimServer.java:62)
	at fitnesse.slim.SlimServer.serve(SlimServer.java:47)
	at fitnesse.slim.SlimService.handle(SlimService.java:168)
	at fitnesse.slim.SlimService.acceptOne(SlimService.java:176)
	at fitnesse.slim.SlimService.accept(SlimService.java:138)
	at fitnesse.slim.SlimService.startWithFactory(SlimService.java:91)
	at fitnesse.slim.SlimService.main(SlimService.java:56)
org.openqa.selenium.remote.SessionNotFoundException: A session is either terminated or not started (WARNING: The server did not provide any stacktrace information)
Command duration or timeout: 6 milliseconds
Build info: version: '2.44.0', revision: '76d78cf', time: '2014-10-23 20:03:00'
System info: host: 'LAPTOP-J4LST1G3', ip: '10.2.84.94', os.name: 'Windows 10', os.arch: 'amd64', os.version: '10.0', java.version: '1.8.0_65'
Driver info: io.appium.java_client.AppiumDriver
Capabilities [{appPackage=com.cmcc.andedu_phone, statBarHeight=88, noReset=true, viewportRect={top=88, left=0, width=1440, height=2472}, deviceName=793QBDRJ2283V, platform=LINUX, deviceUDID=793QBDRJ2283V, desired={appPackage=com.cmcc.andedu_phone, appActivity=com.cmcc.andedu_phone.activity.guide.SplashActivity, recreateChromeDriverSessions=True, noReset=true, platformVersion=7.0, automationName=uiautomator2, browserName=, unicodeKeyboard=true, platformName=Android, udid=793QBDRJ2283V, deviceName=793QBDRJ2283V, resetKeyboard=true}, platformVersion=7.0, webStorageEnabled=false, automationName=uiautomator2, takesScreenshot=true, browserName=, javascriptEnabled=true, unicodeKeyboard=true, platformName=Android, udid=793QBDRJ2283V, deviceManufacturer=Meizu, deviceApiLevel=24, resetKeyboard=true, deviceScreenSize=1440x2560, networkConnectionEnabled=true, recreateChromeDriverSessions=True, warnings={}, databaseEnabled=false, appActivity=com.cmcc.andedu_phone.activity.guide.SplashActivity, pixelRatio=4, locationContextEnabled=false, deviceScreenDensity=640, deviceModel=PRO 7 Plus}]
Session ID: 1afb0985-c758-4dfa-96ac-e15b888c5edb
	at sun.reflect.NativeConstructorAccessorImpl.newInstance0(Native Method)
	at sun.reflect.NativeConstructorAccessorImpl.newInstance(NativeConstructorAccessorImpl.java:62)
	at sun.reflect.DelegatingConstructorAccessorImpl.newInstance(DelegatingConstructorAccessorImpl.java:45)
	at java.lang.reflect.Constructor.newInstance(Constructor.java:422)
	at org.openqa.selenium.remote.ErrorHandler.createThrowable(ErrorHandler.java:204)
	at org.openqa.selenium.remote.ErrorHandler.throwIfResponseFailed(ErrorHandler.java:162)
	at org.openqa.selenium.remote.RemoteWebDriver.execute(RemoteWebDriver.java:599)
	at io.appium.java_client.AppiumDriver.execute(AppiumDriver.java:81)
	at org.openqa.selenium.remote.RemoteWebDriver.findElement(RemoteWebDriver.java:352)
	at org.openqa.selenium.remote.RemoteWebDriver.findElementById(RemoteWebDriver.java:393)
	at com.qt.AppDriver.GUI.UIObject.assertUIObjectExistsByID(UIObject.java:58)
	at com.qt.AppDriver.Library.NavigationLibrary.clickOnRadioButton(NavigationLibrary.java:219)
	at com.qt.AppDriver.AppDriver.clickOnRadio(AppDriver.java:367)
	at sun.reflect.NativeMethodAccessorImpl.invoke0(Native Method)
	at sun.reflect.NativeMethodAccessorImpl.invoke(NativeMethodAccessorImpl.java:62)
	at sun.reflect.DelegatingMethodAccessorImpl.invoke(DelegatingMethodAccessorImpl.java:43)
	at java.lang.reflect.Method.invoke(Method.java:497)
	at fitnesse.slim.fixtureInteraction.DefaultInteraction.methodInvoke(DefaultInteraction.java:147)
	at fitnesse.slim.fixtureInteraction.DefaultInteraction.callMethod(DefaultInteraction.java:132)
	at fitnesse.slim.fixtureInteraction.DefaultInteraction.invokeMethod(DefaultInteraction.java:114)
	at fitnesse.slim.fixtureInteraction.DefaultInteraction.findAndInvoke(DefaultInteraction.java:92)
	at fitnesse.slim.MethodExecutor.findAndInvoke(MethodExecutor.java:18)
	at fitnesse.slim.FixtureMethodExecutor.execute(FixtureMethodExecutor.java:18)
	at fitnesse.slim.StatementExecutor.getMethodExecutionResult(StatementExecutor.java:130)
	at fitnesse.slim.StatementExecutor.call(StatementExecutor.java:103)
	at fitnesse.slim.instructions.CallInstruction.executeInternal(CallInstruction.java:35)
	at fitnesse.slim.instructions.Instruction.execute(Instruction.java:29)
	at fitnesse.slim.ListExecutor$Executive.executeStatement(ListExecutor.java:49)
	at fitnesse.slim.ListExecutor$Executive.executeStatements(ListExecutor.java:43)
	at fitnesse.slim.ListExecutor.execute(ListExecutor.java:85)
	at fitnesse.slim.SlimServer.executeInstructions(SlimServer.java:82)
	at fitnesse.slim.SlimServer.processOneSetOfInstructions(SlimServer.java:75)
	at fitnesse.slim.SlimServer.tryProcessInstructions(SlimServer.java:62)
	at fitnesse.slim.SlimServer.serve(SlimServer.java:47)
	at fitnesse.slim.SlimService.handle(SlimService.java:168)
	at fitnesse.slim.SlimService.acceptOne(SlimService.java:176)
	at fitnesse.slim.SlimService.accept(SlimService.java:138)
	at fitnesse.slim.SlimService.startWithFactory(SlimService.java:91)
	at fitnesse.slim.SlimService.main(SlimService.java:56)
</stdErr>
    <exception>Could not send/receive data with SUT</exception>
    <exception>fitnesse.testsystems.slim.SlimCommunicationException: Could not send/receive data with SUT</exception>
  </executionLog>
  <finalCounts>
    <right>2</right>
    <wrong>5</wrong>
    <ignores>0</ignores>
    <exceptions>1</exceptions>
  </finalCounts>
  <totalRunTimeInMillis>2048623</totalRunTimeInMillis>
</suiteResults>

