<?xml version="1.0"?>
<suiteResults>
  <FitNesseVersion>v20161106</FitNesseVersion>
  <rootPath>EduAndroidAuto.TestSuite.5AppCenter</rootPath>
  <pageHistoryReference>
    <name>EduAndroidAuto.TestSuite.5AppCenter.5-11JiaBoFJ</name>
    <date>2018-10-26T09:17:38+08:00</date>
    <pageHistoryLink>EduAndroidAuto.TestSuite.5AppCenter.5-11JiaBoFJ?pageHistory&amp;resultDate=20181026091738</pageHistoryLink>
    <counts>
      <right>4</right>
      <wrong>1</wrong>
      <ignores>0</ignores>
      <exceptions>0</exceptions>
    </counts>
    <runTimeInMillis>90258</runTimeInMillis>
  </pageHistoryReference>
  <pageHistoryReference>
    <name>EduAndroidAuto.TestSuite.5AppCenter.5-12YuZhiTongTch</name>
    <date>2018-10-26T09:19:08+08:00</date>
    <pageHistoryLink>EduAndroidAuto.TestSuite.5AppCenter.5-12YuZhiTongTch?pageHistory&amp;resultDate=20181026091908</pageHistoryLink>
    <counts>
      <right>5</right>
      <wrong>0</wrong>
      <ignores>0</ignores>
      <exceptions>0</exceptions>
    </counts>
    <runTimeInMillis>159216</runTimeInMillis>
  </pageHistoryReference>
  <pageHistoryReference>
    <name>EduAndroidAuto.TestSuite.5AppCenter.5-13XueTongSXTch</name>
    <date>2018-10-26T09:21:47+08:00</date>
    <pageHistoryLink>EduAndroidAuto.TestSuite.5AppCenter.5-13XueTongSXTch?pageHistory&amp;resultDate=20181026092147</pageHistoryLink>
    <counts>
      <right>3</right>
      <wrong>2</wrong>
      <ignores>0</ignores>
      <exceptions>0</exceptions>
    </counts>
    <runTimeInMillis>76168</runTimeInMillis>
  </pageHistoryReference>
  <pageHistoryReference>
    <name>EduAndroidAuto.TestSuite.5AppCenter.5-14HuDongZWSXTch</name>
    <date>2018-10-26T09:23:03+08:00</date>
    <pageHistoryLink>EduAndroidAuto.TestSuite.5AppCenter.5-14HuDongZWSXTch?pageHistory&amp;resultDate=20181026092303</pageHistoryLink>
    <counts>
      <right>3</right>
      <wrong>2</wrong>
      <ignores>0</ignores>
      <exceptions>0</exceptions>
    </counts>
    <runTimeInMillis>76177</runTimeInMillis>
  </pageHistoryReference>
  <executionLog>
    <testSystem>slim:fitnesse.slim.SlimService</testSystem>
    <command>"D:\Program Files\Java\jdk1.8.0_65\bin\java" -cp D:\Automation\AndEduAndroid\lib\fitnesse-standalone.jar;D:/Automation/AndEduAndroid/lib/java-client-1.2.1.jar;D:/Automation/AndEduAndroid/lib/junit-4.10.jar;D:/Automation/AndEduAndroid/lib/selenium-java-2.44.0.jar;D:/Automation/AndEduAndroid/lib/selenium-server-standalone-2.44.0.jar;D:/Automation/AndEduAndroid/lib/AutomationDriver.jar fitnesse.slim.SlimService 1</command>
    <exitCode>1</exitCode>
    <stdOut>=============================================================================================
======================================== Test Start =========================================
[Start App]
[Setup] Environment Init.
[Params] BrowserName = 
[Params] PlatformName = Android
[Params] DeviceName = 793QBDRJ2283V
[Params] UDID = 793QBDRJ2283V
[Params] PlatformVer = 7.0
[Params] Package = com.cmcc.andedu_phone
[Params] Activity = com.cmcc.andedu_phone.activity.guide.SplashActivity
[Params] Automation = uiautomator2
[Params] Appium URL = http://127.0.0.1:4723/wd/hub
[Setup] Start Appium.
[Setup] Set ImplicitlyWait = 30s.
[Setup] Set Screen Shot Range.
[Start Point](0, 0)
[Size](1440, 2560)
[Screenshot Range] Screenshot Range Element = android:id/content
[Screenshot Range] Screenshot Start At (0,0)
[Screenshot Range] Screenshot Width = 1440
[Screenshot Range] Screenshot Height = 2560
[Click On Radio] --&gt; Ӧ��
[Assert Element Exists] By Label --&gt; Ӧ��
[Assert Element Exists] By Label &lt;-- FOUND!
[Assert Enable] AssertUIObjectEnabledByLabel --&gt; Ӧ��
[Wait 2 Seconds]
[Open App In App Center With Bottom] &gt;&gt;&gt; �Ӳ��ּ��Ķ�
[swipeToFindTextViewAndClickOn(): Function In]
[Assert Element Exists] By Label --&gt; �Ӳ��ּ��Ķ�
An element could not be located on the page using the given search parameters. (WARNING: The server did not provide any stacktrace information)
Command duration or timeout: 2.31 seconds
For documentation on this error, please visit: http://seleniumhq.org/exceptions/no_such_element.html
Build info: version: '2.44.0', revision: '76d78cf', time: '2014-10-23 20:03:00'
System info: host: 'LAPTOP-J4LST1G3', ip: '10.2.84.94', os.name: 'Windows 10', os.arch: 'amd64', os.version: '10.0', java.version: '1.8.0_65'
Driver info: io.appium.java_client.AppiumDriver
Capabilities [{appPackage=com.cmcc.andedu_phone, recreateChromeDriverSessions=True, noReset=true, deviceName=793QBDRJ2283V, platform=ANY, appActivity=com.cmcc.andedu_phone.activity.guide.SplashActivity, platformVersion=7.0, automationName=uiautomator2, browserName=, unicodeKeyboard=true, platformName=Android, udid=793QBDRJ2283V, resetKeyboard=true}]
Session ID: b9f7b3f7-d49f-4be8-9674-f68adc7bc745
[swipeToFindTextViewAndClickOn(): execute in while]
[Swipe to UP]
[Assert Element Exists] By Label --&gt; �����Ƽ�
An element could not be located on the page using the given search parameters. (WARNING: The server did not provide any stacktrace information)
Command duration or timeout: 2.59 seconds
For documentation on this error, please visit: http://seleniumhq.org/exceptions/no_such_element.html
Build info: version: '2.44.0', revision: '76d78cf', time: '2014-10-23 20:03:00'
System info: host: 'LAPTOP-J4LST1G3', ip: '10.2.84.94', os.name: 'Windows 10', os.arch: 'amd64', os.version: '10.0', java.version: '1.8.0_65'
Driver info: io.appium.java_client.AppiumDriver
Capabilities [{appPackage=com.cmcc.andedu_phone, recreateChromeDriverSessions=True, noReset=true, deviceName=793QBDRJ2283V, platform=ANY, appActivity=com.cmcc.andedu_phone.activity.guide.SplashActivity, platformVersion=7.0, automationName=uiautomator2, browserName=, unicodeKeyboard=true, platformName=Android, udid=793QBDRJ2283V, resetKeyboard=true}]
Session ID: b9f7b3f7-d49f-4be8-9674-f68adc7bc745
[swipeToFindTextViewAndClickOn(): Swipe once]
[Assert Element Exists] By Label --&gt; �Ӳ��ּ��Ķ�
An element could not be located on the page using the given search parameters. (WARNING: The server did not provide any stacktrace information)
Command duration or timeout: 2.50 seconds
For documentation on this error, please visit: http://seleniumhq.org/exceptions/no_such_element.html
Build info: version: '2.44.0', revision: '76d78cf', time: '2014-10-23 20:03:00'
System info: host: 'LAPTOP-J4LST1G3', ip: '10.2.84.94', os.name: 'Windows 10', os.arch: 'amd64', os.version: '10.0', java.version: '1.8.0_65'
Driver info: io.appium.java_client.AppiumDriver
Capabilities [{appPackage=com.cmcc.andedu_phone, recreateChromeDriverSessions=True, noReset=true, deviceName=793QBDRJ2283V, platform=ANY, appActivity=com.cmcc.andedu_phone.activity.guide.SplashActivity, platformVersion=7.0, automationName=uiautomator2, browserName=, unicodeKeyboard=true, platformName=Android, udid=793QBDRJ2283V, resetKeyboard=true}]
Session ID: b9f7b3f7-d49f-4be8-9674-f68adc7bc745
[swipeToFindTextViewAndClickOn(): execute in while]
[Swipe to UP]
[Assert Element Exists] By Label --&gt; �����Ƽ�
An element could not be located on the page using the given search parameters. (WARNING: The server did not provide any stacktrace information)
Command duration or timeout: 2.62 seconds
For documentation on this error, please visit: http://seleniumhq.org/exceptions/no_such_element.html
Build info: version: '2.44.0', revision: '76d78cf', time: '2014-10-23 20:03:00'
System info: host: 'LAPTOP-J4LST1G3', ip: '10.2.84.94', os.name: 'Windows 10', os.arch: 'amd64', os.version: '10.0', java.version: '1.8.0_65'
Driver info: io.appium.java_client.AppiumDriver
Capabilities [{appPackage=com.cmcc.andedu_phone, recreateChromeDriverSessions=True, noReset=true, deviceName=793QBDRJ2283V, platform=ANY, appActivity=com.cmcc.andedu_phone.activity.guide.SplashActivity, platformVersion=7.0, automationName=uiautomator2, browserName=, unicodeKeyboard=true, platformName=Android, udid=793QBDRJ2283V, resetKeyboard=true}]
Session ID: b9f7b3f7-d49f-4be8-9674-f68adc7bc745
[swipeToFindTextViewAndClickOn(): Swipe once]
[Assert Element Exists] By Label --&gt; �Ӳ��ּ��Ķ�
An element could not be located on the page using the given search parameters. (WARNING: The server did not provide any stacktrace information)
Command duration or timeout: 2.93 seconds
For documentation on this error, please visit: http://seleniumhq.org/exceptions/no_such_element.html
Build info: version: '2.44.0', revision: '76d78cf', time: '2014-10-23 20:03:00'
System info: host: 'LAPTOP-J4LST1G3', ip: '10.2.84.94', os.name: 'Windows 10', os.arch: 'amd64', os.version: '10.0', java.version: '1.8.0_65'
Driver info: io.appium.java_client.AppiumDriver
Capabilities [{appPackage=com.cmcc.andedu_phone, recreateChromeDriverSessions=True, noReset=true, deviceName=793QBDRJ2283V, platform=ANY, appActivity=com.cmcc.andedu_phone.activity.guide.SplashActivity, platformVersion=7.0, automationName=uiautomator2, browserName=, unicodeKeyboard=true, platformName=Android, udid=793QBDRJ2283V, resetKeyboard=true}]
Session ID: b9f7b3f7-d49f-4be8-9674-f68adc7bc745
[swipeToFindTextViewAndClickOn(): execute in while]
[Swipe to UP]
[Assert Element Exists] By Label --&gt; �����Ƽ�
An element could not be located on the page using the given search parameters. (WARNING: The server did not provide any stacktrace information)
Command duration or timeout: 2.55 seconds
For documentation on this error, please visit: http://seleniumhq.org/exceptions/no_such_element.html
Build info: version: '2.44.0', revision: '76d78cf', time: '2014-10-23 20:03:00'
System info: host: 'LAPTOP-J4LST1G3', ip: '10.2.84.94', os.name: 'Windows 10', os.arch: 'amd64', os.version: '10.0', java.version: '1.8.0_65'
Driver info: io.appium.java_client.AppiumDriver
Capabilities [{appPackage=com.cmcc.andedu_phone, recreateChromeDriverSessions=True, noReset=true, deviceName=793QBDRJ2283V, platform=ANY, appActivity=com.cmcc.andedu_phone.activity.guide.SplashActivity, platformVersion=7.0, automationName=uiautomator2, browserName=, unicodeKeyboard=true, platformName=Android, udid=793QBDRJ2283V, resetKeyboard=true}]
Session ID: b9f7b3f7-d49f-4be8-9674-f68adc7bc745
[swipeToFindTextViewAndClickOn(): Swipe once]
[Assert Element Exists] By Label --&gt; �Ӳ��ּ��Ķ�
[Assert Element Exists] By Label &lt;-- FOUND!
[swipeToFindTextViewAndClickOn(): End while]
[Assert Element Exists] By Label --&gt; �Ӳ��ּ��Ķ�
[Assert Element Exists] By Label &lt;-- FOUND!
[Click On Textview] --&gt; ����Ӧ��
[Assert Element Exists] By Label --&gt; ����Ӧ��
[Assert Element Exists] By Label &lt;-- FOUND!
[Wait 8 Seconds]
[Switch To Webview]
[Set Webview --&gt; WEBVIEW_com.cmcc.andedu_phone ]
[Wait 2 Seconds]
[Get Text Of] --&gt; (//span[@class='am-navbar-label'])[1]
[Assert Element Exists] By XPATH --&gt; (//span[@class='am-navbar-label'])[1]
no such element: Unable to locate element: {"method":"xpath","selector":"(//span[@class='am-navbar-label'])[1]"}
  (Session info: chrome=51.0.2704.110)
  (Driver info: chromedriver=2.22.397933 (1cab651507b88dec79b2b2a22d1943c01833cc1b),platform=Windows NT 10.0.17134 x86_64) (WARNING: The server did not provide any stacktrace information)
Command duration or timeout: 157 milliseconds
For documentation on this error, please visit: http://seleniumhq.org/exceptions/no_such_element.html
Build info: version: '2.44.0', revision: '76d78cf', time: '2014-10-23 20:03:00'
System info: host: 'LAPTOP-J4LST1G3', ip: '10.2.84.94', os.name: 'Windows 10', os.arch: 'amd64', os.version: '10.0', java.version: '1.8.0_65'
Driver info: io.appium.java_client.AppiumDriver
Capabilities [{appPackage=com.cmcc.andedu_phone, recreateChromeDriverSessions=True, noReset=true, deviceName=793QBDRJ2283V, platform=ANY, appActivity=com.cmcc.andedu_phone.activity.guide.SplashActivity, platformVersion=7.0, automationName=uiautomator2, browserName=, unicodeKeyboard=true, platformName=Android, udid=793QBDRJ2283V, resetKeyboard=true}]
Session ID: b9f7b3f7-d49f-4be8-9674-f68adc7bc745
[Close App]
========================================= Test End ==========================================
=============================================================================================
=============================================================================================
======================================== Test Start =========================================
[Start App]
[Setup] Environment Init.
[Params] BrowserName = 
[Params] PlatformName = Android
[Params] DeviceName = 793QBDRJ2283V
[Params] UDID = 793QBDRJ2283V
[Params] PlatformVer = 7.0
[Params] Package = com.cmcc.andedu_phone
[Params] Activity = com.cmcc.andedu_phone.activity.guide.SplashActivity
[Params] Automation = uiautomator2
[Params] Appium URL = http://127.0.0.1:4723/wd/hub
[Setup] Start Appium.
[Setup] Set ImplicitlyWait = 30s.
[Setup] Set Screen Shot Range.
[Start Point](0, 0)
[Size](1440, 2560)
[Screenshot Range] Screenshot Range Element = android:id/content
[Screenshot Range] Screenshot Start At (0,0)
[Screenshot Range] Screenshot Width = 1440
[Screenshot Range] Screenshot Height = 2560
[Click On Radio] --&gt; Ӧ��
[Assert Element Exists] By Label --&gt; Ӧ��
[Assert Element Exists] By Label &lt;-- FOUND!
[Assert Enable] AssertUIObjectEnabledByLabel --&gt; Ӧ��
[Wait 2 Seconds]
[Open App In App Center With Bottom] &gt;&gt;&gt; ����ͨ��ʦ��
[swipeToFindTextViewAndClickOn(): Function In]
[Assert Element Exists] By Label --&gt; ����ͨ��ʦ��
An element could not be located on the page using the given search parameters. (WARNING: The server did not provide any stacktrace information)
Command duration or timeout: 2.41 seconds
For documentation on this error, please visit: http://seleniumhq.org/exceptions/no_such_element.html
Build info: version: '2.44.0', revision: '76d78cf', time: '2014-10-23 20:03:00'
System info: host: 'LAPTOP-J4LST1G3', ip: '10.2.84.94', os.name: 'Windows 10', os.arch: 'amd64', os.version: '10.0', java.version: '1.8.0_65'
Driver info: io.appium.java_client.AppiumDriver
Capabilities [{appPackage=com.cmcc.andedu_phone, recreateChromeDriverSessions=True, noReset=true, deviceName=793QBDRJ2283V, platform=ANY, appActivity=com.cmcc.andedu_phone.activity.guide.SplashActivity, platformVersion=7.0, automationName=uiautomator2, browserName=, unicodeKeyboard=true, platformName=Android, udid=793QBDRJ2283V, resetKeyboard=true}]
Session ID: ba08775b-ba5a-46fc-8bfc-2dd9794f5f72
[swipeToFindTextViewAndClickOn(): execute in while]
[Swipe to UP]
[Assert Element Exists] By Label --&gt; �����Ƽ�
An element could not be located on the page using the given search parameters. (WARNING: The server did not provide any stacktrace information)
Command duration or timeout: 2.07 seconds
For documentation on this error, please visit: http://seleniumhq.org/exceptions/no_such_element.html
Build info: version: '2.44.0', revision: '76d78cf', time: '2014-10-23 20:03:00'
System info: host: 'LAPTOP-J4LST1G3', ip: '10.2.84.94', os.name: 'Windows 10', os.arch: 'amd64', os.version: '10.0', java.version: '1.8.0_65'
Driver info: io.appium.java_client.AppiumDriver
Capabilities [{appPackage=com.cmcc.andedu_phone, recreateChromeDriverSessions=True, noReset=true, deviceName=793QBDRJ2283V, platform=ANY, appActivity=com.cmcc.andedu_phone.activity.guide.SplashActivity, platformVersion=7.0, automationName=uiautomator2, browserName=, unicodeKeyboard=true, platformName=Android, udid=793QBDRJ2283V, resetKeyboard=true}]
Session ID: ba08775b-ba5a-46fc-8bfc-2dd9794f5f72
[swipeToFindTextViewAndClickOn(): Swipe once]
[Assert Element Exists] By Label --&gt; ����ͨ��ʦ��
An element could not be located on the page using the given search parameters. (WARNING: The server did not provide any stacktrace information)
Command duration or timeout: 2.35 seconds
For documentation on this error, please visit: http://seleniumhq.org/exceptions/no_such_element.html
Build info: version: '2.44.0', revision: '76d78cf', time: '2014-10-23 20:03:00'
System info: host: 'LAPTOP-J4LST1G3', ip: '10.2.84.94', os.name: 'Windows 10', os.arch: 'amd64', os.version: '10.0', java.version: '1.8.0_65'
Driver info: io.appium.java_client.AppiumDriver
Capabilities [{appPackage=com.cmcc.andedu_phone, recreateChromeDriverSessions=True, noReset=true, deviceName=793QBDRJ2283V, platform=ANY, appActivity=com.cmcc.andedu_phone.activity.guide.SplashActivity, platformVersion=7.0, automationName=uiautomator2, browserName=, unicodeKeyboard=true, platformName=Android, udid=793QBDRJ2283V, resetKeyboard=true}]
Session ID: ba08775b-ba5a-46fc-8bfc-2dd9794f5f72
[swipeToFindTextViewAndClickOn(): execute in while]
[Swipe to UP]
[Assert Element Exists] By Label --&gt; �����Ƽ�
An element could not be located on the page using the given search parameters. (WARNING: The server did not provide any stacktrace information)
Command duration or timeout: 2.06 seconds
For documentation on this error, please visit: http://seleniumhq.org/exceptions/no_such_element.html
Build info: version: '2.44.0', revision: '76d78cf', time: '2014-10-23 20:03:00'
System info: host: 'LAPTOP-J4LST1G3', ip: '10.2.84.94', os.name: 'Windows 10', os.arch: 'amd64', os.version: '10.0', java.version: '1.8.0_65'
Driver info: io.appium.java_client.AppiumDriver
Capabilities [{appPackage=com.cmcc.andedu_phone, recreateChromeDriverSessions=True, noReset=true, deviceName=793QBDRJ2283V, platform=ANY, appActivity=com.cmcc.andedu_phone.activity.guide.SplashActivity, platformVersion=7.0, automationName=uiautomator2, browserName=, unicodeKeyboard=true, platformName=Android, udid=793QBDRJ2283V, resetKeyboard=true}]
Session ID: ba08775b-ba5a-46fc-8bfc-2dd9794f5f72
[swipeToFindTextViewAndClickOn(): Swipe once]
[Assert Element Exists] By Label --&gt; ����ͨ��ʦ��
An element could not be located on the page using the given search parameters. (WARNING: The server did not provide any stacktrace information)
Command duration or timeout: 2.26 seconds
For documentation on this error, please visit: http://seleniumhq.org/exceptions/no_such_element.html
Build info: version: '2.44.0', revision: '76d78cf', time: '2014-10-23 20:03:00'
System info: host: 'LAPTOP-J4LST1G3', ip: '10.2.84.94', os.name: 'Windows 10', os.arch: 'amd64', os.version: '10.0', java.version: '1.8.0_65'
Driver info: io.appium.java_client.AppiumDriver
Capabilities [{appPackage=com.cmcc.andedu_phone, recreateChromeDriverSessions=True, noReset=true, deviceName=793QBDRJ2283V, platform=ANY, appActivity=com.cmcc.andedu_phone.activity.guide.SplashActivity, platformVersion=7.0, automationName=uiautomator2, browserName=, unicodeKeyboard=true, platformName=Android, udid=793QBDRJ2283V, resetKeyboard=true}]
Session ID: ba08775b-ba5a-46fc-8bfc-2dd9794f5f72
[swipeToFindTextViewAndClickOn(): execute in while]
[Swipe to UP]
[Assert Element Exists] By Label --&gt; �����Ƽ�
An element could not be located on the page using the given search parameters. (WARNING: The server did not provide any stacktrace information)
Command duration or timeout: 2.31 seconds
For documentation on this error, please visit: http://seleniumhq.org/exceptions/no_such_element.html
Build info: version: '2.44.0', revision: '76d78cf', time: '2014-10-23 20:03:00'
System info: host: 'LAPTOP-J4LST1G3', ip: '10.2.84.94', os.name: 'Windows 10', os.arch: 'amd64', os.version: '10.0', java.version: '1.8.0_65'
Driver info: io.appium.java_client.AppiumDriver
Capabilities [{appPackage=com.cmcc.andedu_phone, recreateChromeDriverSessions=True, noReset=true, deviceName=793QBDRJ2283V, platform=ANY, appActivity=com.cmcc.andedu_phone.activity.guide.SplashActivity, platformVersion=7.0, automationName=uiautomator2, browserName=, unicodeKeyboard=true, platformName=Android, udid=793QBDRJ2283V, resetKeyboard=true}]
Session ID: ba08775b-ba5a-46fc-8bfc-2dd9794f5f72
[swipeToFindTextViewAndClickOn(): Swipe once]
[Assert Element Exists] By Label --&gt; ����ͨ��ʦ��
An element could not be located on the page using the given search parameters. (WARNING: The server did not provide any stacktrace information)
Command duration or timeout: 2.33 seconds
For documentation on this error, please visit: http://seleniumhq.org/exceptions/no_such_element.html
Build info: version: '2.44.0', revision: '76d78cf', time: '2014-10-23 20:03:00'
System info: host: 'LAPTOP-J4LST1G3', ip: '10.2.84.94', os.name: 'Windows 10', os.arch: 'amd64', os.version: '10.0', java.version: '1.8.0_65'
Driver info: io.appium.java_client.AppiumDriver
Capabilities [{appPackage=com.cmcc.andedu_phone, recreateChromeDriverSessions=True, noReset=true, deviceName=793QBDRJ2283V, platform=ANY, appActivity=com.cmcc.andedu_phone.activity.guide.SplashActivity, platformVersion=7.0, automationName=uiautomator2, browserName=, unicodeKeyboard=true, platformName=Android, udid=793QBDRJ2283V, resetKeyboard=true}]
Session ID: ba08775b-ba5a-46fc-8bfc-2dd9794f5f72
[swipeToFindTextViewAndClickOn(): execute in while]
[Swipe to UP]
[Assert Element Exists] By Label --&gt; �����Ƽ�
An element could not be located on the page using the given search parameters. (WARNING: The server did not provide any stacktrace information)
Command duration or timeout: 2.56 seconds
For documentation on this error, please visit: http://seleniumhq.org/exceptions/no_such_element.html
Build info: version: '2.44.0', revision: '76d78cf', time: '2014-10-23 20:03:00'
System info: host: 'LAPTOP-J4LST1G3', ip: '10.2.84.94', os.name: 'Windows 10', os.arch: 'amd64', os.version: '10.0', java.version: '1.8.0_65'
Driver info: io.appium.java_client.AppiumDriver
Capabilities [{appPackage=com.cmcc.andedu_phone, recreateChromeDriverSessions=True, noReset=true, deviceName=793QBDRJ2283V, platform=ANY, appActivity=com.cmcc.andedu_phone.activity.guide.SplashActivity, platformVersion=7.0, automationName=uiautomator2, browserName=, unicodeKeyboard=true, platformName=Android, udid=793QBDRJ2283V, resetKeyboard=true}]
Session ID: ba08775b-ba5a-46fc-8bfc-2dd9794f5f72
[swipeToFindTextViewAndClickOn(): Swipe once]
[Assert Element Exists] By Label --&gt; ����ͨ��ʦ��
[Assert Element Exists] By Label &lt;-- FOUND!
[swipeToFindTextViewAndClickOn(): End while]
[Assert Element Exists] By Label --&gt; ����ͨ��ʦ��
[Assert Element Exists] By Label &lt;-- FOUND!
[Click On Textview] --&gt; ����Ӧ��
[Assert Element Exists] By Label --&gt; ����Ӧ��
[Assert Element Exists] By Label &lt;-- FOUND!
[Wait 8 Seconds]
[Switch To Webview]
[Set Webview --&gt; WEBVIEW_com.cmcc.andedu_phone ]
[Get Text Of] --&gt; //button[@class='set-work']
[Assert Element Exists] By XPATH --&gt; //button[@class='set-work']
[Assert Element Exists] By XPATH &lt;-- FOUND!
[Close App]
========================================= Test End ==========================================
=============================================================================================
=============================================================================================
======================================== Test Start =========================================
[Start App]
[Setup] Environment Init.
[Params] BrowserName = 
[Params] PlatformName = Android
[Params] DeviceName = 793QBDRJ2283V
[Params] UDID = 793QBDRJ2283V
[Params] PlatformVer = 7.0
[Params] Package = com.cmcc.andedu_phone
[Params] Activity = com.cmcc.andedu_phone.activity.guide.SplashActivity
[Params] Automation = uiautomator2
[Params] Appium URL = http://127.0.0.1:4723/wd/hub
[Setup] Start Appium.
[Setup] Set ImplicitlyWait = 30s.
[Setup] Set Screen Shot Range.
[Start Point](0, 0)
[Size](1440, 2472)
[Screenshot Range] Screenshot Range Element = android:id/content
[Screenshot Range] Screenshot Start At (0,0)
[Screenshot Range] Screenshot Width = 1440
[Screenshot Range] Screenshot Height = 2472
[Click On Radio] --&gt; Ӧ��
[Assert Element Exists] By Label --&gt; Ӧ��
[Assert Element Exists] By Label &lt;-- FOUND!
[Assert Enable] AssertUIObjectEnabledByLabel --&gt; Ӧ��
[Wait 2 Seconds]
[Open App In App Center With Bottom] &gt;&gt;&gt; ѧͨ��ѧ��ʦ��
[swipeToFindTextViewAndClickOn(): Function In]
[Assert Element Exists] By Label --&gt; ѧͨ��ѧ��ʦ��
An element could not be located on the page using the given search parameters. (WARNING: The server did not provide any stacktrace information)
Command duration or timeout: 2.39 seconds
For documentation on this error, please visit: http://seleniumhq.org/exceptions/no_such_element.html
Build info: version: '2.44.0', revision: '76d78cf', time: '2014-10-23 20:03:00'
System info: host: 'LAPTOP-J4LST1G3', ip: '10.2.84.94', os.name: 'Windows 10', os.arch: 'amd64', os.version: '10.0', java.version: '1.8.0_65'
Driver info: io.appium.java_client.AppiumDriver
Capabilities [{appPackage=com.cmcc.andedu_phone, recreateChromeDriverSessions=True, noReset=true, deviceName=793QBDRJ2283V, platform=ANY, appActivity=com.cmcc.andedu_phone.activity.guide.SplashActivity, platformVersion=7.0, automationName=uiautomator2, browserName=, unicodeKeyboard=true, platformName=Android, udid=793QBDRJ2283V, resetKeyboard=true}]
Session ID: 735d5055-c15a-42e9-bf79-e6f5ba1fb446
[swipeToFindTextViewAndClickOn(): execute in while]
[Swipe to UP]
[Assert Element Exists] By Label --&gt; �����Ƽ�
An element could not be located on the page using the given search parameters. (WARNING: The server did not provide any stacktrace information)
Command duration or timeout: 2.56 seconds
For documentation on this error, please visit: http://seleniumhq.org/exceptions/no_such_element.html
Build info: version: '2.44.0', revision: '76d78cf', time: '2014-10-23 20:03:00'
System info: host: 'LAPTOP-J4LST1G3', ip: '10.2.84.94', os.name: 'Windows 10', os.arch: 'amd64', os.version: '10.0', java.version: '1.8.0_65'
Driver info: io.appium.java_client.AppiumDriver
Capabilities [{appPackage=com.cmcc.andedu_phone, recreateChromeDriverSessions=True, noReset=true, deviceName=793QBDRJ2283V, platform=ANY, appActivity=com.cmcc.andedu_phone.activity.guide.SplashActivity, platformVersion=7.0, automationName=uiautomator2, browserName=, unicodeKeyboard=true, platformName=Android, udid=793QBDRJ2283V, resetKeyboard=true}]
Session ID: 735d5055-c15a-42e9-bf79-e6f5ba1fb446
[swipeToFindTextViewAndClickOn(): Swipe once]
[Assert Element Exists] By Label --&gt; ѧͨ��ѧ��ʦ��
An element could not be located on the page using the given search parameters. (WARNING: The server did not provide any stacktrace information)
Command duration or timeout: 2.02 seconds
For documentation on this error, please visit: http://seleniumhq.org/exceptions/no_such_element.html
Build info: version: '2.44.0', revision: '76d78cf', time: '2014-10-23 20:03:00'
System info: host: 'LAPTOP-J4LST1G3', ip: '10.2.84.94', os.name: 'Windows 10', os.arch: 'amd64', os.version: '10.0', java.version: '1.8.0_65'
Driver info: io.appium.java_client.AppiumDriver
Capabilities [{appPackage=com.cmcc.andedu_phone, recreateChromeDriverSessions=True, noReset=true, deviceName=793QBDRJ2283V, platform=ANY, appActivity=com.cmcc.andedu_phone.activity.guide.SplashActivity, platformVersion=7.0, automationName=uiautomator2, browserName=, unicodeKeyboard=true, platformName=Android, udid=793QBDRJ2283V, resetKeyboard=true}]
Session ID: 735d5055-c15a-42e9-bf79-e6f5ba1fb446
[swipeToFindTextViewAndClickOn(): execute in while]
[Swipe to UP]
[Assert Element Exists] By Label --&gt; �����Ƽ�
An element could not be located on the page using the given search parameters. (WARNING: The server did not provide any stacktrace information)
Command duration or timeout: 2.68 seconds
For documentation on this error, please visit: http://seleniumhq.org/exceptions/no_such_element.html
Build info: version: '2.44.0', revision: '76d78cf', time: '2014-10-23 20:03:00'
System info: host: 'LAPTOP-J4LST1G3', ip: '10.2.84.94', os.name: 'Windows 10', os.arch: 'amd64', os.version: '10.0', java.version: '1.8.0_65'
Driver info: io.appium.java_client.AppiumDriver
Capabilities [{appPackage=com.cmcc.andedu_phone, recreateChromeDriverSessions=True, noReset=true, deviceName=793QBDRJ2283V, platform=ANY, appActivity=com.cmcc.andedu_phone.activity.guide.SplashActivity, platformVersion=7.0, automationName=uiautomator2, browserName=, unicodeKeyboard=true, platformName=Android, udid=793QBDRJ2283V, resetKeyboard=true}]
Session ID: 735d5055-c15a-42e9-bf79-e6f5ba1fb446
[swipeToFindTextViewAndClickOn(): Swipe once]
[Assert Element Exists] By Label --&gt; ѧͨ��ѧ��ʦ��
An element could not be located on the page using the given search parameters. (WARNING: The server did not provide any stacktrace information)
Command duration or timeout: 2.89 seconds
For documentation on this error, please visit: http://seleniumhq.org/exceptions/no_such_element.html
Build info: version: '2.44.0', revision: '76d78cf', time: '2014-10-23 20:03:00'
System info: host: 'LAPTOP-J4LST1G3', ip: '10.2.84.94', os.name: 'Windows 10', os.arch: 'amd64', os.version: '10.0', java.version: '1.8.0_65'
Driver info: io.appium.java_client.AppiumDriver
Capabilities [{appPackage=com.cmcc.andedu_phone, recreateChromeDriverSessions=True, noReset=true, deviceName=793QBDRJ2283V, platform=ANY, appActivity=com.cmcc.andedu_phone.activity.guide.SplashActivity, platformVersion=7.0, automationName=uiautomator2, browserName=, unicodeKeyboard=true, platformName=Android, udid=793QBDRJ2283V, resetKeyboard=true}]
Session ID: 735d5055-c15a-42e9-bf79-e6f5ba1fb446
[swipeToFindTextViewAndClickOn(): execute in while]
[Swipe to UP]
[Assert Element Exists] By Label --&gt; �����Ƽ�
An element could not be located on the page using the given search parameters. (WARNING: The server did not provide any stacktrace information)
Command duration or timeout: 2.09 seconds
For documentation on this error, please visit: http://seleniumhq.org/exceptions/no_such_element.html
Build info: version: '2.44.0', revision: '76d78cf', time: '2014-10-23 20:03:00'
System info: host: 'LAPTOP-J4LST1G3', ip: '10.2.84.94', os.name: 'Windows 10', os.arch: 'amd64', os.version: '10.0', java.version: '1.8.0_65'
Driver info: io.appium.java_client.AppiumDriver
Capabilities [{appPackage=com.cmcc.andedu_phone, recreateChromeDriverSessions=True, noReset=true, deviceName=793QBDRJ2283V, platform=ANY, appActivity=com.cmcc.andedu_phone.activity.guide.SplashActivity, platformVersion=7.0, automationName=uiautomator2, browserName=, unicodeKeyboard=true, platformName=Android, udid=793QBDRJ2283V, resetKeyboard=true}]
Session ID: 735d5055-c15a-42e9-bf79-e6f5ba1fb446
[swipeToFindTextViewAndClickOn(): Swipe once]
[Assert Element Exists] By Label --&gt; ѧͨ��ѧ��ʦ��
An element could not be located on the page using the given search parameters. (WARNING: The server did not provide any stacktrace information)
Command duration or timeout: 2.45 seconds
For documentation on this error, please visit: http://seleniumhq.org/exceptions/no_such_element.html
Build info: version: '2.44.0', revision: '76d78cf', time: '2014-10-23 20:03:00'
System info: host: 'LAPTOP-J4LST1G3', ip: '10.2.84.94', os.name: 'Windows 10', os.arch: 'amd64', os.version: '10.0', java.version: '1.8.0_65'
Driver info: io.appium.java_client.AppiumDriver
Capabilities [{appPackage=com.cmcc.andedu_phone, recreateChromeDriverSessions=True, noReset=true, deviceName=793QBDRJ2283V, platform=ANY, appActivity=com.cmcc.andedu_phone.activity.guide.SplashActivity, platformVersion=7.0, automationName=uiautomator2, browserName=, unicodeKeyboard=true, platformName=Android, udid=793QBDRJ2283V, resetKeyboard=true}]
Session ID: 735d5055-c15a-42e9-bf79-e6f5ba1fb446
[swipeToFindTextViewAndClickOn(): execute in while]
[Swipe to UP]
[Assert Element Exists] By Label --&gt; �����Ƽ�
An element could not be located on the page using the given search parameters. (WARNING: The server did not provide any stacktrace information)
Command duration or timeout: 2.60 seconds
For documentation on this error, please visit: http://seleniumhq.org/exceptions/no_such_element.html
Build info: version: '2.44.0', revision: '76d78cf', time: '2014-10-23 20:03:00'
System info: host: 'LAPTOP-J4LST1G3', ip: '10.2.84.94', os.name: 'Windows 10', os.arch: 'amd64', os.version: '10.0', java.version: '1.8.0_65'
Driver info: io.appium.java_client.AppiumDriver
Capabilities [{appPackage=com.cmcc.andedu_phone, recreateChromeDriverSessions=True, noReset=true, deviceName=793QBDRJ2283V, platform=ANY, appActivity=com.cmcc.andedu_phone.activity.guide.SplashActivity, platformVersion=7.0, automationName=uiautomator2, browserName=, unicodeKeyboard=true, platformName=Android, udid=793QBDRJ2283V, resetKeyboard=true}]
Session ID: 735d5055-c15a-42e9-bf79-e6f5ba1fb446
[swipeToFindTextViewAndClickOn(): Swipe once]
[Assert Element Exists] By Label --&gt; ѧͨ��ѧ��ʦ��
An element could not be located on the page using the given search parameters. (WARNING: The server did not provide any stacktrace information)
Command duration or timeout: 2.20 seconds
For documentation on this error, please visit: http://seleniumhq.org/exceptions/no_such_element.html
Build info: version: '2.44.0', revision: '76d78cf', time: '2014-10-23 20:03:00'
System info: host: 'LAPTOP-J4LST1G3', ip: '10.2.84.94', os.name: 'Windows 10', os.arch: 'amd64', os.version: '10.0', java.version: '1.8.0_65'
Driver info: io.appium.java_client.AppiumDriver
Capabilities [{appPackage=com.cmcc.andedu_phone, recreateChromeDriverSessions=True, noReset=true, deviceName=793QBDRJ2283V, platform=ANY, appActivity=com.cmcc.andedu_phone.activity.guide.SplashActivity, platformVersion=7.0, automationName=uiautomator2, browserName=, unicodeKeyboard=true, platformName=Android, udid=793QBDRJ2283V, resetKeyboard=true}]
Session ID: 735d5055-c15a-42e9-bf79-e6f5ba1fb446
[swipeToFindTextViewAndClickOn(): execute in while]
[Swipe to UP]
[Assert Element Exists] By Label --&gt; �����Ƽ�
An element could not be located on the page using the given search parameters. (WARNING: The server did not provide any stacktrace information)
Command duration or timeout: 2.11 seconds
For documentation on this error, please visit: http://seleniumhq.org/exceptions/no_such_element.html
Build info: version: '2.44.0', revision: '76d78cf', time: '2014-10-23 20:03:00'
System info: host: 'LAPTOP-J4LST1G3', ip: '10.2.84.94', os.name: 'Windows 10', os.arch: 'amd64', os.version: '10.0', java.version: '1.8.0_65'
Driver info: io.appium.java_client.AppiumDriver
Capabilities [{appPackage=com.cmcc.andedu_phone, recreateChromeDriverSessions=True, noReset=true, deviceName=793QBDRJ2283V, platform=ANY, appActivity=com.cmcc.andedu_phone.activity.guide.SplashActivity, platformVersion=7.0, automationName=uiautomator2, browserName=, unicodeKeyboard=true, platformName=Android, udid=793QBDRJ2283V, resetKeyboard=true}]
Session ID: 735d5055-c15a-42e9-bf79-e6f5ba1fb446
[swipeToFindTextViewAndClickOn(): Swipe once]
[Assert Element Exists] By Label --&gt; ѧͨ��ѧ��ʦ��
[Assert Element Exists] By Label &lt;-- FOUND!
[swipeToFindTextViewAndClickOn(): End while]
[Assert Element Exists] By Label --&gt; ѧͨ��ѧ��ʦ��
[Assert Element Exists] By Label &lt;-- FOUND!
[Click On Textview] --&gt; ����Ӧ��
[Assert Element Exists] By Label --&gt; ����Ӧ��
An element could not be located on the page using the given search parameters. (WARNING: The server did not provide any stacktrace information)
Command duration or timeout: 5.40 seconds
For documentation on this error, please visit: http://seleniumhq.org/exceptions/no_such_element.html
Build info: version: '2.44.0', revision: '76d78cf', time: '2014-10-23 20:03:00'
System info: host: 'LAPTOP-J4LST1G3', ip: '10.2.84.94', os.name: 'Windows 10', os.arch: 'amd64', os.version: '10.0', java.version: '1.8.0_65'
Driver info: io.appium.java_client.AppiumDriver
Capabilities [{appPackage=com.cmcc.andedu_phone, recreateChromeDriverSessions=True, noReset=true, deviceName=793QBDRJ2283V, platform=ANY, appActivity=com.cmcc.andedu_phone.activity.guide.SplashActivity, platformVersion=7.0, automationName=uiautomator2, browserName=, unicodeKeyboard=true, platformName=Android, udid=793QBDRJ2283V, resetKeyboard=true}]
Session ID: 735d5055-c15a-42e9-bf79-e6f5ba1fb446
[Assert Element Exists] By ID --&gt; ����Ӧ��
An element could not be located on the page using the given search parameters. (WARNING: The server did not provide any stacktrace information)
Command duration or timeout: 5.11 seconds
For documentation on this error, please visit: http://seleniumhq.org/exceptions/no_such_element.html
Build info: version: '2.44.0', revision: '76d78cf', time: '2014-10-23 20:03:00'
System info: host: 'LAPTOP-J4LST1G3', ip: '10.2.84.94', os.name: 'Windows 10', os.arch: 'amd64', os.version: '10.0', java.version: '1.8.0_65'
Driver info: io.appium.java_client.AppiumDriver
Capabilities [{appPackage=com.cmcc.andedu_phone, recreateChromeDriverSessions=True, noReset=true, deviceName=793QBDRJ2283V, platform=ANY, appActivity=com.cmcc.andedu_phone.activity.guide.SplashActivity, platformVersion=7.0, automationName=uiautomator2, browserName=, unicodeKeyboard=true, platformName=Android, udid=793QBDRJ2283V, resetKeyboard=true}]
Session ID: 735d5055-c15a-42e9-bf79-e6f5ba1fb446
getCurrentDateStamp��[2018-10-26]
getCurrentDateTimeWithoutFormat��[20181026092255]
[Get Screenshot To File] D:\2018-10-26\ERR_20181026092255_clickOnTextView=����Ӧ��.png]
[ERROR] ScreenShot --&gt; D:\2018-10-26\ERR_20181026092255_clickOnTextView=����Ӧ��.png
[Wait Seconds] Step was skipped!
[Switch To Webview] Step was skipped!
[Wait Seconds] Step was skipped!
[Get Text Of] Step was skipped!
[Close App]
========================================= Test End ==========================================
=============================================================================================
=============================================================================================
======================================== Test Start =========================================
[Start App]
[Setup] Environment Init.
[Params] BrowserName = 
[Params] PlatformName = Android
[Params] DeviceName = 793QBDRJ2283V
[Params] UDID = 793QBDRJ2283V
[Params] PlatformVer = 7.0
[Params] Package = com.cmcc.andedu_phone
[Params] Activity = com.cmcc.andedu_phone.activity.guide.SplashActivity
[Params] Automation = uiautomator2
[Params] Appium URL = http://127.0.0.1:4723/wd/hub
[Setup] Start Appium.
[Setup] Set ImplicitlyWait = 30s.
[Setup] Set Screen Shot Range.
[Start Point](0, 0)
[Size](1440, 2472)
[Screenshot Range] Screenshot Range Element = android:id/content
[Screenshot Range] Screenshot Start At (0,0)
[Screenshot Range] Screenshot Width = 1440
[Screenshot Range] Screenshot Height = 2472
[Click On Radio] --&gt; Ӧ��
[Assert Element Exists] By Label --&gt; Ӧ��
[Assert Element Exists] By Label &lt;-- FOUND!
[Assert Enable] AssertUIObjectEnabledByLabel --&gt; Ӧ��
[Wait 2 Seconds]
[Open App In App Center With Bottom] &gt;&gt;&gt; �������Ľ�ʦ��
[swipeToFindTextViewAndClickOn(): Function In]
[Assert Element Exists] By Label --&gt; �������Ľ�ʦ��
An element could not be located on the page using the given search parameters. (WARNING: The server did not provide any stacktrace information)
Command duration or timeout: 2.40 seconds
For documentation on this error, please visit: http://seleniumhq.org/exceptions/no_such_element.html
Build info: version: '2.44.0', revision: '76d78cf', time: '2014-10-23 20:03:00'
System info: host: 'LAPTOP-J4LST1G3', ip: '10.2.84.94', os.name: 'Windows 10', os.arch: 'amd64', os.version: '10.0', java.version: '1.8.0_65'
Driver info: io.appium.java_client.AppiumDriver
Capabilities [{appPackage=com.cmcc.andedu_phone, recreateChromeDriverSessions=True, noReset=true, deviceName=793QBDRJ2283V, platform=ANY, appActivity=com.cmcc.andedu_phone.activity.guide.SplashActivity, platformVersion=7.0, automationName=uiautomator2, browserName=, unicodeKeyboard=true, platformName=Android, udid=793QBDRJ2283V, resetKeyboard=true}]
Session ID: 5fb061e2-f6f5-480e-9072-3514e5366fda
[swipeToFindTextViewAndClickOn(): execute in while]
[Swipe to UP]
[Assert Element Exists] By Label --&gt; �����Ƽ�
An element could not be located on the page using the given search parameters. (WARNING: The server did not provide any stacktrace information)
Command duration or timeout: 2.08 seconds
For documentation on this error, please visit: http://seleniumhq.org/exceptions/no_such_element.html
Build info: version: '2.44.0', revision: '76d78cf', time: '2014-10-23 20:03:00'
System info: host: 'LAPTOP-J4LST1G3', ip: '10.2.84.94', os.name: 'Windows 10', os.arch: 'amd64', os.version: '10.0', java.version: '1.8.0_65'
Driver info: io.appium.java_client.AppiumDriver
Capabilities [{appPackage=com.cmcc.andedu_phone, recreateChromeDriverSessions=True, noReset=true, deviceName=793QBDRJ2283V, platform=ANY, appActivity=com.cmcc.andedu_phone.activity.guide.SplashActivity, platformVersion=7.0, automationName=uiautomator2, browserName=, unicodeKeyboard=true, platformName=Android, udid=793QBDRJ2283V, resetKeyboard=true}]
Session ID: 5fb061e2-f6f5-480e-9072-3514e5366fda
[swipeToFindTextViewAndClickOn(): Swipe once]
[Assert Element Exists] By Label --&gt; �������Ľ�ʦ��
An element could not be located on the page using the given search parameters. (WARNING: The server did not provide any stacktrace information)
Command duration or timeout: 2.38 seconds
For documentation on this error, please visit: http://seleniumhq.org/exceptions/no_such_element.html
Build info: version: '2.44.0', revision: '76d78cf', time: '2014-10-23 20:03:00'
System info: host: 'LAPTOP-J4LST1G3', ip: '10.2.84.94', os.name: 'Windows 10', os.arch: 'amd64', os.version: '10.0', java.version: '1.8.0_65'
Driver info: io.appium.java_client.AppiumDriver
Capabilities [{appPackage=com.cmcc.andedu_phone, recreateChromeDriverSessions=True, noReset=true, deviceName=793QBDRJ2283V, platform=ANY, appActivity=com.cmcc.andedu_phone.activity.guide.SplashActivity, platformVersion=7.0, automationName=uiautomator2, browserName=, unicodeKeyboard=true, platformName=Android, udid=793QBDRJ2283V, resetKeyboard=true}]
Session ID: 5fb061e2-f6f5-480e-9072-3514e5366fda
[swipeToFindTextViewAndClickOn(): execute in while]
[Swipe to UP]
[Assert Element Exists] By Label --&gt; �����Ƽ�
An element could not be located on the page using the given search parameters. (WARNING: The server did not provide any stacktrace information)
Command duration or timeout: 2.05 seconds
For documentation on this error, please visit: http://seleniumhq.org/exceptions/no_such_element.html
Build info: version: '2.44.0', revision: '76d78cf', time: '2014-10-23 20:03:00'
System info: host: 'LAPTOP-J4LST1G3', ip: '10.2.84.94', os.name: 'Windows 10', os.arch: 'amd64', os.version: '10.0', java.version: '1.8.0_65'
Driver info: io.appium.java_client.AppiumDriver
Capabilities [{appPackage=com.cmcc.andedu_phone, recreateChromeDriverSessions=True, noReset=true, deviceName=793QBDRJ2283V, platform=ANY, appActivity=com.cmcc.andedu_phone.activity.guide.SplashActivity, platformVersion=7.0, automationName=uiautomator2, browserName=, unicodeKeyboard=true, platformName=Android, udid=793QBDRJ2283V, resetKeyboard=true}]
Session ID: 5fb061e2-f6f5-480e-9072-3514e5366fda
[swipeToFindTextViewAndClickOn(): Swipe once]
[Assert Element Exists] By Label --&gt; �������Ľ�ʦ��
An element could not be located on the page using the given search parameters. (WARNING: The server did not provide any stacktrace information)
Command duration or timeout: 2.37 seconds
For documentation on this error, please visit: http://seleniumhq.org/exceptions/no_such_element.html
Build info: version: '2.44.0', revision: '76d78cf', time: '2014-10-23 20:03:00'
System info: host: 'LAPTOP-J4LST1G3', ip: '10.2.84.94', os.name: 'Windows 10', os.arch: 'amd64', os.version: '10.0', java.version: '1.8.0_65'
Driver info: io.appium.java_client.AppiumDriver
Capabilities [{appPackage=com.cmcc.andedu_phone, recreateChromeDriverSessions=True, noReset=true, deviceName=793QBDRJ2283V, platform=ANY, appActivity=com.cmcc.andedu_phone.activity.guide.SplashActivity, platformVersion=7.0, automationName=uiautomator2, browserName=, unicodeKeyboard=true, platformName=Android, udid=793QBDRJ2283V, resetKeyboard=true}]
Session ID: 5fb061e2-f6f5-480e-9072-3514e5366fda
[swipeToFindTextViewAndClickOn(): execute in while]
[Swipe to UP]
[Assert Element Exists] By Label --&gt; �����Ƽ�
An element could not be located on the page using the given search parameters. (WARNING: The server did not provide any stacktrace information)
Command duration or timeout: 2.18 seconds
For documentation on this error, please visit: http://seleniumhq.org/exceptions/no_such_element.html
Build info: version: '2.44.0', revision: '76d78cf', time: '2014-10-23 20:03:00'
System info: host: 'LAPTOP-J4LST1G3', ip: '10.2.84.94', os.name: 'Windows 10', os.arch: 'amd64', os.version: '10.0', java.version: '1.8.0_65'
Driver info: io.appium.java_client.AppiumDriver
Capabilities [{appPackage=com.cmcc.andedu_phone, recreateChromeDriverSessions=True, noReset=true, deviceName=793QBDRJ2283V, platform=ANY, appActivity=com.cmcc.andedu_phone.activity.guide.SplashActivity, platformVersion=7.0, automationName=uiautomator2, browserName=, unicodeKeyboard=true, platformName=Android, udid=793QBDRJ2283V, resetKeyboard=true}]
Session ID: 5fb061e2-f6f5-480e-9072-3514e5366fda
[swipeToFindTextViewAndClickOn(): Swipe once]
[Assert Element Exists] By Label --&gt; �������Ľ�ʦ��
An element could not be located on the page using the given search parameters. (WARNING: The server did not provide any stacktrace information)
Command duration or timeout: 2.19 seconds
For documentation on this error, please visit: http://seleniumhq.org/exceptions/no_such_element.html
Build info: version: '2.44.0', revision: '76d78cf', time: '2014-10-23 20:03:00'
System info: host: 'LAPTOP-J4LST1G3', ip: '10.2.84.94', os.name: 'Windows 10', os.arch: 'amd64', os.version: '10.0', java.version: '1.8.0_65'
Driver info: io.appium.java_client.AppiumDriver
Capabilities [{appPackage=com.cmcc.andedu_phone, recreateChromeDriverSessions=True, noReset=true, deviceName=793QBDRJ2283V, platform=ANY, appActivity=com.cmcc.andedu_phone.activity.guide.SplashActivity, platformVersion=7.0, automationName=uiautomator2, browserName=, unicodeKeyboard=true, platformName=Android, udid=793QBDRJ2283V, resetKeyboard=true}]
Session ID: 5fb061e2-f6f5-480e-9072-3514e5366fda
[swipeToFindTextViewAndClickOn(): execute in while]
[Swipe to UP]
[Assert Element Exists] By Label --&gt; �����Ƽ�
An element could not be located on the page using the given search parameters. (WARNING: The server did not provide any stacktrace information)
Command duration or timeout: 2.15 seconds
For documentation on this error, please visit: http://seleniumhq.org/exceptions/no_such_element.html
Build info: version: '2.44.0', revision: '76d78cf', time: '2014-10-23 20:03:00'
System info: host: 'LAPTOP-J4LST1G3', ip: '10.2.84.94', os.name: 'Windows 10', os.arch: 'amd64', os.version: '10.0', java.version: '1.8.0_65'
Driver info: io.appium.java_client.AppiumDriver
Capabilities [{appPackage=com.cmcc.andedu_phone, recreateChromeDriverSessions=True, noReset=true, deviceName=793QBDRJ2283V, platform=ANY, appActivity=com.cmcc.andedu_phone.activity.guide.SplashActivity, platformVersion=7.0, automationName=uiautomator2, browserName=, unicodeKeyboard=true, platformName=Android, udid=793QBDRJ2283V, resetKeyboard=true}]
Session ID: 5fb061e2-f6f5-480e-9072-3514e5366fda
[swipeToFindTextViewAndClickOn(): Swipe once]
[Assert Element Exists] By Label --&gt; �������Ľ�ʦ��
An element could not be located on the page using the given search parameters. (WARNING: The server did not provide any stacktrace information)
Command duration or timeout: 2.39 seconds
For documentation on this error, please visit: http://seleniumhq.org/exceptions/no_such_element.html
Build info: version: '2.44.0', revision: '76d78cf', time: '2014-10-23 20:03:00'
System info: host: 'LAPTOP-J4LST1G3', ip: '10.2.84.94', os.name: 'Windows 10', os.arch: 'amd64', os.version: '10.0', java.version: '1.8.0_65'
Driver info: io.appium.java_client.AppiumDriver
Capabilities [{appPackage=com.cmcc.andedu_phone, recreateChromeDriverSessions=True, noReset=true, deviceName=793QBDRJ2283V, platform=ANY, appActivity=com.cmcc.andedu_phone.activity.guide.SplashActivity, platformVersion=7.0, automationName=uiautomator2, browserName=, unicodeKeyboard=true, platformName=Android, udid=793QBDRJ2283V, resetKeyboard=true}]
Session ID: 5fb061e2-f6f5-480e-9072-3514e5366fda
[swipeToFindTextViewAndClickOn(): execute in while]
[Swipe to UP]
[Assert Element Exists] By Label --&gt; �����Ƽ�
An element could not be located on the page using the given search parameters. (WARNING: The server did not provide any stacktrace information)
Command duration or timeout: 2.50 seconds
For documentation on this error, please visit: http://seleniumhq.org/exceptions/no_such_element.html
Build info: version: '2.44.0', revision: '76d78cf', time: '2014-10-23 20:03:00'
System info: host: 'LAPTOP-J4LST1G3', ip: '10.2.84.94', os.name: 'Windows 10', os.arch: 'amd64', os.version: '10.0', java.version: '1.8.0_65'
Driver info: io.appium.java_client.AppiumDriver
Capabilities [{appPackage=com.cmcc.andedu_phone, recreateChromeDriverSessions=True, noReset=true, deviceName=793QBDRJ2283V, platform=ANY, appActivity=com.cmcc.andedu_phone.activity.guide.SplashActivity, platformVersion=7.0, automationName=uiautomator2, browserName=, unicodeKeyboard=true, platformName=Android, udid=793QBDRJ2283V, resetKeyboard=true}]
Session ID: 5fb061e2-f6f5-480e-9072-3514e5366fda
[swipeToFindTextViewAndClickOn(): Swipe once]
[Assert Element Exists] By Label --&gt; �������Ľ�ʦ��
[Assert Element Exists] By Label &lt;-- FOUND!
[swipeToFindTextViewAndClickOn(): End while]
[Assert Element Exists] By Label --&gt; �������Ľ�ʦ��
[Assert Element Exists] By Label &lt;-- FOUND!
[Click On Textview] --&gt; ����Ӧ��
[Assert Element Exists] By Label --&gt; ����Ӧ��
An element could not be located on the page using the given search parameters. (WARNING: The server did not provide any stacktrace information)
Command duration or timeout: 5.51 seconds
For documentation on this error, please visit: http://seleniumhq.org/exceptions/no_such_element.html
Build info: version: '2.44.0', revision: '76d78cf', time: '2014-10-23 20:03:00'
System info: host: 'LAPTOP-J4LST1G3', ip: '10.2.84.94', os.name: 'Windows 10', os.arch: 'amd64', os.version: '10.0', java.version: '1.8.0_65'
Driver info: io.appium.java_client.AppiumDriver
Capabilities [{appPackage=com.cmcc.andedu_phone, recreateChromeDriverSessions=True, noReset=true, deviceName=793QBDRJ2283V, platform=ANY, appActivity=com.cmcc.andedu_phone.activity.guide.SplashActivity, platformVersion=7.0, automationName=uiautomator2, browserName=, unicodeKeyboard=true, platformName=Android, udid=793QBDRJ2283V, resetKeyboard=true}]
Session ID: 5fb061e2-f6f5-480e-9072-3514e5366fda
[Assert Element Exists] By ID --&gt; ����Ӧ��
An element could not be located on the page using the given search parameters. (WARNING: The server did not provide any stacktrace information)
Command duration or timeout: 5.58 seconds
For documentation on this error, please visit: http://seleniumhq.org/exceptions/no_such_element.html
Build info: version: '2.44.0', revision: '76d78cf', time: '2014-10-23 20:03:00'
System info: host: 'LAPTOP-J4LST1G3', ip: '10.2.84.94', os.name: 'Windows 10', os.arch: 'amd64', os.version: '10.0', java.version: '1.8.0_65'
Driver info: io.appium.java_client.AppiumDriver
Capabilities [{appPackage=com.cmcc.andedu_phone, recreateChromeDriverSessions=True, noReset=true, deviceName=793QBDRJ2283V, platform=ANY, appActivity=com.cmcc.andedu_phone.activity.guide.SplashActivity, platformVersion=7.0, automationName=uiautomator2, browserName=, unicodeKeyboard=true, platformName=Android, udid=793QBDRJ2283V, resetKeyboard=true}]
Session ID: 5fb061e2-f6f5-480e-9072-3514e5366fda
getCurrentDateStamp��[2018-10-26]
getCurrentDateTimeWithoutFormat��[20181026092410]
[Get Screenshot To File] D:\2018-10-26\ERR_20181026092410_clickOnTextView=����Ӧ��.png]
[ERROR] ScreenShot --&gt; D:\2018-10-26\ERR_20181026092410_clickOnTextView=����Ӧ��.png
[Wait Seconds] Step was skipped!
[Switch To Webview] Step was skipped!
[Wait Seconds] Step was skipped!
[Get Text Of] Step was skipped!
[Close App]
========================================= Test End ==========================================
=============================================================================================
=============================================================================================
======================================== Test Start =========================================
[Start App]
[Setup] Environment Init.
[Params] BrowserName = 
[Params] PlatformName = Android
[Params] DeviceName = 793QBDRJ2283V
[Params] UDID = 793QBDRJ2283V
[Params] PlatformVer = 7.0
[Params] Package = com.cmcc.andedu_phone
[Params] Activity = com.cmcc.andedu_phone.activity.guide.SplashActivity
[Params] Automation = uiautomator2
[Params] Appium URL = http://127.0.0.1:4723/wd/hub
[Setup] Start Appium.
</stdOut>
    <stdErr></stdErr>
    <exception>Could not send/receive data with SUT</exception>
    <exception>fitnesse.testsystems.slim.SlimCommunicationException: Could not send/receive data with SUT</exception>
  </executionLog>
  <finalCounts>
    <right>1</right>
    <wrong>3</wrong>
    <ignores>0</ignores>
    <exceptions>1</exceptions>
  </finalCounts>
  <totalRunTimeInMillis>412039</totalRunTimeInMillis>
</suiteResults>

