<?xml version="1.0"?>
<suiteResults>
  <FitNesseVersion>v20161106</FitNesseVersion>
  <rootPath>EduAndroidAuto.TestSuite.5AppCenter</rootPath>
  <pageHistoryReference>
    <name>EduAndroidAuto.TestSuite.5AppCenter.5-11JiaBoFJ</name>
    <date>2018-11-27T12:13:18+08:00</date>
    <pageHistoryLink>EduAndroidAuto.TestSuite.5AppCenter.5-11JiaBoFJ?pageHistory&amp;resultDate=20181127121318</pageHistoryLink>
    <counts>
      <right>5</right>
      <wrong>0</wrong>
      <ignores>0</ignores>
      <exceptions>0</exceptions>
    </counts>
    <runTimeInMillis>89346</runTimeInMillis>
  </pageHistoryReference>
  <executionLog>
    <testSystem>slim:fitnesse.slim.SlimService</testSystem>
    <command>"D:\Program Files\Java\jdk1.8.0_65\bin\java" -cp D:\Automation\AndEduAndroid\lib\fitnesse-standalone.jar;D:/Automation/AndEduAndroid/lib/java-client-1.2.1.jar;D:/Automation/AndEduAndroid/lib/junit-4.10.jar;D:/Automation/AndEduAndroid/lib/selenium-java-2.44.0.jar;D:/Automation/AndEduAndroid/lib/selenium-server-standalone-2.44.0.jar;D:/Automation/AndEduAndroid/lib/AutomationDriver.jar fitnesse.slim.SlimService 1</command>
    <exitCode>1</exitCode>
    <stdOut>=============================================================================================
======================================== Test Start =========================================
[Start App]
[Setup] Environment Init.
[Params] BrowserName = 
[Params] PlatformName = Android
[Params] DeviceName = 793QBDRJ2283V
[Params] UDID = 793QBDRJ2283V
[Params] PlatformVer = 7.0
[Params] Package = com.cmcc.andedu_phone
[Params] Activity = com.cmcc.andedu_phone.activity.guide.SplashActivity
[Params] Automation = uiautomator2
[Params] Appium URL = http://127.0.0.1:4723/wd/hub
[Params] Test Suite: 
[Params] Test Case: 
[Setup] Start Appium.
[Setup] Set ImplicitlyWait = 10s.
[Setup] Set Screen Shot Range.
[Start Point](0, 88)
[Size](1440, 2472)
[Screenshot Range] Screenshot Range Element = android:id/content
[Screenshot Range] Screenshot Start At (0,88)
[Screenshot Range] Screenshot Width = 1440
[Screenshot Range] Screenshot Height = 2472
[Click On Radio] --&gt; Ӧ��
[Assert Element Exists] By Label --&gt; Ӧ��
[Assert Element Exists] By Label &lt;-- FOUND!
[Click On] Locator --&gt; Ӧ��
[Click On] Waiting 1s for response.
[Thread-1] Start to click.
[Thread-1] Clicked!
[Click On] Done!
[Wait 2 Seconds]
[Open App In App Center With Bottom] &gt;&gt;&gt; �Ӳ��ּ��Ķ�
[swipeToFindTextViewAndClickOn(): Function In]
[Assert Element Exists] By Label --&gt; �Ӳ��ּ��Ķ�
An element could not be located on the page using the given search parameters. (WARNING: The server did not provide any stacktrace information)
Command duration or timeout: 2.17 seconds
For documentation on this error, please visit: http://seleniumhq.org/exceptions/no_such_element.html
Build info: version: '2.44.0', revision: '76d78cf', time: '2014-10-23 20:03:00'
System info: host: 'LAPTOP-J4LST1G3', ip: '192.168.132.2', os.name: 'Windows 10', os.arch: 'amd64', os.version: '10.0', java.version: '1.8.0_65'
Driver info: io.appium.java_client.AppiumDriver
Capabilities [{appPackage=com.cmcc.andedu_phone, statBarHeight=88, noReset=true, viewportRect={top=88, left=0, width=1440, height=2472}, deviceName=793QBDRJ2283V, platform=LINUX, deviceUDID=793QBDRJ2283V, desired={appPackage=com.cmcc.andedu_phone, appActivity=com.cmcc.andedu_phone.activity.guide.SplashActivity, recreateChromeDriverSessions=True, noReset=true, platformVersion=7.0, automationName=uiautomator2, browserName=, unicodeKeyboard=true, platformName=Android, udid=793QBDRJ2283V, deviceName=793QBDRJ2283V, resetKeyboard=true}, platformVersion=7.0, webStorageEnabled=false, automationName=uiautomator2, takesScreenshot=true, browserName=, javascriptEnabled=true, unicodeKeyboard=true, platformName=Android, udid=793QBDRJ2283V, deviceManufacturer=Meizu, deviceApiLevel=24, resetKeyboard=true, deviceScreenSize=1440x2560, networkConnectionEnabled=true, recreateChromeDriverSessions=True, warnings={}, databaseEnabled=false, appActivity=com.cmcc.andedu_phone.activity.guide.SplashActivity, pixelRatio=4, locationContextEnabled=false, deviceScreenDensity=640, deviceModel=PRO 7 Plus}]
Session ID: fdae132c-c66a-4caf-9810-ad2b007e3ea4
[swipeToFindTextViewAndClickOn(): execute in while]
[Swipe to UP]
[Assert Element Exists] By Label --&gt; �����Ƽ�
An element could not be located on the page using the given search parameters. (WARNING: The server did not provide any stacktrace information)
Command duration or timeout: 2.27 seconds
For documentation on this error, please visit: http://seleniumhq.org/exceptions/no_such_element.html
Build info: version: '2.44.0', revision: '76d78cf', time: '2014-10-23 20:03:00'
System info: host: 'LAPTOP-J4LST1G3', ip: '192.168.132.2', os.name: 'Windows 10', os.arch: 'amd64', os.version: '10.0', java.version: '1.8.0_65'
Driver info: io.appium.java_client.AppiumDriver
Capabilities [{appPackage=com.cmcc.andedu_phone, statBarHeight=88, noReset=true, viewportRect={top=88, left=0, width=1440, height=2472}, deviceName=793QBDRJ2283V, platform=LINUX, deviceUDID=793QBDRJ2283V, desired={appPackage=com.cmcc.andedu_phone, appActivity=com.cmcc.andedu_phone.activity.guide.SplashActivity, recreateChromeDriverSessions=True, noReset=true, platformVersion=7.0, automationName=uiautomator2, browserName=, unicodeKeyboard=true, platformName=Android, udid=793QBDRJ2283V, deviceName=793QBDRJ2283V, resetKeyboard=true}, platformVersion=7.0, webStorageEnabled=false, automationName=uiautomator2, takesScreenshot=true, browserName=, javascriptEnabled=true, unicodeKeyboard=true, platformName=Android, udid=793QBDRJ2283V, deviceManufacturer=Meizu, deviceApiLevel=24, resetKeyboard=true, deviceScreenSize=1440x2560, networkConnectionEnabled=true, recreateChromeDriverSessions=True, warnings={}, databaseEnabled=false, appActivity=com.cmcc.andedu_phone.activity.guide.SplashActivity, pixelRatio=4, locationContextEnabled=false, deviceScreenDensity=640, deviceModel=PRO 7 Plus}]
Session ID: fdae132c-c66a-4caf-9810-ad2b007e3ea4
[swipeToFindTextViewAndClickOn(): Swipe once]
[Assert Element Exists] By Label --&gt; �Ӳ��ּ��Ķ�
An element could not be located on the page using the given search parameters. (WARNING: The server did not provide any stacktrace information)
Command duration or timeout: 3.03 seconds
For documentation on this error, please visit: http://seleniumhq.org/exceptions/no_such_element.html
Build info: version: '2.44.0', revision: '76d78cf', time: '2014-10-23 20:03:00'
System info: host: 'LAPTOP-J4LST1G3', ip: '192.168.132.2', os.name: 'Windows 10', os.arch: 'amd64', os.version: '10.0', java.version: '1.8.0_65'
Driver info: io.appium.java_client.AppiumDriver
Capabilities [{appPackage=com.cmcc.andedu_phone, statBarHeight=88, noReset=true, viewportRect={top=88, left=0, width=1440, height=2472}, deviceName=793QBDRJ2283V, platform=LINUX, deviceUDID=793QBDRJ2283V, desired={appPackage=com.cmcc.andedu_phone, appActivity=com.cmcc.andedu_phone.activity.guide.SplashActivity, recreateChromeDriverSessions=True, noReset=true, platformVersion=7.0, automationName=uiautomator2, browserName=, unicodeKeyboard=true, platformName=Android, udid=793QBDRJ2283V, deviceName=793QBDRJ2283V, resetKeyboard=true}, platformVersion=7.0, webStorageEnabled=false, automationName=uiautomator2, takesScreenshot=true, browserName=, javascriptEnabled=true, unicodeKeyboard=true, platformName=Android, udid=793QBDRJ2283V, deviceManufacturer=Meizu, deviceApiLevel=24, resetKeyboard=true, deviceScreenSize=1440x2560, networkConnectionEnabled=true, recreateChromeDriverSessions=True, warnings={}, databaseEnabled=false, appActivity=com.cmcc.andedu_phone.activity.guide.SplashActivity, pixelRatio=4, locationContextEnabled=false, deviceScreenDensity=640, deviceModel=PRO 7 Plus}]
Session ID: fdae132c-c66a-4caf-9810-ad2b007e3ea4
[swipeToFindTextViewAndClickOn(): execute in while]
[Swipe to UP]
[Assert Element Exists] By Label --&gt; �����Ƽ�
An element could not be located on the page using the given search parameters. (WARNING: The server did not provide any stacktrace information)
Command duration or timeout: 2.41 seconds
For documentation on this error, please visit: http://seleniumhq.org/exceptions/no_such_element.html
Build info: version: '2.44.0', revision: '76d78cf', time: '2014-10-23 20:03:00'
System info: host: 'LAPTOP-J4LST1G3', ip: '192.168.132.2', os.name: 'Windows 10', os.arch: 'amd64', os.version: '10.0', java.version: '1.8.0_65'
Driver info: io.appium.java_client.AppiumDriver
Capabilities [{appPackage=com.cmcc.andedu_phone, statBarHeight=88, noReset=true, viewportRect={top=88, left=0, width=1440, height=2472}, deviceName=793QBDRJ2283V, platform=LINUX, deviceUDID=793QBDRJ2283V, desired={appPackage=com.cmcc.andedu_phone, appActivity=com.cmcc.andedu_phone.activity.guide.SplashActivity, recreateChromeDriverSessions=True, noReset=true, platformVersion=7.0, automationName=uiautomator2, browserName=, unicodeKeyboard=true, platformName=Android, udid=793QBDRJ2283V, deviceName=793QBDRJ2283V, resetKeyboard=true}, platformVersion=7.0, webStorageEnabled=false, automationName=uiautomator2, takesScreenshot=true, browserName=, javascriptEnabled=true, unicodeKeyboard=true, platformName=Android, udid=793QBDRJ2283V, deviceManufacturer=Meizu, deviceApiLevel=24, resetKeyboard=true, deviceScreenSize=1440x2560, networkConnectionEnabled=true, recreateChromeDriverSessions=True, warnings={}, databaseEnabled=false, appActivity=com.cmcc.andedu_phone.activity.guide.SplashActivity, pixelRatio=4, locationContextEnabled=false, deviceScreenDensity=640, deviceModel=PRO 7 Plus}]
Session ID: fdae132c-c66a-4caf-9810-ad2b007e3ea4
[swipeToFindTextViewAndClickOn(): Swipe once]
[Assert Element Exists] By Label --&gt; �Ӳ��ּ��Ķ�
An element could not be located on the page using the given search parameters. (WARNING: The server did not provide any stacktrace information)
Command duration or timeout: 2.02 seconds
For documentation on this error, please visit: http://seleniumhq.org/exceptions/no_such_element.html
Build info: version: '2.44.0', revision: '76d78cf', time: '2014-10-23 20:03:00'
System info: host: 'LAPTOP-J4LST1G3', ip: '192.168.132.2', os.name: 'Windows 10', os.arch: 'amd64', os.version: '10.0', java.version: '1.8.0_65'
Driver info: io.appium.java_client.AppiumDriver
Capabilities [{appPackage=com.cmcc.andedu_phone, statBarHeight=88, noReset=true, viewportRect={top=88, left=0, width=1440, height=2472}, deviceName=793QBDRJ2283V, platform=LINUX, deviceUDID=793QBDRJ2283V, desired={appPackage=com.cmcc.andedu_phone, appActivity=com.cmcc.andedu_phone.activity.guide.SplashActivity, recreateChromeDriverSessions=True, noReset=true, platformVersion=7.0, automationName=uiautomator2, browserName=, unicodeKeyboard=true, platformName=Android, udid=793QBDRJ2283V, deviceName=793QBDRJ2283V, resetKeyboard=true}, platformVersion=7.0, webStorageEnabled=false, automationName=uiautomator2, takesScreenshot=true, browserName=, javascriptEnabled=true, unicodeKeyboard=true, platformName=Android, udid=793QBDRJ2283V, deviceManufacturer=Meizu, deviceApiLevel=24, resetKeyboard=true, deviceScreenSize=1440x2560, networkConnectionEnabled=true, recreateChromeDriverSessions=True, warnings={}, databaseEnabled=false, appActivity=com.cmcc.andedu_phone.activity.guide.SplashActivity, pixelRatio=4, locationContextEnabled=false, deviceScreenDensity=640, deviceModel=PRO 7 Plus}]
Session ID: fdae132c-c66a-4caf-9810-ad2b007e3ea4
[swipeToFindTextViewAndClickOn(): execute in while]
[Swipe to UP]
[Assert Element Exists] By Label --&gt; �����Ƽ�
An element could not be located on the page using the given search parameters. (WARNING: The server did not provide any stacktrace information)
Command duration or timeout: 2.38 seconds
For documentation on this error, please visit: http://seleniumhq.org/exceptions/no_such_element.html
Build info: version: '2.44.0', revision: '76d78cf', time: '2014-10-23 20:03:00'
System info: host: 'LAPTOP-J4LST1G3', ip: '192.168.132.2', os.name: 'Windows 10', os.arch: 'amd64', os.version: '10.0', java.version: '1.8.0_65'
Driver info: io.appium.java_client.AppiumDriver
Capabilities [{appPackage=com.cmcc.andedu_phone, statBarHeight=88, noReset=true, viewportRect={top=88, left=0, width=1440, height=2472}, deviceName=793QBDRJ2283V, platform=LINUX, deviceUDID=793QBDRJ2283V, desired={appPackage=com.cmcc.andedu_phone, appActivity=com.cmcc.andedu_phone.activity.guide.SplashActivity, recreateChromeDriverSessions=True, noReset=true, platformVersion=7.0, automationName=uiautomator2, browserName=, unicodeKeyboard=true, platformName=Android, udid=793QBDRJ2283V, deviceName=793QBDRJ2283V, resetKeyboard=true}, platformVersion=7.0, webStorageEnabled=false, automationName=uiautomator2, takesScreenshot=true, browserName=, javascriptEnabled=true, unicodeKeyboard=true, platformName=Android, udid=793QBDRJ2283V, deviceManufacturer=Meizu, deviceApiLevel=24, resetKeyboard=true, deviceScreenSize=1440x2560, networkConnectionEnabled=true, recreateChromeDriverSessions=True, warnings={}, databaseEnabled=false, appActivity=com.cmcc.andedu_phone.activity.guide.SplashActivity, pixelRatio=4, locationContextEnabled=false, deviceScreenDensity=640, deviceModel=PRO 7 Plus}]
Session ID: fdae132c-c66a-4caf-9810-ad2b007e3ea4
[swipeToFindTextViewAndClickOn(): Swipe once]
[Assert Element Exists] By Label --&gt; �Ӳ��ּ��Ķ�
An element could not be located on the page using the given search parameters. (WARNING: The server did not provide any stacktrace information)
Command duration or timeout: 2.15 seconds
For documentation on this error, please visit: http://seleniumhq.org/exceptions/no_such_element.html
Build info: version: '2.44.0', revision: '76d78cf', time: '2014-10-23 20:03:00'
System info: host: 'LAPTOP-J4LST1G3', ip: '192.168.132.2', os.name: 'Windows 10', os.arch: 'amd64', os.version: '10.0', java.version: '1.8.0_65'
Driver info: io.appium.java_client.AppiumDriver
Capabilities [{appPackage=com.cmcc.andedu_phone, statBarHeight=88, noReset=true, viewportRect={top=88, left=0, width=1440, height=2472}, deviceName=793QBDRJ2283V, platform=LINUX, deviceUDID=793QBDRJ2283V, desired={appPackage=com.cmcc.andedu_phone, appActivity=com.cmcc.andedu_phone.activity.guide.SplashActivity, recreateChromeDriverSessions=True, noReset=true, platformVersion=7.0, automationName=uiautomator2, browserName=, unicodeKeyboard=true, platformName=Android, udid=793QBDRJ2283V, deviceName=793QBDRJ2283V, resetKeyboard=true}, platformVersion=7.0, webStorageEnabled=false, automationName=uiautomator2, takesScreenshot=true, browserName=, javascriptEnabled=true, unicodeKeyboard=true, platformName=Android, udid=793QBDRJ2283V, deviceManufacturer=Meizu, deviceApiLevel=24, resetKeyboard=true, deviceScreenSize=1440x2560, networkConnectionEnabled=true, recreateChromeDriverSessions=True, warnings={}, databaseEnabled=false, appActivity=com.cmcc.andedu_phone.activity.guide.SplashActivity, pixelRatio=4, locationContextEnabled=false, deviceScreenDensity=640, deviceModel=PRO 7 Plus}]
Session ID: fdae132c-c66a-4caf-9810-ad2b007e3ea4
[swipeToFindTextViewAndClickOn(): execute in while]
[Swipe to UP]
[Assert Element Exists] By Label --&gt; �����Ƽ�
An element could not be located on the page using the given search parameters. (WARNING: The server did not provide any stacktrace information)
Command duration or timeout: 2.27 seconds
For documentation on this error, please visit: http://seleniumhq.org/exceptions/no_such_element.html
Build info: version: '2.44.0', revision: '76d78cf', time: '2014-10-23 20:03:00'
System info: host: 'LAPTOP-J4LST1G3', ip: '192.168.132.2', os.name: 'Windows 10', os.arch: 'amd64', os.version: '10.0', java.version: '1.8.0_65'
Driver info: io.appium.java_client.AppiumDriver
Capabilities [{appPackage=com.cmcc.andedu_phone, statBarHeight=88, noReset=true, viewportRect={top=88, left=0, width=1440, height=2472}, deviceName=793QBDRJ2283V, platform=LINUX, deviceUDID=793QBDRJ2283V, desired={appPackage=com.cmcc.andedu_phone, appActivity=com.cmcc.andedu_phone.activity.guide.SplashActivity, recreateChromeDriverSessions=True, noReset=true, platformVersion=7.0, automationName=uiautomator2, browserName=, unicodeKeyboard=true, platformName=Android, udid=793QBDRJ2283V, deviceName=793QBDRJ2283V, resetKeyboard=true}, platformVersion=7.0, webStorageEnabled=false, automationName=uiautomator2, takesScreenshot=true, browserName=, javascriptEnabled=true, unicodeKeyboard=true, platformName=Android, udid=793QBDRJ2283V, deviceManufacturer=Meizu, deviceApiLevel=24, resetKeyboard=true, deviceScreenSize=1440x2560, networkConnectionEnabled=true, recreateChromeDriverSessions=True, warnings={}, databaseEnabled=false, appActivity=com.cmcc.andedu_phone.activity.guide.SplashActivity, pixelRatio=4, locationContextEnabled=false, deviceScreenDensity=640, deviceModel=PRO 7 Plus}]
Session ID: fdae132c-c66a-4caf-9810-ad2b007e3ea4
[swipeToFindTextViewAndClickOn(): Swipe once]
[Assert Element Exists] By Label --&gt; �Ӳ��ּ��Ķ�
[Assert Element Exists] By Label &lt;-- FOUND!
[swipeToFindTextViewAndClickOn(): End while]
[Assert Element Exists] By Label --&gt; �Ӳ��ּ��Ķ�
[Assert Element Exists] By Label &lt;-- FOUND!
[Click On] Locator --&gt; �Ӳ��ּ��Ķ�
[Click On] Waiting 1s for response.
[Thread-2] Start to click.
[Thread-2] Clicked!
[Click On] Done!
[Wait 3 Seconds]
[Click On Textview] --&gt; ����Ӧ��
[Assert Element Exists] By Label --&gt; ����Ӧ��
[Assert Element Exists] By Label &lt;-- FOUND!
[Click On] Locator --&gt; ����Ӧ��
[Click On] Waiting 1s for response.
[Thread-3] Start to click.
[Thread-3] Clicked!
[Click On] Done!
[Wait 10 Seconds]
[Switch To Webview]
[Set Webview --&gt; WEBVIEW_com.cmcc.andedu_phone ]
[Wait 10 Seconds]
[Get Text Of] --&gt; (//span[@class='am-navbar-label'])[1]
[Assert Element Exists] By XPATH --&gt; (//span[@class='am-navbar-label'])[1]
[Assert Element Exists] By XPATH &lt;-- FOUND!
[Close App]
========================================= Test End ==========================================
=============================================================================================
=============================================================================================
======================================== Test Start =========================================
[Start App]
[Setup] Environment Init.
[Params] BrowserName = 
[Params] PlatformName = Android
[Params] DeviceName = 793QBDRJ2283V
[Params] UDID = 793QBDRJ2283V
[Params] PlatformVer = 7.0
[Params] Package = com.cmcc.andedu_phone
[Params] Activity = com.cmcc.andedu_phone.activity.guide.SplashActivity
[Params] Automation = uiautomator2
[Params] Appium URL = http://127.0.0.1:4723/wd/hub
[Params] Test Suite: 
[Params] Test Case: 
[Setup] Start Appium.
[Setup] Set ImplicitlyWait = 10s.
[Setup] Set Screen Shot Range.
[Screenshot Range] Exception: Error communicating with the remote browser. It may have died.
Build info: version: '2.44.0', revision: '76d78cf', time: '2014-10-23 20:03:00'
System info: host: 'LAPTOP-J4LST1G3', ip: '192.168.132.2', os.name: 'Windows 10', os.arch: 'amd64', os.version: '10.0', java.version: '1.8.0_65'
Driver info: driver.version: AppDriver
[Screenshot Range] Set default range to full screen.
</stdOut>
    <stdErr>ʮһ�� 27, 2018 12:17:15 ���� org.apache.http.impl.execchain.RetryExec execute
��Ϣ: I/O exception (org.apache.http.NoHttpResponseException) caught when processing request to {}-&gt;http://127.0.0.1:4723: The target server failed to respond

ʮһ�� 27, 2018 12:17:15 ���� org.apache.http.impl.execchain.RetryExec execute
��Ϣ: Retrying request to {}-&gt;http://127.0.0.1:4723

ʮһ�� 27, 2018 12:20:05 ���� org.apache.http.impl.execchain.RetryExec execute
��Ϣ: I/O exception (java.net.SocketException) caught when processing request to {}-&gt;http://127.0.0.1:4723: Connection reset

ʮһ�� 27, 2018 12:20:05 ���� org.apache.http.impl.execchain.RetryExec execute
��Ϣ: Retrying request to {}-&gt;http://127.0.0.1:4723

org.openqa.selenium.remote.UnreachableBrowserException: Error communicating with the remote browser. It may have died.
Build info: version: '2.44.0', revision: '76d78cf', time: '2014-10-23 20:03:00'
System info: host: 'LAPTOP-J4LST1G3', ip: '192.168.132.2', os.name: 'Windows 10', os.arch: 'amd64', os.version: '10.0', java.version: '1.8.0_65'
Driver info: driver.version: AppDriver
	at org.openqa.selenium.remote.RemoteWebDriver.execute(RemoteWebDriver.java:593)
	at io.appium.java_client.AppiumDriver.execute(AppiumDriver.java:81)
	at org.openqa.selenium.remote.RemoteWebElement.execute(RemoteWebElement.java:268)
	at org.openqa.selenium.remote.RemoteWebElement.getLocation(RemoteWebElement.java:332)
	at com.qt.AppDriver.Library.ScreenLibrary.setScreenshotRange(ScreenLibrary.java:234)
	at com.qt.AppDriver.Core.AppiumHelper.setUp(AppiumHelper.java:63)
	at com.qt.AppDriver.AppDriver.startApp(AppDriver.java:128)
	at sun.reflect.NativeMethodAccessorImpl.invoke0(Native Method)
	at sun.reflect.NativeMethodAccessorImpl.invoke(NativeMethodAccessorImpl.java:62)
	at sun.reflect.DelegatingMethodAccessorImpl.invoke(DelegatingMethodAccessorImpl.java:43)
	at java.lang.reflect.Method.invoke(Method.java:497)
	at fitnesse.slim.fixtureInteraction.DefaultInteraction.methodInvoke(DefaultInteraction.java:147)
	at fitnesse.slim.fixtureInteraction.DefaultInteraction.callMethod(DefaultInteraction.java:132)
	at fitnesse.slim.fixtureInteraction.DefaultInteraction.invokeMethod(DefaultInteraction.java:114)
	at fitnesse.slim.fixtureInteraction.DefaultInteraction.findAndInvoke(DefaultInteraction.java:92)
	at fitnesse.slim.MethodExecutor.findAndInvoke(MethodExecutor.java:18)
	at fitnesse.slim.FixtureMethodExecutor.execute(FixtureMethodExecutor.java:18)
	at fitnesse.slim.StatementExecutor.getMethodExecutionResult(StatementExecutor.java:130)
	at fitnesse.slim.StatementExecutor.call(StatementExecutor.java:103)
	at fitnesse.slim.instructions.CallInstruction.executeInternal(CallInstruction.java:35)
	at fitnesse.slim.instructions.Instruction.execute(Instruction.java:29)
	at fitnesse.slim.ListExecutor$Executive.executeStatement(ListExecutor.java:49)
	at fitnesse.slim.ListExecutor$Executive.executeStatements(ListExecutor.java:43)
	at fitnesse.slim.ListExecutor.execute(ListExecutor.java:85)
	at fitnesse.slim.SlimServer.executeInstructions(SlimServer.java:82)
	at fitnesse.slim.SlimServer.processOneSetOfInstructions(SlimServer.java:75)
	at fitnesse.slim.SlimServer.tryProcessInstructions(SlimServer.java:62)
	at fitnesse.slim.SlimServer.serve(SlimServer.java:47)
	at fitnesse.slim.SlimService.handle(SlimService.java:168)
	at fitnesse.slim.SlimService.acceptOne(SlimService.java:176)
	at fitnesse.slim.SlimService.accept(SlimService.java:138)
	at fitnesse.slim.SlimService.startWithFactory(SlimService.java:91)
	at fitnesse.slim.SlimService.main(SlimService.java:56)
Caused by: org.apache.http.conn.HttpHostConnectException: Connect to 127.0.0.1:4723 [/127.0.0.1] failed: Connection refused: connect
	at org.apache.http.impl.conn.HttpClientConnectionOperator.connect(HttpClientConnectionOperator.java:140)
	at org.apache.http.impl.conn.PoolingHttpClientConnectionManager.connect(PoolingHttpClientConnectionManager.java:318)
	at org.apache.http.impl.execchain.MainClientExec.establishRoute(MainClientExec.java:363)
	at org.apache.http.impl.execchain.MainClientExec.execute(MainClientExec.java:219)
	at org.apache.http.impl.execchain.ProtocolExec.execute(ProtocolExec.java:195)
	at org.apache.http.impl.execchain.RetryExec.execute(RetryExec.java:86)
	at org.apache.http.impl.execchain.RedirectExec.execute(RedirectExec.java:108)
	at org.apache.http.impl.client.InternalHttpClient.doExecute(InternalHttpClient.java:184)
	at org.apache.http.impl.client.CloseableHttpClient.execute(CloseableHttpClient.java:72)
	at org.apache.http.impl.client.CloseableHttpClient.execute(CloseableHttpClient.java:57)
	at org.openqa.selenium.remote.HttpCommandExecutor.fallBackExecute(HttpCommandExecutor.java:215)
	at org.openqa.selenium.remote.HttpCommandExecutor.execute(HttpCommandExecutor.java:184)
	at org.openqa.selenium.remote.RemoteWebDriver.execute(RemoteWebDriver.java:572)
	... 32 more
Caused by: java.net.ConnectException: Connection refused: connect
	at java.net.DualStackPlainSocketImpl.waitForConnect(Native Method)
	at java.net.DualStackPlainSocketImpl.socketConnect(DualStackPlainSocketImpl.java:85)
	at java.net.AbstractPlainSocketImpl.doConnect(AbstractPlainSocketImpl.java:350)
	at java.net.AbstractPlainSocketImpl.connectToAddress(AbstractPlainSocketImpl.java:206)
	at java.net.AbstractPlainSocketImpl.connect(AbstractPlainSocketImpl.java:188)
	at java.net.PlainSocketImpl.connect(PlainSocketImpl.java:172)
	at java.net.SocksSocketImpl.connect(SocksSocketImpl.java:392)
	at java.net.Socket.connect(Socket.java:589)
	at org.apache.http.conn.socket.PlainConnectionSocketFactory.connectSocket(PlainConnectionSocketFactory.java:72)
	at org.apache.http.impl.conn.HttpClientConnectionOperator.connect(HttpClientConnectionOperator.java:123)
	... 44 more
</stdErr>
    <exception>Could not send/receive data with SUT</exception>
    <exception>fitnesse.testsystems.slim.SlimCommunicationException: Could not send/receive data with SUT</exception>
  </executionLog>
  <finalCounts>
    <right>1</right>
    <wrong>0</wrong>
    <ignores>0</ignores>
    <exceptions>1</exceptions>
  </finalCounts>
  <totalRunTimeInMillis>408526</totalRunTimeInMillis>
</suiteResults>

