<?xml version="1.0"?>
<suiteResults>
  <FitNesseVersion>v20161106</FitNesseVersion>
  <rootPath>EduAndroidAuto.TestSuite.1Login</rootPath>
  <pageHistoryReference>
    <name>EduAndroidAuto.TestSuite.1Login.1-1QQLogin</name>
    <date>2018-10-22T17:32:08+08:00</date>
    <pageHistoryLink>EduAndroidAuto.TestSuite.1Login.1-1QQLogin?pageHistory&amp;resultDate=20181022173208</pageHistoryLink>
    <counts>
      <right>9</right>
      <wrong>0</wrong>
      <ignores>0</ignores>
      <exceptions>0</exceptions>
    </counts>
    <runTimeInMillis>60156</runTimeInMillis>
  </pageHistoryReference>
  <pageHistoryReference>
    <name>EduAndroidAuto.TestSuite.1Login.1-2WeiXinLogin</name>
    <date>2018-10-22T17:33:08+08:00</date>
    <pageHistoryLink>EduAndroidAuto.TestSuite.1Login.1-2WeiXinLogin?pageHistory&amp;resultDate=20181022173308</pageHistoryLink>
    <counts>
      <right>7</right>
      <wrong>1</wrong>
      <ignores>0</ignores>
      <exceptions>0</exceptions>
    </counts>
    <runTimeInMillis>61790</runTimeInMillis>
  </pageHistoryReference>
  <executionLog>
    <testSystem>slim:fitnesse.slim.SlimService</testSystem>
    <command>"D:\Program Files\Java\jdk1.8.0_65\bin\java" -cp D:\Automation\AndEduAndroid\lib\fitnesse-standalone.jar;D:/Automation/AndEduAndroid/lib/java-client-1.2.1.jar;D:/Automation/AndEduAndroid/lib/junit-4.10.jar;D:/Automation/AndEduAndroid/lib/selenium-java-2.44.0.jar;D:/Automation/AndEduAndroid/lib/selenium-server-standalone-2.44.0.jar;D:/Automation/AndEduAndroid/lib/AutomationDriver.jar fitnesse.slim.SlimService 1</command>
    <exitCode>1</exitCode>
    <stdOut>=============================================================================================
======================================== Test Start =========================================
[Start App]
[Setup] Environment Init.
[Params] BrowserName = 
[Params] PlatformName = Android
[Params] DeviceName = 793QBDRJ2283V
[Params] UDID = 793QBDRJ2283V
[Params] PlatformVer = 7.0
[Params] Package = com.cmcc.andedu_phone
[Params] Activity = com.cmcc.andedu_phone.activity.guide.SplashActivity
[Params] Automation = uiautomator2
[Params] Appium URL = http://127.0.0.1:4723/wd/hub
[Setup] Start Appium.
[Setup] Set ImplicitlyWait = 30s.
[Setup] Set Screen Shot Range.
[Start Point](0, 0)
[Size](1440, 2560)
[Screenshot Range] Screenshot Range Element = android:id/content
[Screenshot Range] Screenshot Start At (0,0)
[Screenshot Range] Screenshot Width = 1440
[Screenshot Range] Screenshot Height = 2560
[Click On Radio] --&gt; ��ҳ
[Assert Element Exists] By Label --&gt; ��ҳ
[Assert Element Exists] By Label &lt;-- FOUND!
[Assert Enable] AssertUIObjectEnabledByLabel --&gt; ��ҳ
[Wait 1 Seconds]
[Click On Imageview] --&gt; center_person_image
[Assert Element Exists] By ID --&gt; center_person_image
[Assert Element Exists] By ID &lt;-- FOUND!
[Wait 1 Seconds]
[Click On Textview] --&gt; ����
[Assert Element Exists] By Label --&gt; ����
[Assert Element Exists] By Label &lt;-- FOUND!
[Wait 1 Seconds]
[Click On Textview] --&gt; �˳���¼
[Assert Element Exists] By Label --&gt; �˳���¼
[Assert Element Exists] By Label &lt;-- FOUND!
[Wait 2 Seconds]
[Click On Textview] --&gt; ȷ��
[Assert Element Exists] By Label --&gt; ȷ��
[Assert Element Exists] By Label &lt;-- FOUND!
[Wait 1 Seconds]
[Click On Textview] --&gt; �����¼
[Assert Element Exists] By Label --&gt; �����¼
[Assert Element Exists] By Label &lt;-- FOUND!
[Wait 3 Seconds]
[Click On] --&gt; (//*[@class='android.widget.ImageView'])[5]
[Assert Element Exists] By XPATH --&gt; (//*[@class='android.widget.ImageView'])[5]
[Assert Element Exists] By XPATH &lt;-- FOUND!
[Wait 3 Seconds]
[Click On] --&gt; //*[@text='��¼']
[Assert Element Exists] By XPATH --&gt; //*[@text='��¼']
[Assert Element Exists] By XPATH &lt;-- FOUND!
[Wait 3 Seconds]
[Get Attr By Xpath] text --&gt; //*[@resource-id='com.cmcc.andedu_phone:id/mine_to_myset']
[Close App]
========================================= Test End ==========================================
=============================================================================================
=============================================================================================
======================================== Test Start =========================================
[Start App]
[Setup] Environment Init.
[Params] BrowserName = 
[Params] PlatformName = Android
[Params] DeviceName = 793QBDRJ2283V
[Params] UDID = 793QBDRJ2283V
[Params] PlatformVer = 7.0
[Params] Package = com.cmcc.andedu_phone
[Params] Activity = com.cmcc.andedu_phone.activity.guide.SplashActivity
[Params] Automation = uiautomator2
[Params] Appium URL = http://127.0.0.1:4723/wd/hub
[Setup] Start Appium.
[Setup] Set ImplicitlyWait = 30s.
[Setup] Set Screen Shot Range.
[Start Point](0, 0)
[Size](1440, 2472)
[Screenshot Range] Screenshot Range Element = android:id/content
[Screenshot Range] Screenshot Start At (0,0)
[Screenshot Range] Screenshot Width = 1440
[Screenshot Range] Screenshot Height = 2472
[Click On Radio] --&gt; ��ҳ
[Assert Element Exists] By Label --&gt; ��ҳ
[Assert Element Exists] By Label &lt;-- FOUND!
[Assert Enable] AssertUIObjectEnabledByLabel --&gt; ��ҳ
[Wait 1 Seconds]
[Click On Imageview] --&gt; center_person_image
[Assert Element Exists] By ID --&gt; center_person_image
[Assert Element Exists] By ID &lt;-- FOUND!
[Wait 1 Seconds]
[Click On Textview] --&gt; ����
[Assert Element Exists] By Label --&gt; ����
[Assert Element Exists] By Label &lt;-- FOUND!
[Wait 1 Seconds]
[Click On Textview] --&gt; �˳���¼
[Assert Element Exists] By Label --&gt; �˳���¼
[Assert Element Exists] By Label &lt;-- FOUND!
[Wait 2 Seconds]
[Click On Textview] --&gt; ȷ��
[Assert Element Exists] By Label --&gt; ȷ��
[Assert Element Exists] By Label &lt;-- FOUND!
[Wait 1 Seconds]
[Click On Textview] --&gt; �����¼
[Assert Element Exists] By Label --&gt; �����¼
[Assert Element Exists] By Label &lt;-- FOUND!
[Wait 3 Seconds]
[Click On] --&gt; (//*[@class='android.widget.ImageView'])[6]
[Assert Element Exists] By XPATH --&gt; (//*[@class='android.widget.ImageView'])[6]
[Assert Element Exists] By XPATH &lt;-- FOUND!
[Wait 3 Seconds]
[Get Attr By Xpath] text --&gt; //*[@resource-id='com.cmcc.andedu_phone:id/mine_to_myset']
[Close App]
========================================= Test End ==========================================
=============================================================================================
=============================================================================================
======================================== Test Start =========================================
[Start App]
[Setup] Environment Init.
[Params] BrowserName = 
[Params] PlatformName = Android
[Params] DeviceName = 793QBDRJ2283V
[Params] UDID = 793QBDRJ2283V
[Params] PlatformVer = 7.0
[Params] Package = com.cmcc.andedu_phone
[Params] Activity = com.cmcc.andedu_phone.activity.guide.SplashActivity
[Params] Automation = uiautomator2
[Params] Appium URL = http://127.0.0.1:4723/wd/hub
[Setup] Start Appium.
[Setup] Set ImplicitlyWait = 30s.
[Setup] Set Screen Shot Range.
[Start Point](0, 0)
[Size](1440, 2472)
[Screenshot Range] Screenshot Range Element = android:id/content
[Screenshot Range] Screenshot Start At (0,0)
[Screenshot Range] Screenshot Width = 1440
[Screenshot Range] Screenshot Height = 2472
[Click On Radio] --&gt; ��ҳ
[Assert Element Exists] By Label --&gt; ��ҳ
[Assert Element Exists] By Label &lt;-- FOUND!
[Assert Enable] AssertUIObjectEnabledByLabel --&gt; ��ҳ
[Wait 1 Seconds]
[Click On Imageview] --&gt; center_person_image
[Assert Element Exists] By ID --&gt; center_person_image
[Assert Element Exists] By ID &lt;-- FOUND!
[Wait 1 Seconds]
[Click On Textview] --&gt; ����
[Assert Element Exists] By Label --&gt; ����
[Assert Element Exists] By Label &lt;-- FOUND!
[Wait 1 Seconds]
[Click On Textview] --&gt; �˳���¼
[Assert Element Exists] By Label --&gt; �˳���¼
</stdOut>
    <stdErr>org.openqa.selenium.NoSuchElementException: An element could not be located on the page using the given search parameters. (WARNING: The server did not provide any stacktrace information)
Command duration or timeout: 30.29 seconds
For documentation on this error, please visit: http://seleniumhq.org/exceptions/no_such_element.html
Build info: version: '2.44.0', revision: '76d78cf', time: '2014-10-23 20:03:00'
System info: host: 'LAPTOP-J4LST1G3', ip: '10.2.84.94', os.name: 'Windows 10', os.arch: 'amd64', os.version: '10.0', java.version: '1.8.0_65'
Driver info: io.appium.java_client.AppiumDriver
Capabilities [{appPackage=com.cmcc.andedu_phone, recreateChromeDriverSessions=True, noReset=true, deviceName=793QBDRJ2283V, platform=ANY, appActivity=com.cmcc.andedu_phone.activity.guide.SplashActivity, platformVersion=7.0, automationName=uiautomator2, browserName=, unicodeKeyboard=true, platformName=Android, udid=793QBDRJ2283V, resetKeyboard=true}]
Session ID: 4d482609-2e1b-4006-a620-e9c4334d881d
	at sun.reflect.NativeConstructorAccessorImpl.newInstance0(Native Method)
	at sun.reflect.NativeConstructorAccessorImpl.newInstance(NativeConstructorAccessorImpl.java:62)
	at sun.reflect.DelegatingConstructorAccessorImpl.newInstance(DelegatingConstructorAccessorImpl.java:45)
	at java.lang.reflect.Constructor.newInstance(Constructor.java:422)
	at org.openqa.selenium.remote.ErrorHandler.createThrowable(ErrorHandler.java:204)
	at org.openqa.selenium.remote.ErrorHandler.throwIfResponseFailed(ErrorHandler.java:156)
	at org.openqa.selenium.remote.RemoteWebDriver.execute(RemoteWebDriver.java:599)
	at io.appium.java_client.AppiumDriver.execute(AppiumDriver.java:81)
	at org.openqa.selenium.remote.RemoteWebDriver.findElement(RemoteWebDriver.java:352)
	at org.openqa.selenium.remote.RemoteWebDriver.findElementByXPath(RemoteWebDriver.java:449)
	at com.qt.AppDriver.GUI.UIObject.getAttributeByXPATH(UIObject.java:301)
	at com.qt.AppDriver.Library.DataLibrary.getAttrByXpath(DataLibrary.java:151)
	at com.qt.AppDriver.AppDriver.getAttrByXpath(AppDriver.java:811)
	at sun.reflect.NativeMethodAccessorImpl.invoke0(Native Method)
	at sun.reflect.NativeMethodAccessorImpl.invoke(NativeMethodAccessorImpl.java:62)
	at sun.reflect.DelegatingMethodAccessorImpl.invoke(DelegatingMethodAccessorImpl.java:43)
	at java.lang.reflect.Method.invoke(Method.java:497)
	at fitnesse.slim.fixtureInteraction.DefaultInteraction.methodInvoke(DefaultInteraction.java:147)
	at fitnesse.slim.fixtureInteraction.DefaultInteraction.callMethod(DefaultInteraction.java:132)
	at fitnesse.slim.fixtureInteraction.DefaultInteraction.invokeMethod(DefaultInteraction.java:114)
	at fitnesse.slim.fixtureInteraction.DefaultInteraction.findAndInvoke(DefaultInteraction.java:92)
	at fitnesse.slim.MethodExecutor.findAndInvoke(MethodExecutor.java:18)
	at fitnesse.slim.FixtureMethodExecutor.execute(FixtureMethodExecutor.java:18)
	at fitnesse.slim.StatementExecutor.getMethodExecutionResult(StatementExecutor.java:130)
	at fitnesse.slim.StatementExecutor.call(StatementExecutor.java:103)
	at fitnesse.slim.instructions.CallInstruction.executeInternal(CallInstruction.java:35)
	at fitnesse.slim.instructions.Instruction.execute(Instruction.java:29)
	at fitnesse.slim.ListExecutor$Executive.executeStatement(ListExecutor.java:49)
	at fitnesse.slim.ListExecutor$Executive.executeStatements(ListExecutor.java:43)
	at fitnesse.slim.ListExecutor.execute(ListExecutor.java:85)
	at fitnesse.slim.SlimServer.executeInstructions(SlimServer.java:82)
	at fitnesse.slim.SlimServer.processOneSetOfInstructions(SlimServer.java:75)
	at fitnesse.slim.SlimServer.tryProcessInstructions(SlimServer.java:62)
	at fitnesse.slim.SlimServer.serve(SlimServer.java:47)
	at fitnesse.slim.SlimService.handle(SlimService.java:168)
	at fitnesse.slim.SlimService.acceptOne(SlimService.java:176)
	at fitnesse.slim.SlimService.accept(SlimService.java:138)
	at fitnesse.slim.SlimService.startWithFactory(SlimService.java:91)
	at fitnesse.slim.SlimService.main(SlimService.java:56)
</stdErr>
    <exception>Could not send/receive data with SUT</exception>
    <exception>fitnesse.testsystems.slim.SlimCommunicationException: Could not send/receive data with SUT</exception>
  </executionLog>
  <finalCounts>
    <right>1</right>
    <wrong>1</wrong>
    <ignores>0</ignores>
    <exceptions>1</exceptions>
  </finalCounts>
  <totalRunTimeInMillis>157590</totalRunTimeInMillis>
</suiteResults>

